Removed Pin From Net: NetName=VCC3.3 Pin=C1-2
Removed Pin From Net: NetName=VCC3.3 Pin=C2-2
Removed Pin From Net: NetName=VCC3.3 Pin=C3-2
Removed Pin From Net: NetName=VCC3.3 Pin=C4-2
Removed Pin From Net: NetName=GND Pin=C5-1
Removed Pin From Net: NetName=VCC3.3 Pin=C5-2
Removed Pin From Net: NetName=GND Pin=C6-1
Removed Pin From Net: NetName=VCC3.3 Pin=C6-2
Removed Pin From Net: NetName=VCC3.3 Pin=C7-2
Removed Pin From Net: NetName=VCC3.3 Pin=C8-2
Removed Pin From Net: NetName=VCC3.3 Pin=C9-2
Removed Pin From Net: NetName=VCC3.3 Pin=C10-2
Removed Pin From Net: NetName=VCC3.3 Pin=C11-2
Removed Pin From Net: NetName=GND Pin=C12-1
Removed Pin From Net: NetName=VCC3.3 Pin=C12-2
Removed Pin From Net: NetName=VCC1.2 Pin=C13-2
Removed Pin From Net: NetName=VCC1.2 Pin=C14-2
Removed Pin From Net: NetName=GND Pin=C15-1
Removed Pin From Net: NetName=VCC1.2 Pin=C15-2
Removed Pin From Net: NetName=VCC1.2 Pin=C16-2
Removed Pin From Net: NetName=GND Pin=C17-1
Removed Pin From Net: NetName=VCC1.2 Pin=C17-2
Removed Pin From Net: NetName=GND Pin=C18-1
Removed Pin From Net: NetName=VCC1.2 Pin=C18-2
Removed Pin From Net: NetName=VCC1.2 Pin=C19-2
Removed Pin From Net: NetName=VCC1.2 Pin=C20-2
Removed Pin From Net: NetName=VCC1.2 Pin=C21-2
Removed Pin From Net: NetName=VCC2.5 Pin=C22-2
Removed Pin From Net: NetName=VCC2.5 Pin=C23-2
Removed Pin From Net: NetName=RESET Pin=C24-2
Removed Pin From Net: NetName=VCC3.3 Pin=C26-1
Removed Pin From Net: NetName=VCC3.3 Pin=C27-1
Removed Pin From Net: NetName=VCC3.3 Pin=C28-1
Removed Pin From Net: NetName=VCC3.3 Pin=C29-1
Removed Pin From Net: NetName=VCC3.3 Pin=C30-1
Removed Pin From Net: NetName=5V Pin=C31-1
Removed Pin From Net: NetName=VCC1.2 Pin=C32-1
Removed Pin From Net: NetName=GND Pin=C32-2
Removed Pin From Net: NetName=VCC1.2 Pin=C33-1
Removed Pin From Net: NetName=VCC2.5 Pin=C34-1
Removed Pin From Net: NetName=VCC2.5 Pin=C35-2
Removed Pin From Net: NetName=113 Pin=J2-2
Removed Pin From Net: NetName=111 Pin=J2-3
Removed Pin From Net: NetName=106 Pin=J2-4
Removed Pin From Net: NetName=104 Pin=J2-5
Removed Pin From Net: NetName=101 Pin=J2-6
Removed Pin From Net: NetName=99 Pin=J2-7
Removed Pin From Net: NetName=87 Pin=J2-8
Removed Pin From Net: NetName=112 Pin=J2-10
Removed Pin From Net: NetName=110 Pin=J2-11
Removed Pin From Net: NetName=105 Pin=J2-12
Removed Pin From Net: NetName=103 Pin=J2-13
Removed Pin From Net: NetName=100 Pin=J2-14
Removed Pin From Net: NetName=98 Pin=J2-15
Removed Pin From Net: NetName=GND Pin=J2-16
Removed Pin From Net: NetName=66 Pin=J3-1
Removed Pin From Net: NetName=64 Pin=J3-2
Removed Pin From Net: NetName=59 Pin=J3-3
Removed Pin From Net: NetName=55 Pin=J3-4
Removed Pin From Net: NetName=53 Pin=J3-5
Removed Pin From Net: NetName=51 Pin=J3-6
Removed Pin From Net: NetName=49 Pin=J3-7
Removed Pin From Net: NetName=44 Pin=J3-8
Removed Pin From Net: NetName=42 Pin=J3-9
Removed Pin From Net: NetName=38 Pin=J3-10
Removed Pin From Net: NetName=33 Pin=J3-11
Removed Pin From Net: NetName=31 Pin=J3-12
Removed Pin From Net: NetName=28 Pin=J3-13
Removed Pin From Net: NetName=65 Pin=J3-14
Removed Pin From Net: NetName=60 Pin=J3-15
Removed Pin From Net: NetName=58 Pin=J3-16
Removed Pin From Net: NetName=54 Pin=J3-17
Removed Pin From Net: NetName=52 Pin=J3-18
Removed Pin From Net: NetName=50 Pin=J3-19
Removed Pin From Net: NetName=46 Pin=J3-20
Removed Pin From Net: NetName=43 Pin=J3-21
Removed Pin From Net: NetName=39 Pin=J3-22
Removed Pin From Net: NetName=34 Pin=J3-23
Removed Pin From Net: NetName=32 Pin=J3-24
Removed Pin From Net: NetName=30 Pin=J3-25
Removed Pin From Net: NetName=5V Pin=J3-26
Removed Pin From Net: NetName=67 Pin=J4-1
Removed Pin From Net: NetName=69 Pin=J4-2
Removed Pin From Net: NetName=71 Pin=J4-3
Removed Pin From Net: NetName=73 Pin=J4-4
Removed Pin From Net: NetName=75 Pin=J4-5
Removed Pin From Net: NetName=77 Pin=J4-6
Removed Pin From Net: NetName=83 Pin=J4-7
Removed Pin From Net: NetName=85 Pin=J4-8
Removed Pin From Net: NetName=68 Pin=J4-9
Removed Pin From Net: NetName=70 Pin=J4-10
Removed Pin From Net: NetName=72 Pin=J4-11
Removed Pin From Net: NetName=74 Pin=J4-12
Removed Pin From Net: NetName=76 Pin=J4-13
Removed Pin From Net: NetName=80 Pin=J4-14
Removed Pin From Net: NetName=84 Pin=J4-15
Removed Pin From Net: NetName=86 Pin=J4-16
Removed Pin From Net: NetName=5V Pin=P1-1
Removed Pin From Net: NetName=NetQ1_2 Pin=Q1-2
Removed Pin From Net: NetName=NetD2_2 Pin=Q1-3
Removed Pin From Net: NetName=RESET Pin=R1-1
Removed Pin From Net: NetName=VCC3.3 Pin=R1-2
Removed Pin From Net: NetName=NetD1_2 Pin=R3-1
Removed Pin From Net: NetName=VCC3.3 Pin=R6-1
Removed Pin From Net: NetName=NetEP1_92 Pin=R6-2
Removed Pin From Net: NetName=VCC3.3 Pin=R7-1
Removed Pin From Net: NetName=NetD2_1 Pin=R7-2
Removed Pin From Net: NetName=NetEP1_92 Pin=R8-1
Removed Pin From Net: NetName=NetQ1_2 Pin=R8-2
Removed Member From Class: ClassName=part_2 Member=J3
Removed Member From Class: ClassName=part_2 Member=J4
Added Pin To Net: NetName=GND Pin=C1-1
Added Pin To Net: NetName=NetC1_2 Pin=C1-2
Added Pin To Net: NetName=VCC3.3 Pin=C1-2
Added Pin To Net: NetName=GND Pin=C2-1
Added Pin To Net: NetName=NetC1_2 Pin=C2-2
Added Pin To Net: NetName=VCC3.3 Pin=C2-2
Added Pin To Net: NetName=GND Pin=C3-1
Added Pin To Net: NetName=NetC2_1 Pin=C3-2
Added Pin To Net: NetName=VCC3.3 Pin=C3-2
Added Pin To Net: NetName=GND Pin=C4-1
Added Pin To Net: NetName=NetC3_1 Pin=C4-2
Added Pin To Net: NetName=VCC3.3 Pin=C4-2
Added Pin To Net: NetName=+5 Pin=C5-1
Added Pin To Net: NetName=GND Pin=C5-1
Added Pin To Net: NetName=GND Pin=C5-2
Added Pin To Net: NetName=VCC3.3 Pin=C5-2
Added Pin To Net: NetName=-5 Pin=C6-1
Added Pin To Net: NetName=GND Pin=C6-1
Added Pin To Net: NetName=GND Pin=C6-2
Added Pin To Net: NetName=VCC3.3 Pin=C6-2
Added Pin To Net: NetName=+5 Pin=C7-2
Added Pin To Net: NetName=-5 Pin=C8-2
Added Pin To Net: NetName=GND Pin=C9-2
Added Pin To Net: NetName=-5 Pin=C10-2
Added Pin To Net: NetName=+5 Pin=C11-2
Added Pin To Net: NetName=NetC12_1 Pin=C12-1
Added Pin To Net: NetName=GND Pin=C12-2
Added Pin To Net: NetName=GND Pin=C13-1
Added Pin To Net: NetName=NetC13_2 Pin=C13-2
Added Pin To Net: NetName=VCC1.2 Pin=C13-2
Added Pin To Net: NetName=GND Pin=C14-1
Added Pin To Net: NetName=NetC13_2 Pin=C14-2
Added Pin To Net: NetName=VCC1.2 Pin=C14-2
Added Pin To Net: NetName=GND Pin=C15-1
Added Pin To Net: NetName=NetC15_1 Pin=C15-1
Added Pin To Net: NetName=NetC14_1 Pin=C15-2
Added Pin To Net: NetName=VCC1.2 Pin=C15-2
Added Pin To Net: NetName=GND Pin=C16-1
Added Pin To Net: NetName=NetC15_1 Pin=C16-2
Added Pin To Net: NetName=VCC1.2 Pin=C16-2
Added Pin To Net: NetName=-5 Pin=C17-1
Added Pin To Net: NetName=GND Pin=C17-1
Added Pin To Net: NetName=GND Pin=C17-2
Added Pin To Net: NetName=VCC1.2 Pin=C17-2
Added Pin To Net: NetName=+5 Pin=C18-1
Added Pin To Net: NetName=GND Pin=C18-1
Added Pin To Net: NetName=GND Pin=C18-2
Added Pin To Net: NetName=VCC1.2 Pin=C18-2
Added Pin To Net: NetName=+5 Pin=C19-2
Added Pin To Net: NetName=-5 Pin=C20-2
Added Pin To Net: NetName=-5 Pin=C21-2
Added Pin To Net: NetName=GND Pin=C22-1
Added Pin To Net: NetName=+5 Pin=C22-2
Added Pin To Net: NetName=VCC2.5 Pin=C22-2
Added Pin To Net: NetName=GND Pin=C23-1
Added Pin To Net: NetName=GND Pin=C23-2
Added Pin To Net: NetName=VCC2.5 Pin=C23-2
Added Pin To Net: NetName=GND Pin=C24-1
Added Pin To Net: NetName=GND Pin=C24-2
Added Pin To Net: NetName=RESET Pin=C24-2
Added Pin To Net: NetName=NetC26_1 Pin=C26-1
Added Pin To Net: NetName=VCC3.3 Pin=C26-1
Added Pin To Net: NetName=GND Pin=C26-2
Added Pin To Net: NetName=NetC27_1 Pin=C27-1
Added Pin To Net: NetName=VCC3.3 Pin=C27-1
Added Pin To Net: NetName=GND Pin=C27-2
Added Pin To Net: NetName=NetC28_1 Pin=C28-1
Added Pin To Net: NetName=VCC3.3 Pin=C28-1
Added Pin To Net: NetName=GND Pin=C28-2
Added Pin To Net: NetName=NetC29_1 Pin=C29-1
Added Pin To Net: NetName=VCC3.3 Pin=C29-1
Added Pin To Net: NetName=GND Pin=C29-2
Added Pin To Net: NetName=+3.3 Pin=C30-1
Added Pin To Net: NetName=VCC3.3 Pin=C30-1
Added Pin To Net: NetName=GND Pin=C30-2
Added Pin To Net: NetName=5V Pin=C31-1
Added Pin To Net: NetName=+3.3 Pin=C31-1
Added Pin To Net: NetName=GND Pin=C31-2
Added Pin To Net: NetName=GND Pin=C32-1
Added Pin To Net: NetName=VCC1.2 Pin=C32-1
Added Pin To Net: NetName=+5 Pin=C32-2
Added Pin To Net: NetName=GND Pin=C32-2
Added Pin To Net: NetName=GND Pin=C33-1
Added Pin To Net: NetName=VCC1.2 Pin=C33-1
Added Pin To Net: NetName=GND Pin=C33-2
Added Pin To Net: NetName=GND Pin=C34-1
Added Pin To Net: NetName=VCC2.5 Pin=C34-1
Added Pin To Net: NetName=GND Pin=C34-2
Added Pin To Net: NetName=GND Pin=C35-1
Added Pin To Net: NetName=-5 Pin=C35-2
Added Pin To Net: NetName=VCC2.5 Pin=C35-2
Added Pin To Net: NetName=5V Pin=P1-1
Added Pin To Net: NetName=NetC1_1 Pin=P1-1
Added Pin To Net: NetName=GND Pin=P1-2
Added Pin To Net: NetName=GND Pin=P1-2
Added Pin To Net: NetName=GND Pin=P1-2
Added Pin To Net: NetName=GND Pin=Q1-1
Added Pin To Net: NetName=NetQ1_2 Pin=Q1-2
Added Pin To Net: NetName=NetD2_2 Pin=Q1-3
Added Pin To Net: NetName=NetQ1_3 Pin=Q1-3
Added Pin To Net: NetName=NetC2_1 Pin=R1-1
Added Pin To Net: NetName=RESET Pin=R1-1
Added Pin To Net: NetName=NetC1_2 Pin=R1-2
Added Pin To Net: NetName=VCC3.3 Pin=R1-2
Added Pin To Net: NetName=NetC3_1 Pin=R3-1
Added Pin To Net: NetName=NetD1_2 Pin=R3-1
Added Pin To Net: NetName=GND Pin=R3-2
Added Pin To Net: NetName=NetR6_1 Pin=R6-1
Added Pin To Net: NetName=VCC3.3 Pin=R6-1
Added Pin To Net: NetName=NetEP1_92 Pin=R6-2
Added Pin To Net: NetName=NetR6_2 Pin=R6-2
Added Pin To Net: NetName=NetR7_1 Pin=R7-1
Added Pin To Net: NetName=VCC3.3 Pin=R7-1
Added Pin To Net: NetName=NetD2_1 Pin=R7-2
Added Pin To Net: NetName=NetR7_2 Pin=R7-2
Added Pin To Net: NetName=CH1_VAMP Pin=R8-1
Added Pin To Net: NetName=NetEP1_92 Pin=R8-1
Added Pin To Net: NetName=NetC9_1 Pin=R8-2
Added Pin To Net: NetName=NetQ1_2 Pin=R8-2
Added Room: Name=NEW_FPGA
Added Room: Name=part_2
Added Room: Name=示波器原理图2
Added Room: Name=示波器原理图3
Added Room: Name=示波器原理图5
Added Room: Name=示波器原理图
