Removed Pin From Net: NetName=AD_DB0 Pin=EP1-38
Removed Pin From Net: NetName=AD_DB1 Pin=EP1-39
Removed Pin From Net: NetName=AD_DB2 Pin=EP1-42
Removed Pin From Net: NetName=AD_DB3 Pin=EP1-43
Removed Pin From Net: NetName=AD_DB4 Pin=EP1-44
Removed Pin From Net: NetName=AD_DB5 Pin=EP1-46
Removed Pin From Net: NetName=AD_DB6 Pin=EP1-49
Removed Pin From Net: NetName=AD_DB7 Pin=EP1-50
Removed Pin From Net: NetName=5V Pin=P1-1
Added Component: Designator=C100(PCBComponent_1)
Added Pin To Net: NetName=GND Pin=C100-1
Added Pin To Net: NetName=VCC3.3 Pin=C100-2
Added Pin To Net: NetName=5V Pin=P1-1
Added Pin To Net: NetName=NetC1_1 Pin=P1-1
Added Pin To Net: NetName=GND Pin=P1-2
Added Pin To Net: NetName=GND Pin=P1-2
Added Pin To Net: NetName=GND Pin=P1-2
Added Member To Class: ClassName=part_2 Member=Component C100 
Added Room: Name=NEW_FPGA
Added Room: Name=part_2
Added Room: Name=示波器原理图2
Added Room: Name=示波器原理图3
Added Room: Name=示波器原理图5
Added Room: Name=示波器原理图
