Removed Pin From Net: NetName=Net_1 Pin=-1
Removed Pin From Net: NetName=Net_3 Pin=-3
Removed Pin From Net: NetName=Net_4 Pin=-4
Removed Pin From Net: NetName=NetC12_1 Pin=C12-1
Removed Pin From Net: NetName=CH2 ATT Pin=P3-1
Removed Pin From Net: NetName=CH2 ATT Pin=P3-2
Removed Pin From Net: NetName=CH2 ACDC Pin=P4-1
Removed Pin From Net: NetName=CH2 ACDC Pin=P4-2
Removed Pin From Net: NetName=CH2_VPOS Pin=P5-1
Removed Pin From Net: NetName=CH2_VPOS Pin=P5-2
Removed Pin From Net: NetName=AD_CH2 Pin=P7-1
Removed Pin From Net: NetName=AD_CH2 Pin=P7-2
Removed Pin From Net: NetName=NetC23_1 Pin=R8-2
Removed Pin From Net: NetName=NetU16_1 Pin=U16-1
Removed Pin From Net: NetName=-5 Pin=U16-2
Removed Pin From Net: NetName=NetR19_1 Pin=U16-3
Removed Pin From Net: NetName=NetU16_1 Pin=U16-4
Removed Pin From Net: NetName=+5 Pin=U16-5
Removed Member From Class: ClassName=示波器原理图 Member=U18
Added Component: Designator=P13(HDR1X2)
Added Component: Designator=P14(HDR1X2)
Added Component: Designator=P15(HDR1X2)
Added Component: Designator=P16(HDR1X2)
Added Component: Designator=P17(HDR1X2)
Added Pin To Net: NetName=Net_1 Pin=-1
Added Pin To Net: NetName=Net_1 Pin=-1
Added Pin To Net: NetName=GND Pin=-2
Added Pin To Net: NetName=Net_3 Pin=-3
Added Pin To Net: NetName=Net_3 Pin=-3
Added Pin To Net: NetName=Net_4 Pin=-4
Added Pin To Net: NetName=Net_4 Pin=-4
Added Pin To Net: NetName=NetC12_1 Pin=C12-1
Added Pin To Net: NetName=NetC12_1 Pin=C12-1
Added Pin To Net: NetName=GND Pin=C12-2
Added Pin To Net: NetName=CH1 ATT Pin=P3-1
Added Pin To Net: NetName=CH1 ATT Pin=P3-2
Added Pin To Net: NetName=CH1 ACDC Pin=P4-1
Added Pin To Net: NetName=CH1 ACDC Pin=P4-2
Added Pin To Net: NetName=CH1_VPOS Pin=P5-1
Added Pin To Net: NetName=CH1_VPOS Pin=P5-2
Added Pin To Net: NetName=AD_CH1 Pin=P7-1
Added Pin To Net: NetName=AD_CH1 Pin=P7-2
Added Pin To Net: NetName=CH2 ATT Pin=P13-1
Added Pin To Net: NetName=CH2 ATT Pin=P13-2
Added Pin To Net: NetName=CH2 ACDC Pin=P14-1
Added Pin To Net: NetName=CH2 ACDC Pin=P14-2
Added Pin To Net: NetName=CH2_VPOS Pin=P15-1
Added Pin To Net: NetName=CH2_VPOS Pin=P15-2
Added Pin To Net: NetName=CH1_VPMS Pin=P16-1
Added Pin To Net: NetName=CH1_VPMS Pin=P16-2
Added Pin To Net: NetName=AD_CH2 Pin=P17-1
Added Pin To Net: NetName=AD_CH2 Pin=P17-2
Added Pin To Net: NetName=CH1_VPMS Pin=R8-1
Added Pin To Net: NetName=NetC9_1 Pin=R8-2
Added Pin To Net: NetName=NetC23_1 Pin=R8-2
Added Pin To Net: NetName=NetR36_2 Pin=U16-1
Added Pin To Net: NetName=NetU16_1 Pin=U16-1
Added Pin To Net: NetName=-5 Pin=U16-2
Added Pin To Net: NetName=NetR35_2 Pin=U16-2
Added Pin To Net: NetName=GND Pin=U16-3
Added Pin To Net: NetName=NetR19_1 Pin=U16-3
Added Pin To Net: NetName=-5V Pin=U16-4
Added Pin To Net: NetName=NetU16_1 Pin=U16-4
Added Pin To Net: NetName=+5 Pin=U16-5
Added Pin To Net: NetName=GND Pin=U16-5
Change Net Name : Old Net Name=CH1_VPMS New Net Name=CH2_VPMS
Change Net Name : Old Net Name=CH2_VPMS New Net Name=CH1_VPMS
Added Member To Class: ClassName=示波器原理图2 Member=Component P13 Header 2
Added Member To Class: ClassName=示波器原理图2 Member=Component P14 Header 2
Added Member To Class: ClassName=示波器原理图2 Member=Component P15 Header 2
Added Member To Class: ClassName=示波器原理图2 Member=Component P16 Header 2
Added Member To Class: ClassName=示波器原理图2 Member=Component P17 Header 2
Added Member To Class: ClassName=示波器原理图 Member=Component  CPC1017N
Added Room: Name=示波器原理图2
Added Room: Name=示波器原理图3
Added Room: Name=示波器原理图
