Removed Pin From Net: NetName=GND Pin=U1-1
Removed Pin From Net: NetName=GND Pin=U1-4
Removed Pin From Net: NetName=NetC25_1 Pin=U1-5
Removed Pin From Net: NetName=NetC25_1 Pin=U1-6
Removed Pin From Net: NetName=NetC25_1 Pin=U1-7
Removed Pin From Net: NetName=+3.3 Pin=U1-8
Removed Pin From Net: NetName=AD_S Pin=U1-9
Removed Pin From Net: NetName=NetC26_1 Pin=U1-10
Removed Pin From Net: NetName=NetRE3_3 Pin=U1-11
Removed Pin From Net: NetName=GND Pin=U1-12
Removed Pin From Net: NetName=NetC29_1 Pin=U1-13
Removed Pin From Net: NetName=NetR39_1 Pin=U1-14
Removed Pin From Net: NetName=NetC23_1 Pin=U17-1
Removed Pin From Net: NetName=VREF Pin=U17-2
Removed Pin From Net: NetName=NetU17_3 Pin=U17-3
Removed Pin From Net: NetName=NetR20_2 Pin=U17-5
Removed Pin From Net: NetName=-5 Pin=U17-6
Removed Pin From Net: NetName=NetR20_1 Pin=U17-7
Removed Pin From Net: NetName=+5 Pin=U17-8
Removed Member From Class: ClassName=示波器原理图2 Member=U17
Change Component Comment : Designator=U1 Old Comment= New Comment=TL074D
Change Component Comment : Designator=U17 Old Comment=AD603AR New Comment=
Added Pin To Net: NetName=CH1_VAMP Pin=U1-1
Added Pin To Net: NetName=+5 Pin=U1-4
Added Pin To Net: NetName=NetC38_1 Pin=U1-5
Added Pin To Net: NetName=NetR33_1 Pin=U1-6
Added Pin To Net: NetName=NetR33_1 Pin=U1-7
Added Pin To Net: NetName=NetR35_1 Pin=U1-8
Added Pin To Net: NetName=NetR35_1 Pin=U1-9
Added Pin To Net: NetName=NetC39_1 Pin=U1-10
Added Pin To Net: NetName=-5 Pin=U1-11
Added Pin To Net: NetName=NetC40_1 Pin=U1-12
Added Pin To Net: NetName=NetU1_13 Pin=U1-13
Added Pin To Net: NetName=NetU1_13 Pin=U1-14
Added Pin To Net: NetName=GND Pin=U17-1
Added Pin To Net: NetName=NetC23_1 Pin=U17-1
Added Pin To Net: NetName=AD_CH1 Pin=U17-2
Added Pin To Net: NetName=VREF Pin=U17-2
Added Pin To Net: NetName=NetC27_1 Pin=U17-3
Added Pin To Net: NetName=NetU17_3 Pin=U17-3
Added Pin To Net: NetName=GND Pin=U17-4
Added Pin To Net: NetName=NetC25_1 Pin=U17-5
Added Pin To Net: NetName=NetR20_2 Pin=U17-5
Added Pin To Net: NetName=-5 Pin=U17-6
Added Pin To Net: NetName=NetC25_1 Pin=U17-6
Added Pin To Net: NetName=NetC25_1 Pin=U17-7
Added Pin To Net: NetName=NetR20_1 Pin=U17-7
Added Pin To Net: NetName=+3.3 Pin=U17-8
Added Pin To Net: NetName=+5 Pin=U17-8
Added Member To Class: ClassName=示波器原理图3 Member=Component U1 TL074D
Added Member To Class: ClassName=示波器原理图5 Member=Component U17 
Added Room: Name=示波器原理图2
Added Room: Name=示波器原理图3
Added Room: Name=示波器原理图5
Added Room: Name=示波器原理图
