Removed Pin From Net: NetName=NetC13_1 Pin=C13-1
Removed Pin From Net: NetName=NetC13_1 Pin=P2-1
Removed Pin From Net: NetName=CH2 ATT Pin=P3-1
Removed Pin From Net: NetName=CH2 ATT Pin=P3-2
Removed Pin From Net: NetName=CH2 ACDC Pin=P4-1
Removed Pin From Net: NetName=CH2 ACDC Pin=P4-2
Removed Pin From Net: NetName=CH2_VPOS Pin=P5-1
Removed Pin From Net: NetName=CH2_VPOS Pin=P5-2
Removed Pin From Net: NetName=AD_CH2 Pin=P7-1
Removed Pin From Net: NetName=AD_CH2 Pin=P7-2
Removed Pin From Net: NetName=NetC23_1 Pin=R8-2
Removed Pin From Net: NetName=NetR13_2 Pin=R13-2
Removed Pin From Net: NetName=NetR26_2 Pin=R26-2
Removed Pin From Net: NetName=NetR26_2 Pin=RE1-1
Removed Pin From Net: NetName=GND Pin=RE1-2
Removed Pin From Net: NetName=NetC13_2 Pin=RE1-3
Removed Pin From Net: NetName=NetC13_1 Pin=RE1-4
Removed Pin From Net: NetName=NetC15_1 Pin=RE2-7
Removed Pin From Net: NetName=NetR19_2 Pin=RE2-8
Removed Pin From Net: NetName=NetC14_1 Pin=RE2-9
Removed Pin From Net: NetName=NetQ2_3 Pin=RE2-10
Removed Pin From Net: NetName=NetC23_1 Pin=U2-1
Removed Pin From Net: NetName=NetR20_2 Pin=U2-5
Removed Pin From Net: NetName=NetR20_1 Pin=U2-7
Removed Pin From Net: NetName=NetR19_1 Pin=U6-3
Removed Pin From Net: NetName=NetR22_1 Pin=U-1
Removed Pin From Net: NetName=NetR20_1 Pin=U-3
Removed Pin From Net: NetName=NetR22_2 Pin=U-4
Removed Member From Class: ClassName=示波器原理图 Member=C13
Removed Member From Class: ClassName=示波器原理图 Member=C14
Removed Member From Class: ClassName=示波器原理图 Member=C15
Removed Member From Class: ClassName=示波器原理图 Member=C16
Removed Member From Class: ClassName=示波器原理图 Member=C17
Removed Member From Class: ClassName=示波器原理图 Member=C18
Removed Member From Class: ClassName=示波器原理图 Member=C19
Removed Member From Class: ClassName=示波器原理图 Member=C20
Removed Member From Class: ClassName=示波器原理图 Member=C21
Removed Member From Class: ClassName=示波器原理图 Member=C22
Removed Member From Class: ClassName=示波器原理图 Member=Q2
Removed Member From Class: ClassName=示波器原理图 Member=R17
Removed Member From Class: ClassName=示波器原理图 Member=R18
Removed Member From Class: ClassName=示波器原理图 Member=R19
Removed Member From Class: ClassName=示波器原理图 Member=R20
Removed Member From Class: ClassName=示波器原理图 Member=R22
Removed Member From Class: ClassName=示波器原理图 Member=R23
Removed Member From Class: ClassName=示波器原理图 Member=R24
Removed Member From Class: ClassName=示波器原理图 Member=R25
Removed Member From Class: ClassName=示波器原理图 Member=R26
Removed Member From Class: ClassName=示波器原理图 Member=RE2
Removed Member From Class: ClassName=示波器原理图 Member=RE2
Change Component Designator: OldDesignator=RE2 NewDesignator=RE1
Added Component: Designator=RE2(PCBComponent_1)
Added Component: Designator=(SOP254P610X218-4N)
Added Pin To Net: NetName=CH1_VPMS Pin=-1
Added Pin To Net: NetName=NetC13_1 Pin=-1
Added Pin To Net: NetName=GND Pin=-2
Added Pin To Net: NetName=GND Pin=-2
Added Pin To Net: NetName=NetC1_2 Pin=-3
Added Pin To Net: NetName=NetC13_2 Pin=-3
Added Pin To Net: NetName=NetC1_1 Pin=-4
Added Pin To Net: NetName=NetR13_2 Pin=-4
Added Pin To Net: NetName=NetR26_2 Pin=C12-1
Added Pin To Net: NetName=GND Pin=C12-2
Added Pin To Net: NetName=NetR13_2 Pin=C13-1
Added Pin To Net: NetName=NetR13_2 Pin=P2-1
Added Pin To Net: NetName=CH1 ATT Pin=P3-1
Added Pin To Net: NetName=CH2 ATT Pin=P3-1
Added Pin To Net: NetName=CH1 ATT Pin=P3-2
Added Pin To Net: NetName=CH2 ATT Pin=P3-2
Added Pin To Net: NetName=CH1 ACDC Pin=P4-1
Added Pin To Net: NetName=CH2 ACDC Pin=P4-1
Added Pin To Net: NetName=CH1 ACDC Pin=P4-2
Added Pin To Net: NetName=CH2 ACDC Pin=P4-2
Added Pin To Net: NetName=CH1_VPOS Pin=P5-1
Added Pin To Net: NetName=CH2_VPOS Pin=P5-1
Added Pin To Net: NetName=CH1_VPOS Pin=P5-2
Added Pin To Net: NetName=CH2_VPOS Pin=P5-2
Added Pin To Net: NetName=AD_CH1 Pin=P7-1
Added Pin To Net: NetName=AD_CH2 Pin=P7-1
Added Pin To Net: NetName=AD_CH1 Pin=P7-2
Added Pin To Net: NetName=AD_CH2 Pin=P7-2
Added Pin To Net: NetName=NetC9_1 Pin=R8-2
Added Pin To Net: NetName=NetC23_1 Pin=R8-2
Added Pin To Net: NetName=CH1_VPMS Pin=R13-2
Added Pin To Net: NetName=NetR26_2 Pin=R23-1
Added Pin To Net: NetName=NetR26_2 Pin=R24-2
Added Pin To Net: NetName=NetC13_1 Pin=R26-2
Added Pin To Net: NetName=NetC3_1 Pin=RE1-7
Added Pin To Net: NetName=NetR6_2 Pin=RE1-8
Added Pin To Net: NetName=NetC2_1 Pin=RE1-9
Added Pin To Net: NetName=NetQ1_3 Pin=RE1-10
Added Pin To Net: NetName=+5 Pin=RE2-1
Added Pin To Net: NetName=NetC15_1 Pin=RE2-7
Added Pin To Net: NetName=NetR19_2 Pin=RE2-8
Added Pin To Net: NetName=NetC14_1 Pin=RE2-9
Added Pin To Net: NetName=NetQ2_3 Pin=RE2-10
Added Pin To Net: NetName=NetC9_1 Pin=U2-1
Added Pin To Net: NetName=NetC23_1 Pin=U2-1
Added Pin To Net: NetName=VREF Pin=U2-2
Added Pin To Net: NetName=GND Pin=U2-4
Added Pin To Net: NetName=NetR7_2 Pin=U2-5
Added Pin To Net: NetName=NetR20_2 Pin=U2-5
Added Pin To Net: NetName=-5 Pin=U2-6
Added Pin To Net: NetName=NetR7_1 Pin=U2-7
Added Pin To Net: NetName=NetR20_1 Pin=U2-7
Added Pin To Net: NetName=+5 Pin=U2-8
Added Pin To Net: NetName=-5 Pin=U6-2
Added Pin To Net: NetName=NetR6_1 Pin=U6-3
Added Pin To Net: NetName=NetR19_1 Pin=U6-3
Added Pin To Net: NetName=+5 Pin=U6-5
Added Pin To Net: NetName=NetR9_1 Pin=U-1
Added Pin To Net: NetName=NetR22_1 Pin=U-1
Added Pin To Net: NetName=-5 Pin=U-2
Added Pin To Net: NetName=NetR7_1 Pin=U-3
Added Pin To Net: NetName=NetR20_1 Pin=U-3
Added Pin To Net: NetName=NetR9_2 Pin=U-4
Added Pin To Net: NetName=NetR22_2 Pin=U-4
Added Pin To Net: NetName=+5 Pin=U-5
Change Net Name : Old Net Name=CH1_VPMS New Net Name=Net_1
Change Net Name : Old Net Name=CH2_VPMS New Net Name=CH1_VPMS
Change Net Name : Old Net Name=NetC1_1 New Net Name=Net_4
Change Net Name : Old Net Name=NetC1_2 New Net Name=Net_3
Change Net Name : Old Net Name=NetC13_1 New Net Name=Net_1
Change Net Name : Old Net Name=NetC13_2 New Net Name=Net_3
Change Net Name : Old Net Name=NetR13_2 New Net Name=Net_4
Change Net Name : Old Net Name=NetR26_2 New Net Name=NetC12_1
Added Pin To Net: NetName=CH2_VPMS Pin=P6-1
Added Pin To Net: NetName=CH2_VPMS Pin=P6-2
Added Pin To Net: NetName=CH2_VPMS Pin=R8-1
Added Net: Name=CH2_VPMS
Added Member To Class: ClassName=示波器原理图2 Member=Component RE2 TQ2-5V
Added Member To Class: ClassName=示波器原理图 Member=Component  CPC1017N
Added Room: Name=示波器原理图2
Added Room: Name=示波器原理图3
Added Room: Name=示波器原理图
