Removed Pin From Net: NetName=-5 Pin=C1-1
Removed Pin From Net: NetName=GND Pin=C1-2
Removed Pin From Net: NetName=-5 Pin=C2-1
Removed Pin From Net: NetName=GND Pin=C2-2
Removed Pin From Net: NetName=+5 Pin=C3-1
Removed Pin From Net: NetName=GND Pin=C3-2
Removed Pin From Net: NetName=NetC4_1 Pin=C4-1
Removed Pin From Net: NetName=NetC4_2 Pin=C4-2
Removed Pin From Net: NetName=NetC5_1 Pin=C5-1
Removed Pin From Net: NetName=NetC4_1 Pin=C5-2
Removed Pin From Net: NetName=+5 Pin=C6-1
Removed Pin From Net: NetName=-5 Pin=C8-1
Removed Pin From Net: NetName=GND Pin=C8-2
Removed Pin From Net: NetName=NetC9_1 Pin=C9-1
Removed Pin From Net: NetName=NetC5_1 Pin=C9-2
Removed Pin From Net: NetName=GND Pin=C10-1
Removed Pin From Net: NetName=NetC10_2 Pin=C10-2
Removed Pin From Net: NetName=GND Pin=C11-1
Removed Pin From Net: NetName=NetC9_1 Pin=C11-2
Removed Pin From Net: NetName=NetC4_2 Pin=P1-1
Removed Pin From Net: NetName=CH2 ACDC Pin=P2-1
Removed Pin From Net: NetName=CH2 ACDC Pin=P2-2
Removed Pin From Net: NetName=CH2 ATT Pin=P4-1
Removed Pin From Net: NetName=CH2 ATT Pin=P4-2
Removed Pin From Net: NetName=+5 Pin=P5-1
Removed Pin From Net: NetName=GND Pin=P5-2
Removed Pin From Net: NetName=-5 Pin=P5-3
Removed Pin From Net: NetName=AD_CH2 Pin=P7-1
Removed Pin From Net: NetName=AD_CH2 Pin=P7-2
Removed Pin From Net: NetName=NetQ1_2 Pin=R1-1
Removed Pin From Net: NetName=CH2 ATT Pin=R1-2
Removed Pin From Net: NetName=NetR2_2 Pin=R2-2
Removed Pin From Net: NetName=NetC5_1 Pin=R3-1
Removed Pin From Net: NetName=NetC4_1 Pin=R3-2
Removed Pin From Net: NetName=NetR4_1 Pin=R4-1
Removed Pin From Net: NetName=NetR4_2 Pin=R4-2
Removed Pin From Net: NetName=NetR5_1 Pin=R5-1
Removed Pin From Net: NetName=AD_CH2 Pin=R5-2
Removed Pin From Net: NetName=NetR5_1 Pin=R7-2
Removed Pin From Net: NetName=NetC9_1 Pin=R8-1
Removed Pin From Net: NetName=NetR6_1 Pin=R8-2
Removed Pin From Net: NetName=NetC10_2 Pin=R9-1
Removed Pin From Net: NetName=NetR7_1 Pin=R9-2
Removed Pin From Net: NetName=CH2_VPMS Pin=R10-1
Removed Pin From Net: NetName=NetR10_2 Pin=R10-2
Removed Pin From Net: NetName=CH2 ACDC Pin=R11-1
Removed Pin From Net: NetName=NetR11_2 Pin=R11-2
Removed Pin From Net: NetName=GND Pin=R12-1
Removed Pin From Net: NetName=NetC9_1 Pin=R12-2
Removed Pin From Net: NetName=CH2_VPOS Pin=R13-1
Removed Pin From Net: NetName=NetC10_2 Pin=R13-2
Removed Pin From Net: NetName=+5 Pin=R14-1
Removed Pin From Net: NetName=GND Pin=R14-2
Removed Pin From Net: NetName=VREF Pin=R14-3
Removed Pin From Net: NetName=+5 Pin=R15-1
Removed Pin From Net: NetName=GND Pin=R15-2
Removed Pin From Net: NetName=CH2_VPMS Pin=R15-3
Removed Pin From Net: NetName=+5 Pin=R16-1
Removed Pin From Net: NetName=GND Pin=R16-2
Removed Pin From Net: NetName=CH2_VPOS Pin=R16-3
Removed Pin From Net: NetName=5V Pin=RE1-1
Removed Pin From Net: NetName=NetC5_1 Pin=RE1-2
Removed Pin From Net: NetName=NetR2_2 Pin=RE1-3
Removed Pin From Net: NetName=NetC9_1 Pin=RE1-4
Removed Pin From Net: NetName=NetQ1_3 Pin=RE1-10
Removed Pin From Net: NetName=NetR11_2 Pin=RE2-1
Removed Pin From Net: NetName=GND Pin=RE2-2
Removed Pin From Net: NetName=NetC4_2 Pin=RE2-3
Removed Pin From Net: NetName=NetC4_1 Pin=RE2-4
Removed Pin From Net: NetName=NetU1_1 Pin=U1-1
Removed Pin From Net: NetName=-5 Pin=U1-2
Removed Pin From Net: NetName=NetR2_1 Pin=U1-3
Removed Pin From Net: NetName=NetU1_1 Pin=U1-4
Removed Pin From Net: NetName=+5 Pin=U1-5
Removed Pin From Net: NetName=NetR5_1 Pin=U2-1
Removed Pin From Net: NetName=-5 Pin=U2-2
Removed Pin From Net: NetName=NetR4_2 Pin=U2-3
Removed Pin From Net: NetName=NetR7_1 Pin=U2-4
Removed Pin From Net: NetName=+5 Pin=U2-5
Removed Pin From Net: NetName=NetR10_2 Pin=U3-1
Removed Pin From Net: NetName=VREF Pin=U3-2
Removed Pin From Net: NetName=NetU1_1 Pin=U3-3
Removed Pin From Net: NetName=GND Pin=U3-4
Removed Pin From Net: NetName=NetR4_1 Pin=U3-5
Removed Pin From Net: NetName=-5 Pin=U3-6
Removed Pin From Net: NetName=NetR4_2 Pin=U3-7
Removed Pin From Net: NetName=+5 Pin=U3-8
Removed Member From Class: ClassName=示波器原理图2 Member=C8
Removed Member From Class: ClassName=示波器原理图2 Member=P2
Removed Member From Class: ClassName=示波器原理图2 Member=P2
Removed Member From Class: ClassName=示波器原理图2 Member=R14
Removed Member From Class: ClassName=示波器原理图2 Member=R14
Removed Member From Class: ClassName=示波器原理图2 Member=R15
Removed Member From Class: ClassName=示波器原理图2 Member=R15
Removed Member From Class: ClassName=示波器原理图2 Member=R16
Removed Member From Class: ClassName=示波器原理图2 Member=R16
Removed Member From Class: ClassName=示波器原理图2 Member=U1
Removed Member From Class: ClassName=示波器原理图2 Member=U3
Change Component Footprint: Designator=R1 Old Footprint=AXIAL-0.3 New Footprint=PCBComponent_1
Change Component Footprint: Designator=R2 Old Footprint=AXIAL-0.3 New Footprint=PCBComponent_1
Change Component Footprint: Designator=R3 Old Footprint=AXIAL-0.3 New Footprint=PCBComponent_1
Change Component Footprint: Designator=R4 Old Footprint=AXIAL-0.3 New Footprint=PCBComponent_1
Change Component Footprint: Designator=R5 Old Footprint=AXIAL-0.3 New Footprint=PCBComponent_1
Change Component Footprint: Designator=R6 Old Footprint=AXIAL-0.3 New Footprint=PCBComponent_1
Change Component Footprint: Designator=R13 Old Footprint=AXIAL-0.3 New Footprint=PCBComponent_1
Change Component Footprint: Designator=P5 Old Footprint=HDR1X3 New Footprint=HDR1X2
Change Component Footprint: Designator=RE1 Old Footprint=PCBComponent_1 New Footprint=SOP254P610X218-4N
Change Component Footprint: Designator=U2 Old Footprint=SOT95P245X110-5N New Footprint=SOIC127P600X175-8N
Change Component Footprint: Designator=C1 Old Footprint=VP32-3.2 New Footprint=PCBComponent_1
Change Component Footprint: Designator=C3 Old Footprint=VP32-3.2 New Footprint=PCBComponent_1
Change Component Footprint: Designator=C4 Old Footprint=VP32-3.2 New Footprint=PCBComponent_1
Change Component Comment : Designator=U1 Old Comment=AD8065ART1 New Comment=TL074D
Change Component Comment : Designator=U2 Old Comment=AD8065ART New Comment=AD603AR
Change Component Comment : Designator=RE2 Old Comment=CPC1017N New Comment=TQ2-5V
Change Component Comment : Designator=P5 Old Comment=Header 3 New Comment=Header 2
Change Component Comment : Designator=RE1 Old Comment=TQ2-5V New Comment=CPC1017N
Added Component: Designator=C12(VP32-3.2)
Added Component: Designator=C32(VP32-3.2)
Added Component: Designator=C33(VP32-3.2)
Added Component: Designator=C34(VP32-3.2)
Added Component: Designator=C35(VP32-3.2)
Added Component: Designator=C36(VP32-3.2)
Added Component: Designator=C37(VP32-3.2)
Added Component: Designator=C38(VP32-3.2)
Added Component: Designator=C39(VP32-3.2)
Added Component: Designator=C40(VP32-3.2)
Added Component: Designator=C41(VP32-3.2)
Added Component: Designator=C42(VP32-3.2)
Added Component: Designator=C43(VP32-3.2)
Added Component: Designator=C44(VP32-3.2)
Added Component: Designator=C45(VP32-3.2)
Added Component: Designator=C73(VP32-3.2)
Added Component: Designator=P3(HDR1X2)
Added Component: Designator=P6(HDR1X2)
Added Component: Designator=P9(HDR1X3)
Added Component: Designator=R27(AXIAL-0.3)
Added Component: Designator=R28(AXIAL-0.3)
Added Component: Designator=R29(AXIAL-0.3)
Added Component: Designator=R30(AXIAL-0.3)
Added Component: Designator=R31(AXIAL-0.3)
Added Component: Designator=R32(AXIAL-0.3)
Added Component: Designator=R33(AXIAL-0.3)
Added Component: Designator=R34(AXIAL-0.3)
Added Component: Designator=R35(AXIAL-0.3)
Added Component: Designator=R36(AXIAL-0.3)
Added Component: Designator=U6(SOT95P245X110-5N)
Added Component: Designator=U?(SOT95P245X110-5N)
Added Pin To Net: NetName=AD_CH2 Pin=C1-1
Added Pin To Net: NetName=CH2_VPMS Pin=C1-2
Added Pin To Net: NetName=CH2_VPOS Pin=C2-1
Added Pin To Net: NetName=CH2_VPMS Pin=C2-2
Added Pin To Net: NetName=NetC4_1 Pin=C3-1
Added Pin To Net: NetName=CH2_VPOS Pin=C3-2
Added Pin To Net: NetName=GND Pin=C4-1
Added Pin To Net: NetName=NetC4_1 Pin=C4-2
Added Pin To Net: NetName=+5 Pin=C5-1
Added Pin To Net: NetName=GND Pin=C5-2
Added Pin To Net: NetName=-5 Pin=C6-1
Added Pin To Net: NetName=-5 Pin=C9-1
Added Pin To Net: NetName=GND Pin=C9-2
Added Pin To Net: NetName=-5 Pin=C10-1
Added Pin To Net: NetName=GND Pin=C10-2
Added Pin To Net: NetName=+5 Pin=C11-1
Added Pin To Net: NetName=GND Pin=C11-2
Added Pin To Net: NetName=GND Pin=C12-1
Added Pin To Net: NetName=NetC4_2 Pin=C12-2
Added Pin To Net: NetName=GND Pin=C32-1
Added Pin To Net: NetName=5V Pin=C32-2
Added Pin To Net: NetName=GND Pin=C33-1
Added Pin To Net: NetName=VREF Pin=C33-2
Added Pin To Net: NetName=GND Pin=C34-1
Added Pin To Net: NetName=GND Pin=C35-1
Added Pin To Net: NetName=5V Pin=C35-2
Added Pin To Net: NetName=GND Pin=C36-1
Added Pin To Net: NetName=5V Pin=C36-2
Added Pin To Net: NetName=GND Pin=C37-2
Added Pin To Net: NetName=GND Pin=C38-2
Added Pin To Net: NetName=GND Pin=C39-2
Added Pin To Net: NetName=GND Pin=C40-2
Added Pin To Net: NetName=5V Pin=C41-1
Added Pin To Net: NetName=GND Pin=C41-2
Added Pin To Net: NetName=GND Pin=C42-1
Added Pin To Net: NetName=5V Pin=C43-1
Added Pin To Net: NetName=GND Pin=C43-2
Added Pin To Net: NetName=GND Pin=C44-2
Added Pin To Net: NetName=GND Pin=C45-2
Added Pin To Net: NetName=GND Pin=C73-1
Added Pin To Net: NetName=VREF Pin=C73-2
Added Pin To Net: NetName=AD_CH2 Pin=P1-1
Added Pin To Net: NetName=NetR10_2 Pin=P6-1
Added Pin To Net: NetName=NetR10_2 Pin=P6-2
Added Pin To Net: NetName=NetR11_2 Pin=P7-1
Added Pin To Net: NetName=NetR11_2 Pin=P7-2
Added Pin To Net: NetName=+5 Pin=P9-1
Added Pin To Net: NetName=GND Pin=P9-2
Added Pin To Net: NetName=-5 Pin=P9-3
Added Pin To Net: NetName=5V Pin=Q1-2
Added Pin To Net: NetName=GND Pin=Q1-3
Added Pin To Net: NetName=CH2_VPOS Pin=R1-1
Added Pin To Net: NetName=CH2_VPMS Pin=R1-2
Added Pin To Net: NetName=CH2_VPOS Pin=R2-2
Added Pin To Net: NetName=NetC4_1 Pin=R3-1
Added Pin To Net: NetName=NetR2_1 Pin=R3-2
Added Pin To Net: NetName=GND Pin=R4-1
Added Pin To Net: NetName=NetC4_1 Pin=R4-2
Added Pin To Net: NetName=NetQ1_2 Pin=R5-1
Added Pin To Net: NetName=NetC9_1 Pin=R7-2
Added Pin To Net: NetName=NetR10_2 Pin=R8-1
Added Pin To Net: NetName=NetC10_2 Pin=R8-2
Added Pin To Net: NetName=NetR2_2 Pin=R9-1
Added Pin To Net: NetName=NetR4_1 Pin=R9-2
Added Pin To Net: NetName=NetC4_2 Pin=R10-1
Added Pin To Net: NetName=NetR2_2 Pin=R10-2
Added Pin To Net: NetName=NetC4_2 Pin=R11-2
Added Pin To Net: NetName=NetR4_1 Pin=R12-1
Added Pin To Net: NetName=NetR11_2 Pin=R12-2
Added Pin To Net: NetName=NetR4_2 Pin=R13-2
Added Pin To Net: NetName=VREF Pin=R27-1
Added Pin To Net: NetName=GND Pin=R27-2
Added Pin To Net: NetName=VREF Pin=R28-1
Added Pin To Net: NetName=NetR4_2 Pin=RE1-1
Added Pin To Net: NetName=GND Pin=RE1-2
Added Pin To Net: NetName=CH2_VPMS Pin=RE1-3
Added Pin To Net: NetName=AD_CH2 Pin=RE1-4
Added Pin To Net: NetName=+5 Pin=RE2-1
Added Pin To Net: NetName=5V Pin=U1-4
Added Pin To Net: NetName=NetC10_2 Pin=U2-1
Added Pin To Net: NetName=VREF Pin=U2-2
Added Pin To Net: NetName=NetR5_1 Pin=U2-3
Added Pin To Net: NetName=GND Pin=U2-4
Added Pin To Net: NetName=NetR7_1 Pin=U2-5
Added Pin To Net: NetName=-5 Pin=U2-6
Added Pin To Net: NetName=NetC9_1 Pin=U2-7
Added Pin To Net: NetName=+5 Pin=U2-8
Added Pin To Net: NetName=NetR5_1 Pin=U6-1
Added Pin To Net: NetName=-5 Pin=U6-2
Added Pin To Net: NetName=NetR6_1 Pin=U6-3
Added Pin To Net: NetName=NetR5_1 Pin=U6-4
Added Pin To Net: NetName=+5 Pin=U6-5
Added Pin To Net: NetName=NetR4_1 Pin=U?-1
Added Pin To Net: NetName=-5 Pin=U?-2
Added Pin To Net: NetName=NetC9_1 Pin=U?-3
Added Pin To Net: NetName=NetR2_2 Pin=U?-4
Added Pin To Net: NetName=+5 Pin=U?-5
Added Pin To Net: NetName=CH2 ACDC Pin=U?-5
Change Net Name : Old Net Name=AD_CH2 New Net Name=NetC1_1
Change Net Name : Old Net Name=CH2_VPMS New Net Name=NetC1_2
Change Net Name : Old Net Name=CH2_VPOS New Net Name=NetC2_1
Change Net Name : Old Net Name=NetC4_1 New Net Name=NetC3_1
Change Net Name : Old Net Name=NetC4_2 New Net Name=NetC12_2
Change Net Name : Old Net Name=NetC5_1 New Net Name=NetR6_2
Change Net Name : Old Net Name=NetC9_1 New Net Name=NetR7_2
Change Net Name : Old Net Name=NetC10_2 New Net Name=NetR8_2
Change Net Name : Old Net Name=NetR2_2 New Net Name=NetR9_1
Change Net Name : Old Net Name=NetR4_1 New Net Name=NetR9_2
Change Net Name : Old Net Name=NetR4_2 New Net Name=NetR13_2
Change Net Name : Old Net Name=NetR5_1 New Net Name=NetU2_3
Change Net Name : Old Net Name=NetR10_2 New Net Name=CH1_VPMS
Change Net Name : Old Net Name=NetR11_2 New Net Name=AD_CH1
Change Net Name : Old Net Name=NetU1_1 New Net Name=SPI DATA
Added Pin To Net: NetName=-5V Pin=C42-2
Added Pin To Net: NetName=-5V Pin=C44-1
Added Net: Name=-5V
Added Pin To Net: NetName=3.3V Pin=C45-1
Added Net: Name=3.3V
Added Net: Name=AD_S
Added Pin To Net: NetName=CH1_VAMS Pin=U1-1
Added Pin To Net: NetName=CH1_VAMS Pin=U1-2
Added Net: Name=CH1_VAMS
Added Pin To Net: NetName=CH1_VPOS Pin=P5-1
Added Pin To Net: NetName=CH1_VPOS Pin=P5-2
Added Pin To Net: NetName=CH1_VPOS Pin=R11-1
Added Pin To Net: NetName=CH1_VPOS Pin=R34-1
Added Net: Name=CH1_VPOS
Added Pin To Net: NetName=CH1 ACDC Pin=P4-1
Added Pin To Net: NetName=CH1 ACDC Pin=P4-2
Added Pin To Net: NetName=CH1 ACDC Pin=R13-1
Added Pin To Net: NetName=CH1 ACDC Pin=U?-4
Added Net: Name=CH1 ACDC
Added Pin To Net: NetName=CH1 ATT Pin=P3-1
Added Pin To Net: NetName=CH1 ATT Pin=P3-2
Added Pin To Net: NetName=CH1 ATT Pin=R5-2
Added Pin To Net: NetName=CH1 ATT Pin=U?-3
Added Net: Name=CH1 ATT
Added Pin To Net: NetName=NetC34_2 Pin=C34-2
Added Pin To Net: NetName=NetC34_2 Pin=Q1-1
Added Pin To Net: NetName=NetC34_2 Pin=R28-2
Added Net: Name=NetC34_2
Added Pin To Net: NetName=NetC37_1 Pin=C37-1
Added Pin To Net: NetName=NetC37_1 Pin=R29-1
Added Pin To Net: NetName=NetC37_1 Pin=U1-3
Added Net: Name=NetC37_1
Added Pin To Net: NetName=NetC38_1 Pin=C38-1
Added Pin To Net: NetName=NetC38_1 Pin=C39-1
Added Pin To Net: NetName=NetC38_1 Pin=R30-1
Added Pin To Net: NetName=NetC38_1 Pin=R32-1
Added Pin To Net: NetName=NetC38_1 Pin=U1-5
Added Net: Name=NetC38_1
Added Pin To Net: NetName=NetC40_1 Pin=C40-1
Added Pin To Net: NetName=NetC40_1 Pin=R31-1
Added Net: Name=NetC40_1
Added Pin To Net: NetName=NetR29_2 Pin=R29-2
Added Net: Name=NetR29_2
Added Pin To Net: NetName=NetR30_2 Pin=R30-2
Added Net: Name=NetR30_2
Added Pin To Net: NetName=NetR31_2 Pin=R31-2
Added Net: Name=NetR31_2
Added Pin To Net: NetName=NetR32_2 Pin=R32-2
Added Net: Name=NetR32_2
Added Pin To Net: NetName=NetR33_1 Pin=R33-1
Added Pin To Net: NetName=NetR33_1 Pin=R34-2
Added Net: Name=NetR33_1
Added Pin To Net: NetName=NetR33_2 Pin=R33-2
Added Net: Name=NetR33_2
Added Pin To Net: NetName=NetR35_1 Pin=R35-1
Added Pin To Net: NetName=NetR35_1 Pin=R36-2
Added Net: Name=NetR35_1
Added Pin To Net: NetName=NetR35_2 Pin=R35-2
Added Net: Name=NetR35_2
Added Pin To Net: NetName=NetR36_1 Pin=R36-1
Added Net: Name=NetR36_1
Added Net: Name=NetU1_13
Added Net: Name=NetU12_1
Added Pin To Net: NetName=NetU13_9 Pin=U?-2
Added Net: Name=NetU13_9
Added Pin To Net: NetName=NetU13_10 Pin=U?-1
Added Net: Name=NetU13_10
Added Net: Name=NetU13_11
Added Net: Name=SPI 595M LE
Added Net: Name=SPI CLK
Added Net: Name=SPI DA LE
Change Class Name : Old Net Name=示波器原理图2 New Net Name=示波器原理图
Added Class: Name=示波器原理图3
Added Member To Class: ClassName=示波器原理图 Member=Component C12 
Added Member To Class: ClassName=示波器原理图 Member=Component P3 Header 2
Added Member To Class: ClassName=示波器原理图 Member=Component P6 Header 2
Added Member To Class: ClassName=示波器原理图 Member=Component P9 Header 3
Added Member To Class: ClassName=示波器原理图 Member=Component U6 AD8055ART3
Added Member To Class: ClassName=示波器原理图 Member=Component U? AD8055ART
Added Room: Name=示波器原理图3
Added Room: Name=示波器原理图
