Added Component: Designator=C106(PCBComponent_1)
Added Component: Designator=C107(PCBComponent_1)
Added Component: Designator=C108(PCBComponent_1)
Added Component: Designator=C109(PCBComponent_1)
Added Component: Designator=C110(PCBComponent_1)
Added Component: Designator=C111(PCBComponent_1)
Added Component: Designator=C122(PCBComponent_1)
Added Component: Designator=C123(PCBComponent_1)
Added Pin To Net: NetName=GND Pin=C106-1
Added Pin To Net: NetName=VCC1.2 Pin=C106-2
Added Pin To Net: NetName=GND Pin=C107-1
Added Pin To Net: NetName=VCC1.2 Pin=C107-2
Added Pin To Net: NetName=GND Pin=C108-1
Added Pin To Net: NetName=VCC1.2 Pin=C108-2
Added Pin To Net: NetName=GND Pin=C109-1
Added Pin To Net: NetName=VCC1.2 Pin=C109-2
Added Pin To Net: NetName=GND Pin=C110-1
Added Pin To Net: NetName=VCC1.2 Pin=C110-2
Added Pin To Net: NetName=GND Pin=C111-1
Added Pin To Net: NetName=VCC1.2 Pin=C111-2
Added Pin To Net: NetName=GND Pin=C122-1
Added Pin To Net: NetName=VCC2.5 Pin=C122-2
Added Pin To Net: NetName=GND Pin=C123-1
Added Pin To Net: NetName=VCC2.5 Pin=C123-2
Added Member To Class: ClassName=示波器原理图6 Member=Component C106 
Added Member To Class: ClassName=示波器原理图6 Member=Component C107 
Added Member To Class: ClassName=示波器原理图6 Member=Component C108 
Added Member To Class: ClassName=示波器原理图6 Member=Component C109 
Added Member To Class: ClassName=示波器原理图6 Member=Component C110 
Added Member To Class: ClassName=示波器原理图6 Member=Component C111 
Added Member To Class: ClassName=示波器原理图6 Member=Component C122 
Added Member To Class: ClassName=示波器原理图6 Member=Component C123 
Added Room: Name=示波器原理图2
Added Room: Name=示波器原理图3
Added Room: Name=示波器原理图5
Added Room: Name=示波器原理图6
Added Room: Name=示波器原理图7
Added Room: Name=示波器原理图
