Removed Pin From Net: NetName=NetC12_1 Pin=C12-1
Removed Pin From Net: NetName=CH2 ATT Pin=P3-1
Removed Pin From Net: NetName=CH2 ATT Pin=P3-2
Removed Pin From Net: NetName=CH2 ACDC Pin=P4-1
Removed Pin From Net: NetName=CH2 ACDC Pin=P4-2
Removed Pin From Net: NetName=CH2_VPOS Pin=P5-1
Removed Pin From Net: NetName=CH2_VPOS Pin=P5-2
Removed Pin From Net: NetName=AD_CH2 Pin=P7-1
Removed Pin From Net: NetName=AD_CH2 Pin=P7-2
Removed Pin From Net: NetName=NetC23_1 Pin=R8-2
Removed Pin From Net: NetName=NetC23_1 Pin=U2-1
Removed Pin From Net: NetName=NetR20_2 Pin=U2-5
Removed Pin From Net: NetName=NetR20_1 Pin=U2-7
Removed Pin From Net: NetName=NetR19_1 Pin=U6-3
Removed Pin From Net: NetName=NetR22_1 Pin=U-1
Removed Pin From Net: NetName=NetR20_1 Pin=U-3
Removed Pin From Net: NetName=NetR22_2 Pin=U-4
Removed Member From Class: ClassName=示波器原理图2 Member=RE1
Removed Member From Class: ClassName=示波器原理图 Member=RE2
Added Component: Designator=(SOP254P610X218-4N)
Added Component: Designator=U17(SOIC127P600X175-8N)
Added Component: Designator=U18(SOT95P245X110-5N)
Added Pin To Net: NetName=Net_1 Pin=-1
Added Pin To Net: NetName=Net_1 Pin=-1
Added Pin To Net: NetName=GND Pin=-2
Added Pin To Net: NetName=GND Pin=-2
Added Pin To Net: NetName=Net_3 Pin=-3
Added Pin To Net: NetName=Net_3 Pin=-3
Added Pin To Net: NetName=Net_4 Pin=-4
Added Pin To Net: NetName=Net_4 Pin=-4
Added Pin To Net: NetName=NetC12_1 Pin=C12-1
Added Pin To Net: NetName=NetC12_1 Pin=C12-1
Added Pin To Net: NetName=GND Pin=C12-2
Added Pin To Net: NetName=CH1 ATT Pin=P3-1
Added Pin To Net: NetName=CH2 ATT Pin=P3-1
Added Pin To Net: NetName=CH1 ATT Pin=P3-2
Added Pin To Net: NetName=CH2 ATT Pin=P3-2
Added Pin To Net: NetName=CH1 ACDC Pin=P4-1
Added Pin To Net: NetName=CH2 ACDC Pin=P4-1
Added Pin To Net: NetName=CH1 ACDC Pin=P4-2
Added Pin To Net: NetName=CH2 ACDC Pin=P4-2
Added Pin To Net: NetName=CH1_VPOS Pin=P5-1
Added Pin To Net: NetName=CH2_VPOS Pin=P5-1
Added Pin To Net: NetName=CH1_VPOS Pin=P5-2
Added Pin To Net: NetName=CH2_VPOS Pin=P5-2
Added Pin To Net: NetName=AD_CH1 Pin=P7-1
Added Pin To Net: NetName=AD_CH2 Pin=P7-1
Added Pin To Net: NetName=AD_CH1 Pin=P7-2
Added Pin To Net: NetName=AD_CH2 Pin=P7-2
Added Pin To Net: NetName=NetC9_1 Pin=R8-2
Added Pin To Net: NetName=NetC23_1 Pin=R8-2
Added Pin To Net: NetName=NetC9_1 Pin=U2-1
Added Pin To Net: NetName=NetR7_2 Pin=U2-5
Added Pin To Net: NetName=NetR7_1 Pin=U2-7
Added Pin To Net: NetName=NetR6_1 Pin=U6-3
Added Pin To Net: NetName=CH1_VPMS Pin=U16-1
Added Pin To Net: NetName=-5 Pin=U16-2
Added Pin To Net: NetName=NetR19_1 Pin=U16-3
Added Pin To Net: NetName=CH1_VPMS Pin=U16-4
Added Pin To Net: NetName=+5 Pin=U16-5
Added Pin To Net: NetName=NetC23_1 Pin=U17-1
Added Pin To Net: NetName=VREF Pin=U17-2
Added Pin To Net: NetName=CH1_VPMS Pin=U17-3
Added Pin To Net: NetName=GND Pin=U17-4
Added Pin To Net: NetName=NetR20_2 Pin=U17-5
Added Pin To Net: NetName=-5 Pin=U17-6
Added Pin To Net: NetName=NetR20_1 Pin=U17-7
Added Pin To Net: NetName=+5 Pin=U17-8
Added Pin To Net: NetName=NetR22_1 Pin=U18-1
Added Pin To Net: NetName=-5 Pin=U18-2
Added Pin To Net: NetName=NetR20_1 Pin=U18-3
Added Pin To Net: NetName=NetR22_2 Pin=U18-4
Added Pin To Net: NetName=+5 Pin=U18-5
Added Pin To Net: NetName=NetR9_1 Pin=U-1
Added Pin To Net: NetName=NetR7_1 Pin=U-3
Added Pin To Net: NetName=NetR9_2 Pin=U-4
Change Net Name : Old Net Name=CH1_VPMS New Net Name=NetU16_1
Change Net Name : Old Net Name=CH2_VPMS New Net Name=CH1_VPMS
Added Pin To Net: NetName=CH2_VPMS Pin=P6-1
Added Pin To Net: NetName=CH2_VPMS Pin=P6-2
Added Pin To Net: NetName=CH2_VPMS Pin=R8-1
Added Net: Name=CH2_VPMS
Added Member To Class: ClassName=示波器原理图2 Member=Component RE2 TQ2-5V
Added Member To Class: ClassName=示波器原理图 Member=Component  CPC1017N
Added Member To Class: ClassName=示波器原理图2 Member=Component U17 AD603AR
Added Member To Class: ClassName=示波器原理图2 Member=Component U18 AD8055ART
Added Room: Name=示波器原理图2
Added Room: Name=示波器原理图3
Added Room: Name=示波器原理图
