Removed Pin From Net: NetName=+3.3 Pin=C30-1
Removed Pin From Net: NetName=GND Pin=C30-2
Added Component: Designator=C124(PCBComponent_1)
Added Component: Designator=C125(PCBComponent_1)
Added Component: Designator=C127(C1206)
Added Pin To Net: NetName=GND Pin=C30-1
Added Pin To Net: NetName=+3.3 Pin=C30-2
Added Pin To Net: NetName=VCC3.3 Pin=C124-1
Added Pin To Net: NetName=GND Pin=C124-2
Added Pin To Net: NetName=VCC3.3 Pin=C125-1
Added Pin To Net: NetName=GND Pin=C125-2
Added Pin To Net: NetName=GND Pin=C127-1
Added Pin To Net: NetName=5V Pin=C127-2
Added Member To Class: ClassName=示波器原理图7 Member=Component C124 
Added Member To Class: ClassName=示波器原理图7 Member=Component C125 
Added Member To Class: ClassName=示波器原理图7 Member=Component C127 
Added Room: Name=示波器原理图2
Added Room: Name=示波器原理图3
Added Room: Name=示波器原理图5
Added Room: Name=示波器原理图6
Added Room: Name=示波器原理图7
Added Room: Name=示波器原理图
