Added Pin To Net: NetName=VCC3.3 Pin=C30-2
Added Pin To Net: NetName=VCC3.3 Pin=C31-1
Added Pin To Net: NetName=+5 Pin=C127-2
Added Pin To Net: NetName=+5 Pin=D1-1
Added Pin To Net: NetName=+5 Pin=J1-1A
Added Pin To Net: NetName=+5 Pin=J1-1B
Added Pin To Net: NetName=+5 Pin=J1-1
Added Pin To Net: NetName=VCC3.3 Pin=L-1
Added Pin To Net: NetName=+5 Pin=LM1117-3.3-3
Added Pin To Net: NetName=VCC3.3 Pin=U188-8
Added Pin To Net: NetName=VCC3.3 Pin=U188-15
Added Pin To Net: NetName=VCC3.3 Pin=U188-28
Added Pin To Net: NetName=VCC3.3 Pin=U188-33
Added Pin To Net: NetName=VCC3.3 Pin=U188-46
Change Net Name : Old Net Name=VCC3.3 New Net Name=+3.3
Added Room: Name=示波器原理图2
Added Room: Name=示波器原理图3
Added Room: Name=示波器原理图5
Added Room: Name=示波器原理图6
Added Room: Name=示波器原理图7
Added Room: Name=示波器原理图
