Analysis & Synthesis report for UART
Wed Apr 22 10:08:01 2015
Quartus II 64-Bit Version 13.0.1 Build 232 06/12/2013 Service Pack 1 SJ Full Version


---------------------
; Table of Contents ;
---------------------
  1. Legal Notice
  2. Analysis & Synthesis Summary
  3. Analysis & Synthesis Settings
  4. Parallel Compilation
  5. Analysis & Synthesis Source Files Read
  6. Analysis & Synthesis Resource Usage Summary
  7. Analysis & Synthesis Resource Utilization by Entity
  8. State Machine - |UART_MAIN|shift_registerv2:inst5|current_state
  9. State Machine - |UART_MAIN|UART_BLOCK:inst|UART_RXD:inst5|state
 10. State Machine - |UART_MAIN|UART_BLOCK:inst|UART_TXD:inst4|state
 11. Registers Removed During Synthesis
 12. General Register Statistics
 13. Multiplexer Restructuring Statistics (Restructuring Performed)
 14. Parameter Settings for User Entity Instance: UART_BLOCK:inst|UART_TXD:inst4
 15. Parameter Settings for User Entity Instance: UART_BLOCK:inst|UART_RXD:inst5
 16. Parameter Settings for User Entity Instance: shift_registerv2:inst5
 17. Elapsed Time Per Partition
 18. Analysis & Synthesis Messages
 19. Analysis & Synthesis Suppressed Messages



----------------
; Legal Notice ;
----------------
Copyright (C) 1991-2013 Altera Corporation
Your use of Altera Corporation's design tools, logic functions 
and other software and tools, and its AMPP partner logic 
functions, and any output files from any of the foregoing 
(including device programming or simulation files), and any 
associated documentation or information are expressly subject 
to the terms and conditions of the Altera Program License 
Subscription Agreement, Altera MegaCore Function License 
Agreement, or other applicable license agreement, including, 
without limitation, that your use is for the sole purpose of 
programming logic devices manufactured by Altera and sold by 
Altera or its authorized distributors.  Please refer to the 
applicable agreement for further details.



+---------------------------------------------------------------------------------------+
; Analysis & Synthesis Summary                                                          ;
+------------------------------------+--------------------------------------------------+
; Analysis & Synthesis Status        ; Successful - Wed Apr 22 10:08:00 2015            ;
; Quartus II 64-Bit Version          ; 13.0.1 Build 232 06/12/2013 SP 1 SJ Full Version ;
; Revision Name                      ; UART                                             ;
; Top-level Entity Name              ; UART_MAIN                                        ;
; Family                             ; Cyclone II                                       ;
; Total logic elements               ; 308                                              ;
;     Total combinational functions  ; 219                                              ;
;     Dedicated logic registers      ; 206                                              ;
; Total registers                    ; 206                                              ;
; Total pins                         ; 7                                                ;
; Total virtual pins                 ; 0                                                ;
; Total memory bits                  ; 0                                                ;
; Embedded Multiplier 9-bit elements ; 0                                                ;
; Total PLLs                         ; 0                                                ;
+------------------------------------+--------------------------------------------------+


+----------------------------------------------------------------------------------------------------------------------+
; Analysis & Synthesis Settings                                                                                        ;
+----------------------------------------------------------------------------+--------------------+--------------------+
; Option                                                                     ; Setting            ; Default Value      ;
+----------------------------------------------------------------------------+--------------------+--------------------+
; Device                                                                     ; EP2C5T144C8        ;                    ;
; Top-level entity name                                                      ; UART_MAIN          ; UART               ;
; Family name                                                                ; Cyclone II         ; Cyclone IV GX      ;
; Use smart compilation                                                      ; Off                ; Off                ;
; Enable parallel Assembler and TimeQuest Timing Analyzer during compilation ; On                 ; On                 ;
; Enable compact report table                                                ; Off                ; Off                ;
; Restructure Multiplexers                                                   ; Auto               ; Auto               ;
; Create Debugging Nodes for IP Cores                                        ; Off                ; Off                ;
; Preserve fewer node names                                                  ; On                 ; On                 ;
; Disable OpenCore Plus hardware evaluation                                  ; Off                ; Off                ;
; Verilog Version                                                            ; Verilog_2001       ; Verilog_2001       ;
; VHDL Version                                                               ; VHDL_1993          ; VHDL_1993          ;
; State Machine Processing                                                   ; Auto               ; Auto               ;
; Safe State Machine                                                         ; Off                ; Off                ;
; Extract Verilog State Machines                                             ; On                 ; On                 ;
; Extract VHDL State Machines                                                ; On                 ; On                 ;
; Ignore Verilog initial constructs                                          ; Off                ; Off                ;
; Iteration limit for constant Verilog loops                                 ; 5000               ; 5000               ;
; Iteration limit for non-constant Verilog loops                             ; 250                ; 250                ;
; Add Pass-Through Logic to Inferred RAMs                                    ; On                 ; On                 ;
; Infer RAMs from Raw Logic                                                  ; On                 ; On                 ;
; Parallel Synthesis                                                         ; On                 ; On                 ;
; DSP Block Balancing                                                        ; Auto               ; Auto               ;
; NOT Gate Push-Back                                                         ; On                 ; On                 ;
; Power-Up Don't Care                                                        ; On                 ; On                 ;
; Remove Redundant Logic Cells                                               ; Off                ; Off                ;
; Remove Duplicate Registers                                                 ; On                 ; On                 ;
; Ignore CARRY Buffers                                                       ; Off                ; Off                ;
; Ignore CASCADE Buffers                                                     ; Off                ; Off                ;
; Ignore GLOBAL Buffers                                                      ; Off                ; Off                ;
; Ignore ROW GLOBAL Buffers                                                  ; Off                ; Off                ;
; Ignore LCELL Buffers                                                       ; Off                ; Off                ;
; Ignore SOFT Buffers                                                        ; On                 ; On                 ;
; Limit AHDL Integers to 32 Bits                                             ; Off                ; Off                ;
; Optimization Technique                                                     ; Balanced           ; Balanced           ;
; Carry Chain Length                                                         ; 70                 ; 70                 ;
; Auto Carry Chains                                                          ; On                 ; On                 ;
; Auto Open-Drain Pins                                                       ; On                 ; On                 ;
; Perform WYSIWYG Primitive Resynthesis                                      ; Off                ; Off                ;
; Auto ROM Replacement                                                       ; On                 ; On                 ;
; Auto RAM Replacement                                                       ; On                 ; On                 ;
; Auto Shift Register Replacement                                            ; Auto               ; Auto               ;
; Allow Shift Register Merging across Hierarchies                            ; Auto               ; Auto               ;
; Auto Clock Enable Replacement                                              ; On                 ; On                 ;
; Strict RAM Replacement                                                     ; Off                ; Off                ;
; Allow Synchronous Control Signals                                          ; On                 ; On                 ;
; Force Use of Synchronous Clear Signals                                     ; Off                ; Off                ;
; Auto RAM to Logic Cell Conversion                                          ; Off                ; Off                ;
; Auto Resource Sharing                                                      ; Off                ; Off                ;
; Allow Any RAM Size For Recognition                                         ; Off                ; Off                ;
; Allow Any ROM Size For Recognition                                         ; Off                ; Off                ;
; Allow Any Shift Register Size For Recognition                              ; Off                ; Off                ;
; Use LogicLock Constraints during Resource Balancing                        ; On                 ; On                 ;
; Ignore translate_off and synthesis_off directives                          ; Off                ; Off                ;
; Timing-Driven Synthesis                                                    ; Off                ; Off                ;
; Report Parameter Settings                                                  ; On                 ; On                 ;
; Report Source Assignments                                                  ; On                 ; On                 ;
; Report Connectivity Checks                                                 ; On                 ; On                 ;
; Ignore Maximum Fan-Out Assignments                                         ; Off                ; Off                ;
; Synchronization Register Chain Length                                      ; 2                  ; 2                  ;
; PowerPlay Power Optimization                                               ; Normal compilation ; Normal compilation ;
; HDL message level                                                          ; Level2             ; Level2             ;
; Suppress Register Optimization Related Messages                            ; Off                ; Off                ;
; Number of Removed Registers Reported in Synthesis Report                   ; 5000               ; 5000               ;
; Number of Swept Nodes Reported in Synthesis Report                         ; 5000               ; 5000               ;
; Number of Inverted Registers Reported in Synthesis Report                  ; 100                ; 100                ;
; Clock MUX Protection                                                       ; On                 ; On                 ;
; Auto Gated Clock Conversion                                                ; Off                ; Off                ;
; Block Design Naming                                                        ; Auto               ; Auto               ;
; SDC constraint protection                                                  ; Off                ; Off                ;
; Synthesis Effort                                                           ; Auto               ; Auto               ;
; Shift Register Replacement - Allow Asynchronous Clear Signal               ; On                 ; On                 ;
; Pre-Mapping Resynthesis Optimization                                       ; Off                ; Off                ;
; Analysis & Synthesis Message Level                                         ; Medium             ; Medium             ;
; Disable Register Merging Across Hierarchies                                ; Auto               ; Auto               ;
; Resource Aware Inference For Block RAM                                     ; On                 ; On                 ;
; Synthesis Seed                                                             ; 1                  ; 1                  ;
+----------------------------------------------------------------------------+--------------------+--------------------+


+------------------------------------------+
; Parallel Compilation                     ;
+----------------------------+-------------+
; Processors                 ; Number      ;
+----------------------------+-------------+
; Number detected on machine ; 4           ;
; Maximum allowed            ; 2           ;
;                            ;             ;
; Average used               ; 1.00        ;
; Maximum used               ; 1           ;
;                            ;             ;
; Usage by Processor         ; % Time Used ;
;     Processor 1            ; 100.0%      ;
;     Processors 2-4         ;   0.0%      ;
+----------------------------+-------------+


+------------------------------------------------------------------------------------------------------------------------------------------------------+
; Analysis & Synthesis Source Files Read                                                                                                               ;
+----------------------------------+-----------------+------------------------------------+--------------------------------------------------+---------+
; File Name with User-Entered Path ; Used in Netlist ; File Type                          ; File Name with Absolute Path                     ; Library ;
+----------------------------------+-----------------+------------------------------------+--------------------------------------------------+---------+
; UART_RX_TX.vhd                   ; yes             ; User VHDL File                     ; E:/WORKSPACE/WIFI_OSC/FPGA/UART/UART_RX_TX.vhd   ;         ;
; UART_BASE.v                      ; yes             ; User Verilog HDL File              ; E:/WORKSPACE/WIFI_OSC/FPGA/UART/UART_BASE.v      ;         ;
; UART_BLOCK.bdf                   ; yes             ; User Block Diagram/Schematic File  ; E:/WORKSPACE/WIFI_OSC/FPGA/UART/UART_BLOCK.bdf   ;         ;
; UART_MAIN.bdf                    ; yes             ; User Block Diagram/Schematic File  ; E:/WORKSPACE/WIFI_OSC/FPGA/UART/UART_MAIN.bdf    ;         ;
; shift.v                          ; yes             ; User Verilog HDL File              ; E:/WORKSPACE/WIFI_OSC/FPGA/UART/shift.v          ;         ;
; shiftv2.v                        ; yes             ; User Verilog HDL File              ; E:/WORKSPACE/WIFI_OSC/FPGA/UART/shiftv2.v        ;         ;
; UART_TXD_CACHE.v                 ; yes             ; User Verilog HDL File              ; E:/WORKSPACE/WIFI_OSC/FPGA/UART/UART_TXD_CACHE.v ;         ;
+----------------------------------+-----------------+------------------------------------+--------------------------------------------------+---------+


+----------------------------------------------------------------------------------+
; Analysis & Synthesis Resource Usage Summary                                      ;
+---------------------------------------------+------------------------------------+
; Resource                                    ; Usage                              ;
+---------------------------------------------+------------------------------------+
; Estimated Total logic elements              ; 308                                ;
;                                             ;                                    ;
; Total combinational functions               ; 219                                ;
; Logic element usage by number of LUT inputs ;                                    ;
;     -- 4 input functions                    ; 95                                 ;
;     -- 3 input functions                    ; 30                                 ;
;     -- <=2 input functions                  ; 94                                 ;
;                                             ;                                    ;
; Logic elements by mode                      ;                                    ;
;     -- normal mode                          ; 145                                ;
;     -- arithmetic mode                      ; 74                                 ;
;                                             ;                                    ;
; Total registers                             ; 206                                ;
;     -- Dedicated logic registers            ; 206                                ;
;     -- I/O registers                        ; 0                                  ;
;                                             ;                                    ;
; I/O pins                                    ; 7                                  ;
; Embedded Multiplier 9-bit elements          ; 0                                  ;
; Maximum fan-out node                        ; UART_BLOCK:inst|UART_CLK:inst|bclk ;
; Maximum fan-out                             ; 105                                ;
; Total fan-out                               ; 1240                               ;
; Average fan-out                             ; 2.87                               ;
+---------------------------------------------+------------------------------------+


+-----------------------------------------------------------------------------------------------------------------------------------------------------------------------------------------------------------+
; Analysis & Synthesis Resource Utilization by Entity                                                                                                                                                       ;
+------------------------------+-------------------+--------------+-------------+--------------+---------+-----------+------+--------------+-------------------------------------------------+--------------+
; Compilation Hierarchy Node   ; LC Combinationals ; LC Registers ; Memory Bits ; DSP Elements ; DSP 9x9 ; DSP 18x18 ; Pins ; Virtual Pins ; Full Hierarchy Name                             ; Library Name ;
+------------------------------+-------------------+--------------+-------------+--------------+---------+-----------+------+--------------+-------------------------------------------------+--------------+
; |UART_MAIN                   ; 219 (0)           ; 206 (0)      ; 0           ; 0            ; 0       ; 0         ; 7    ; 0            ; |UART_MAIN                                      ; work         ;
;    |UART_BLOCK:inst|         ; 163 (0)           ; 117 (0)      ; 0           ; 0            ; 0       ; 0         ; 0    ; 0            ; |UART_MAIN|UART_BLOCK:inst                      ; work         ;
;       |UART_CLK:inst|        ; 8 (8)             ; 6 (6)        ; 0           ; 0            ; 0       ; 0         ; 0    ; 0            ; |UART_MAIN|UART_BLOCK:inst|UART_CLK:inst        ; work         ;
;       |UART_RXD:inst5|       ; 76 (76)           ; 59 (59)      ; 0           ; 0            ; 0       ; 0         ; 0    ; 0            ; |UART_MAIN|UART_BLOCK:inst|UART_RXD:inst5       ; work         ;
;       |UART_TXD:inst4|       ; 79 (79)           ; 44 (44)      ; 0           ; 0            ; 0       ; 0         ; 0    ; 0            ; |UART_MAIN|UART_BLOCK:inst|UART_TXD:inst4       ; work         ;
;       |UART_TXD_CACHE:inst1| ; 0 (0)             ; 8 (8)        ; 0           ; 0            ; 0       ; 0         ; 0    ; 0            ; |UART_MAIN|UART_BLOCK:inst|UART_TXD_CACHE:inst1 ; work         ;
;    |select_addr:inst6|       ; 11 (11)           ; 0 (0)        ; 0           ; 0            ; 0       ; 0         ; 0    ; 0            ; |UART_MAIN|select_addr:inst6                    ; work         ;
;    |shift_register:inst2|    ; 3 (3)             ; 41 (41)      ; 0           ; 0            ; 0       ; 0         ; 0    ; 0            ; |UART_MAIN|shift_register:inst2                 ; work         ;
;    |shift_registerv2:inst5|  ; 42 (42)           ; 48 (48)      ; 0           ; 0            ; 0       ; 0         ; 0    ; 0            ; |UART_MAIN|shift_registerv2:inst5               ; work         ;
+------------------------------+-------------------+--------------+-------------+--------------+---------+-----------+------+--------------+-------------------------------------------------+--------------+
Note: For table entries with two numbers listed, the numbers in parentheses indicate the number of resources of the given type used by the specific entity alone. The numbers listed outside of parentheses indicate the total resources of the given type used by the specific entity and all of its sub-entities in the hierarchy.


Encoding Type:  One-Hot
+-------------------------------------------------------------------------------------------------------------+
; State Machine - |UART_MAIN|shift_registerv2:inst5|current_state                                             ;
+----------------------+----------------------+--------------------+---------------------+--------------------+
; Name                 ; current_state.WAIT_2 ; current_state.WAIT ; current_state.START ; current_state.IDLE ;
+----------------------+----------------------+--------------------+---------------------+--------------------+
; current_state.IDLE   ; 0                    ; 0                  ; 0                   ; 0                  ;
; current_state.START  ; 0                    ; 0                  ; 1                   ; 1                  ;
; current_state.WAIT   ; 0                    ; 1                  ; 0                   ; 1                  ;
; current_state.WAIT_2 ; 1                    ; 0                  ; 0                   ; 1                  ;
+----------------------+----------------------+--------------------+---------------------+--------------------+


Encoding Type:  One-Hot
+------------------------------------------------------------------------------------------------+
; State Machine - |UART_MAIN|UART_BLOCK:inst|UART_RXD:inst5|state                                ;
+----------------+--------------+----------------+--------------+----------------+---------------+
; Name           ; state.R_STOP ; state.R_SAMPLE ; state.R_WAIT ; state.R_CENTER ; state.R_START ;
+----------------+--------------+----------------+--------------+----------------+---------------+
; state.R_START  ; 0            ; 0              ; 0            ; 0              ; 0             ;
; state.R_CENTER ; 0            ; 0              ; 0            ; 1              ; 1             ;
; state.R_WAIT   ; 0            ; 0              ; 1            ; 0              ; 1             ;
; state.R_SAMPLE ; 0            ; 1              ; 0            ; 0              ; 1             ;
; state.R_STOP   ; 1            ; 0              ; 0            ; 0              ; 1             ;
+----------------+--------------+----------------+--------------+----------------+---------------+


Encoding Type:  One-Hot
+--------------------------------------------------------------------------------------------+
; State Machine - |UART_MAIN|UART_BLOCK:inst|UART_TXD:inst4|state                            ;
+---------------+--------------+---------------+--------------+---------------+--------------+
; Name          ; state.T_STOP ; state.T_SHIFT ; state.T_WAIT ; state.T_START ; state.T_IDLE ;
+---------------+--------------+---------------+--------------+---------------+--------------+
; state.T_IDLE  ; 0            ; 0             ; 0            ; 0             ; 0            ;
; state.T_START ; 0            ; 0             ; 0            ; 1             ; 1            ;
; state.T_WAIT  ; 0            ; 0             ; 1            ; 0             ; 1            ;
; state.T_SHIFT ; 0            ; 1             ; 0            ; 0             ; 1            ;
; state.T_STOP  ; 1            ; 0             ; 0            ; 0             ; 1            ;
+---------------+--------------+---------------+--------------+---------------+--------------+


+----------------------------------------------------------------------------------------+
; Registers Removed During Synthesis                                                     ;
+----------------------------------------+-----------------------------------------------+
; Register name                          ; Reason for Removal                            ;
+----------------------------------------+-----------------------------------------------+
; shift_registerv2:inst5|data_out[0]~en  ; Lost fanout                                   ;
; shift_registerv2:inst5|data_out[1]~en  ; Lost fanout                                   ;
; shift_registerv2:inst5|data_out[2]~en  ; Lost fanout                                   ;
; shift_registerv2:inst5|data_out[3]~en  ; Lost fanout                                   ;
; shift_registerv2:inst5|data_out[4]~en  ; Lost fanout                                   ;
; shift_registerv2:inst5|data_out[5]~en  ; Lost fanout                                   ;
; shift_registerv2:inst5|data_out[6]~en  ; Lost fanout                                   ;
; shift_registerv2:inst5|data_out[7]~en  ; Lost fanout                                   ;
; shift_register:inst2|data[30]          ; Merged with shift_register:inst2|data_out[22] ;
; shift_register:inst2|data[29]          ; Merged with shift_register:inst2|data_out[21] ;
; shift_register:inst2|data[28]          ; Merged with shift_register:inst2|data_out[20] ;
; shift_register:inst2|data[27]          ; Merged with shift_register:inst2|data_out[19] ;
; shift_register:inst2|data[26]          ; Merged with shift_register:inst2|data_out[18] ;
; shift_register:inst2|data[25]          ; Merged with shift_register:inst2|data_out[17] ;
; shift_register:inst2|data[24]          ; Merged with shift_register:inst2|data_out[16] ;
; shift_register:inst2|data[23]          ; Merged with shift_register:inst2|data_out[15] ;
; shift_register:inst2|data[22]          ; Merged with shift_register:inst2|data_out[14] ;
; shift_register:inst2|data[21]          ; Merged with shift_register:inst2|data_out[13] ;
; shift_register:inst2|data[20]          ; Merged with shift_register:inst2|data_out[12] ;
; shift_register:inst2|data[19]          ; Merged with shift_register:inst2|data_out[11] ;
; shift_register:inst2|data[18]          ; Merged with shift_register:inst2|data_out[10] ;
; shift_register:inst2|data[17]          ; Merged with shift_register:inst2|data_out[9]  ;
; shift_register:inst2|data[16]          ; Merged with shift_register:inst2|data_out[8]  ;
; shift_register:inst2|data[15]          ; Merged with shift_register:inst2|data_out[7]  ;
; shift_register:inst2|data[14]          ; Merged with shift_register:inst2|data_out[6]  ;
; shift_register:inst2|data[13]          ; Merged with shift_register:inst2|data_out[5]  ;
; shift_register:inst2|data[12]          ; Merged with shift_register:inst2|data_out[4]  ;
; shift_register:inst2|data[11]          ; Merged with shift_register:inst2|data_out[3]  ;
; shift_register:inst2|data[10]          ; Merged with shift_register:inst2|data_out[2]  ;
; shift_register:inst2|data[9]           ; Merged with shift_register:inst2|data_out[1]  ;
; shift_register:inst2|data[8]           ; Merged with shift_register:inst2|data_out[0]  ;
; shift_register:inst2|data[31]          ; Merged with shift_register:inst2|data_out[23] ;
; shift_registerv2:inst5|current_state~4 ; Lost fanout                                   ;
; shift_registerv2:inst5|current_state~5 ; Lost fanout                                   ;
; Total Number of Removed Registers = 34 ;                                               ;
+----------------------------------------+-----------------------------------------------+


+------------------------------------------------------+
; General Register Statistics                          ;
+----------------------------------------------+-------+
; Statistic                                    ; Value ;
+----------------------------------------------+-------+
; Total registers                              ; 206   ;
; Number of registers using Synchronous Clear  ; 74    ;
; Number of registers using Synchronous Load   ; 0     ;
; Number of registers using Asynchronous Clear ; 8     ;
; Number of registers using Asynchronous Load  ; 0     ;
; Number of registers using Clock Enable       ; 88    ;
; Number of registers using Preset             ; 0     ;
+----------------------------------------------+-------+


+--------------------------------------------------------------------------------------------------------------------------------------------------------------------------+
; Multiplexer Restructuring Statistics (Restructuring Performed)                                                                                                           ;
+--------------------+-----------+---------------+----------------------+------------------------+------------+------------------------------------------------------------+
; Multiplexer Inputs ; Bus Width ; Baseline Area ; Area if Restructured ; Saving if Restructured ; Registered ; Example Multiplexer Output                                 ;
+--------------------+-----------+---------------+----------------------+------------------------+------------+------------------------------------------------------------+
; 5:1                ; 8 bits    ; 24 LEs        ; 24 LEs               ; 0 LEs                  ; Yes        ; |UART_MAIN|shift_registerv2:inst5|data_out[0]~reg0         ;
; 4:1                ; 32 bits   ; 64 LEs        ; 32 LEs               ; 32 LEs                 ; Yes        ; |UART_MAIN|UART_BLOCK:inst|UART_RXD:inst5|\PRO2:xbitcnt[4] ;
; 5:1                ; 32 bits   ; 96 LEs        ; 32 LEs               ; 64 LEs                 ; Yes        ; |UART_MAIN|UART_BLOCK:inst|UART_TXD:inst4|xbitcnt[3]       ;
; 6:1                ; 5 bits    ; 20 LEs        ; 5 LEs                ; 15 LEs                 ; Yes        ; |UART_MAIN|UART_BLOCK:inst|UART_RXD:inst5|\PRO2:xcnt16[0]  ;
; 8:1                ; 5 bits    ; 25 LEs        ; 5 LEs                ; 20 LEs                 ; Yes        ; |UART_MAIN|UART_BLOCK:inst|UART_TXD:inst4|xcnt16[4]        ;
; 3:1                ; 2 bits    ; 4 LEs         ; 2 LEs                ; 2 LEs                  ; No         ; |UART_MAIN|UART_BLOCK:inst|UART_RXD:inst5|state            ;
+--------------------+-----------+---------------+----------------------+------------------------+------------+------------------------------------------------------------+


+-----------------------------------------------------------------------------+
; Parameter Settings for User Entity Instance: UART_BLOCK:inst|UART_TXD:inst4 ;
+----------------+-------+----------------------------------------------------+
; Parameter Name ; Value ; Type                                               ;
+----------------+-------+----------------------------------------------------+
; t_len          ; 8     ; Signed Integer                                     ;
+----------------+-------+----------------------------------------------------+
Note: In order to hide this table in the UI and the text report file, please set the "Show Parameter Settings in Synthesis Report" option in "Analysis and Synthesis Settings -> More Settings" to "Off".


+-----------------------------------------------------------------------------+
; Parameter Settings for User Entity Instance: UART_BLOCK:inst|UART_RXD:inst5 ;
+----------------+-------+----------------------------------------------------+
; Parameter Name ; Value ; Type                                               ;
+----------------+-------+----------------------------------------------------+
; r_len          ; 8     ; Signed Integer                                     ;
+----------------+-------+----------------------------------------------------+
Note: In order to hide this table in the UI and the text report file, please set the "Show Parameter Settings in Synthesis Report" option in "Analysis and Synthesis Settings -> More Settings" to "Off".


+---------------------------------------------------------------------+
; Parameter Settings for User Entity Instance: shift_registerv2:inst5 ;
+----------------+-------+--------------------------------------------+
; Parameter Name ; Value ; Type                                       ;
+----------------+-------+--------------------------------------------+
; IDLE           ; 00    ; Unsigned Binary                            ;
; START          ; 01    ; Unsigned Binary                            ;
; WAIT           ; 10    ; Unsigned Binary                            ;
; WAIT_2         ; 11    ; Unsigned Binary                            ;
+----------------+-------+--------------------------------------------+
Note: In order to hide this table in the UI and the text report file, please set the "Show Parameter Settings in Synthesis Report" option in "Analysis and Synthesis Settings -> More Settings" to "Off".


+-------------------------------+
; Elapsed Time Per Partition    ;
+----------------+--------------+
; Partition Name ; Elapsed Time ;
+----------------+--------------+
; Top            ; 00:00:03     ;
+----------------+--------------+


+-------------------------------+
; Analysis & Synthesis Messages ;
+-------------------------------+
Info: *******************************************************************
Info: Running Quartus II 64-Bit Analysis & Synthesis
    Info: Version 13.0.1 Build 232 06/12/2013 Service Pack 1 SJ Full Version
    Info: Processing started: Wed Apr 22 10:07:47 2015
Info: Command: quartus_map --read_settings_files=on --write_settings_files=off UART -c UART
Info (11104): Parallel Compilation has detected 4 hyper-threaded processors. However, the extra hyper-threaded processors will not be used by default. Parallel Compilation will use 2 of the 2 physical processors detected instead.
Info (12021): Found 4 design units, including 2 entities, in source file uart_rx_tx.vhd
    Info (12022): Found design unit 1: UART_RXD-Behavioral
    Info (12022): Found design unit 2: UART_TXD-Behavioral
    Info (12023): Found entity 1: UART_RXD
    Info (12023): Found entity 2: UART_TXD
Info (12021): Found 1 design units, including 1 entities, in source file uart_base.v
    Info (12023): Found entity 1: UART_CLK
Info (12021): Found 1 design units, including 1 entities, in source file uart_block.bdf
    Info (12023): Found entity 1: UART_BLOCK
Info (12021): Found 1 design units, including 1 entities, in source file uart_main.bdf
    Info (12023): Found entity 1: UART_MAIN
Info (12021): Found 1 design units, including 1 entities, in source file shift.v
    Info (12023): Found entity 1: shift_register
Info (12021): Found 2 design units, including 2 entities, in source file shiftv2.v
    Info (12023): Found entity 1: shift_registerv2
    Info (12023): Found entity 2: select_addr
Info (12021): Found 1 design units, including 1 entities, in source file uart_txd_cache.v
    Info (12023): Found entity 1: UART_TXD_CACHE
Info (12127): Elaborating entity "UART_MAIN" for the top level hierarchy
Info (12128): Elaborating entity "UART_BLOCK" for hierarchy "UART_BLOCK:inst"
Warning (275011): Block or symbol "UART_CLK" of instance "inst" overlaps another block or symbol
Info (12128): Elaborating entity "UART_TXD" for hierarchy "UART_BLOCK:inst|UART_TXD:inst4"
Info (12128): Elaborating entity "UART_CLK" for hierarchy "UART_BLOCK:inst|UART_CLK:inst"
Info (12128): Elaborating entity "UART_TXD_CACHE" for hierarchy "UART_BLOCK:inst|UART_TXD_CACHE:inst1"
Info (12128): Elaborating entity "UART_RXD" for hierarchy "UART_BLOCK:inst|UART_RXD:inst5"
Info (12128): Elaborating entity "shift_registerv2" for hierarchy "shift_registerv2:inst5"
Warning (10235): Verilog HDL Always Construct warning at shiftv2.v(59): variable "count" is read inside the Always Construct but isn't in the Always Construct's Event Control
Info (12128): Elaborating entity "shift_register" for hierarchy "shift_register:inst2"
Info (12128): Elaborating entity "select_addr" for hierarchy "select_addr:inst6"
Warning (13046): Tri-state node(s) do not directly drive top-level pin(s)
    Warning (13049): Converted tri-state buffer "shift_registerv2:inst5|data_out[0]" feeding internal logic into a wire
    Warning (13049): Converted tri-state buffer "shift_registerv2:inst5|data_out[1]" feeding internal logic into a wire
    Warning (13049): Converted tri-state buffer "shift_registerv2:inst5|data_out[2]" feeding internal logic into a wire
    Warning (13049): Converted tri-state buffer "shift_registerv2:inst5|data_out[3]" feeding internal logic into a wire
    Warning (13049): Converted tri-state buffer "shift_registerv2:inst5|data_out[4]" feeding internal logic into a wire
    Warning (13049): Converted tri-state buffer "shift_registerv2:inst5|data_out[5]" feeding internal logic into a wire
    Warning (13049): Converted tri-state buffer "shift_registerv2:inst5|data_out[6]" feeding internal logic into a wire
    Warning (13049): Converted tri-state buffer "shift_registerv2:inst5|data_out[7]" feeding internal logic into a wire
Info (17049): 10 registers lost all their fanouts during netlist optimizations.
Info (144001): Generated suppressed messages file E:/WORKSPACE/WIFI_OSC/FPGA/UART/output_files/UART.map.smsg
Info (16010): Generating hard_block partition "hard_block:auto_generated_inst"
    Info (16011): Adding 0 node(s), including 0 DDIO, 0 PLL, 0 transceiver and 0 LCELL
Info (21057): Implemented 318 device resources after synthesis - the final resource count might be different
    Info (21058): Implemented 2 input pins
    Info (21059): Implemented 5 output pins
    Info (21061): Implemented 311 logic cells
Info: Quartus II 64-Bit Analysis & Synthesis was successful. 0 errors, 11 warnings
    Info: Peak virtual memory: 502 megabytes
    Info: Processing ended: Wed Apr 22 10:08:01 2015
    Info: Elapsed time: 00:00:14
    Info: Total CPU time (on all processors): 00:00:05


+------------------------------------------+
; Analysis & Synthesis Suppressed Messages ;
+------------------------------------------+
The suppressed messages can be found in E:/WORKSPACE/WIFI_OSC/FPGA/UART/output_files/UART.map.smsg.


