Change Component Designator: OldDesignator=C9 NewDesignator=C8
Added Component: Designator=C9(PCBComponent_1)
Added Component: Designator=C13(PCBComponent_1)
Added Component: Designator=C14(PCBComponent_1)
Added Component: Designator=C15(PCBComponent_1)
Added Component: Designator=C16(PCBComponent_1)
Added Component: Designator=C17(PCBComponent_1)
Added Component: Designator=C18(PCBComponent_1)
Added Component: Designator=C19(PCBComponent_1)
Added Component: Designator=C20(PCBComponent_1)
Added Component: Designator=C21(PCBComponent_1)
Added Component: Designator=C22(PCBComponent_1)
Added Component: Designator=C23(PCBComponent_1)
Added Component: Designator=P2(BNC_RA CON)
Added Component: Designator=Q2(PCBComponent_1)
Added Component: Designator=R14(PCBComponent_1)
Added Component: Designator=R15(PCBComponent_1)
Added Component: Designator=R16(PCBComponent_1)
Added Component: Designator=R17(2012[0805])
Added Component: Designator=R18(PCBComponent_1)
Added Component: Designator=R19(PCBComponent_1)
Added Component: Designator=R20(2012[0805])
Added Component: Designator=R22(2012[0805])
Added Component: Designator=R23(2012[0805])
Added Component: Designator=R24(2012[0805])
Added Component: Designator=R25(2012[0805])
Added Component: Designator=R26(PCBComponent_1)
Added Pin To Net: NetName=NetR8_2 Pin=C9-1
Added Pin To Net: NetName=GND Pin=C9-2
Added Pin To Net: NetName=GND Pin=C12-2
Added Pin To Net: NetName=GND Pin=C16-1
Added Pin To Net: NetName=-5 Pin=C17-1
Added Pin To Net: NetName=GND Pin=C17-2
Added Pin To Net: NetName=+5 Pin=C18-1
Added Pin To Net: NetName=GND Pin=C18-2
Added Pin To Net: NetName=GND Pin=C19-1
Added Pin To Net: NetName=+5 Pin=C19-2
Added Pin To Net: NetName=GND Pin=C20-1
Added Pin To Net: NetName=-5 Pin=C20-2
Added Pin To Net: NetName=GND Pin=C21-1
Added Pin To Net: NetName=-5 Pin=C21-2
Added Pin To Net: NetName=GND Pin=C22-1
Added Pin To Net: NetName=+5 Pin=C22-2
Added Pin To Net: NetName=GND Pin=C23-2
Added Pin To Net: NetName=GND Pin=P2-2
Added Pin To Net: NetName=GND Pin=P2-2
Added Pin To Net: NetName=GND Pin=P2-2
Added Pin To Net: NetName=CH2 ATT Pin=P3-1
Added Pin To Net: NetName=CH2 ATT Pin=P3-2
Added Pin To Net: NetName=CH2 ACDC Pin=P4-1
Added Pin To Net: NetName=CH2 ACDC Pin=P4-2
Added Pin To Net: NetName=GND Pin=Q2-1
Added Pin To Net: NetName=GND Pin=R17-1
Added Pin To Net: NetName=CH2 ATT Pin=R18-2
Added Pin To Net: NetName=CH2 ACDC Pin=R26-1
Added Pin To Net: NetName=GND Pin=RE1-2
Added Pin To Net: NetName=+5 Pin=RE2-1
Added Pin To Net: NetName=VREF Pin=U2-2
Added Pin To Net: NetName=GND Pin=U2-4
Added Pin To Net: NetName=-5 Pin=U2-6
Added Pin To Net: NetName=+5 Pin=U2-8
Added Pin To Net: NetName=-5 Pin=U6-2
Added Pin To Net: NetName=+5 Pin=U6-5
Added Pin To Net: NetName=-5 Pin=U-2
Added Pin To Net: NetName=+5 Pin=U-5
Change Net Name : Old Net Name=NetR8_2 New Net Name=NetC9_1
Added Pin To Net: NetName=AD_CH2 Pin=P7-1
Added Pin To Net: NetName=AD_CH2 Pin=P7-2
Added Pin To Net: NetName=AD_CH2 Pin=R25-1
Added Net: Name=AD_CH2
Added Pin To Net: NetName=CH2_VPMS Pin=P6-1
Added Pin To Net: NetName=CH2_VPMS Pin=P6-2
Added Pin To Net: NetName=CH2_VPMS Pin=R8-1
Added Net: Name=CH2_VPMS
Added Pin To Net: NetName=CH2_VPOS Pin=P5-1
Added Pin To Net: NetName=CH2_VPOS Pin=P5-2
Added Pin To Net: NetName=CH2_VPOS Pin=R24-1
Added Net: Name=CH2_VPOS
Added Pin To Net: NetName=NetC13_1 Pin=C13-1
Added Pin To Net: NetName=NetC13_1 Pin=P2-1
Added Pin To Net: NetName=NetC13_1 Pin=RE1-4
Added Net: Name=NetC13_1
Added Pin To Net: NetName=NetC13_2 Pin=C13-2
Added Pin To Net: NetName=NetC13_2 Pin=C14-2
Added Pin To Net: NetName=NetC13_2 Pin=R14-2
Added Pin To Net: NetName=NetC13_2 Pin=RE1-3
Added Net: Name=NetC13_2
Added Pin To Net: NetName=NetC14_1 Pin=C14-1
Added Pin To Net: NetName=NetC14_1 Pin=C15-2
Added Pin To Net: NetName=NetC14_1 Pin=R14-1
Added Pin To Net: NetName=NetC14_1 Pin=R15-2
Added Pin To Net: NetName=NetC14_1 Pin=RE2-9
Added Net: Name=NetC14_1
Added Pin To Net: NetName=NetC15_1 Pin=C15-1
Added Pin To Net: NetName=NetC15_1 Pin=C16-2
Added Pin To Net: NetName=NetC15_1 Pin=R16-1
Added Pin To Net: NetName=NetC15_1 Pin=R17-2
Added Pin To Net: NetName=NetC15_1 Pin=RE2-7
Added Net: Name=NetC15_1
Added Pin To Net: NetName=NetC23_1 Pin=C23-1
Added Pin To Net: NetName=NetC23_1 Pin=R8-2
Added Pin To Net: NetName=NetC23_1 Pin=U2-1
Added Net: Name=NetC23_1
Added Pin To Net: NetName=NetQ2_2 Pin=Q2-2
Added Pin To Net: NetName=NetQ2_2 Pin=R18-1
Added Net: Name=NetQ2_2
Added Pin To Net: NetName=NetQ2_3 Pin=RE2-10
Added Net: Name=NetQ2_3
Added Pin To Net: NetName=NetR15_1 Pin=R15-1
Added Pin To Net: NetName=NetR15_1 Pin=R16-2
Added Net: Name=NetR15_1
Added Pin To Net: NetName=NetR19_1 Pin=R19-1
Added Pin To Net: NetName=NetR19_1 Pin=U6-3
Added Net: Name=NetR19_1
Added Pin To Net: NetName=NetR19_2 Pin=R19-2
Added Pin To Net: NetName=NetR19_2 Pin=RE2-8
Added Net: Name=NetR19_2
Added Pin To Net: NetName=NetR20_1 Pin=R20-1
Added Pin To Net: NetName=NetR20_1 Pin=U2-7
Added Pin To Net: NetName=NetR20_1 Pin=U-3
Added Net: Name=NetR20_1
Added Pin To Net: NetName=NetR20_2 Pin=R20-2
Added Pin To Net: NetName=NetR20_2 Pin=U2-5
Added Net: Name=NetR20_2
Added Pin To Net: NetName=NetR22_1 Pin=R22-1
Added Pin To Net: NetName=NetR22_1 Pin=R25-2
Added Pin To Net: NetName=NetR22_1 Pin=U-1
Added Net: Name=NetR22_1
Added Pin To Net: NetName=NetR22_2 Pin=R22-2
Added Pin To Net: NetName=NetR22_2 Pin=R23-2
Added Pin To Net: NetName=NetR22_2 Pin=U-4
Added Net: Name=NetR22_2
Added Pin To Net: NetName=NetR26_2 Pin=R26-2
Added Pin To Net: NetName=NetR26_2 Pin=RE1-1
Added Net: Name=NetR26_2
Added Class: Name=示波器原理图2
Added Member To Class: ClassName=示波器原理图 Member=Component C9 
Added Room: Name=示波器原理图2
Added Room: Name=示波器原理图3
Added Room: Name=示波器原理图
