Removed Pin From Net: NetName=AD_CH1 Pin=U18-2
Removed Pin From Net: NetName=NetC25_1 Pin=U18-5
Removed Member From Class: ClassName=示波器原理图5 Member=U18
Change Component Comment : Designator=U18 Old Comment= New Comment=AD8055ART
Added Component: Designator=U188(TSQFP50P900X900X160-48N)
Added Pin To Net: NetName=-5 Pin=U18-2
Added Pin To Net: NetName=+5 Pin=U18-5
Added Pin To Net: NetName=GND Pin=U188-1
Added Pin To Net: NetName=AD_CH1 Pin=U188-2
Added Pin To Net: NetName=NetC27_1 Pin=U188-3
Added Pin To Net: NetName=GND Pin=U188-4
Added Pin To Net: NetName=NetC25_1 Pin=U188-5
Added Pin To Net: NetName=NetC25_1 Pin=U188-6
Added Pin To Net: NetName=NetC25_1 Pin=U188-7
Added Pin To Net: NetName=+3.3 Pin=U188-8
Added Pin To Net: NetName=AD_S Pin=U188-9
Added Pin To Net: NetName=NetC26_1 Pin=U188-10
Added Pin To Net: NetName=NetRE3_3 Pin=U188-11
Added Pin To Net: NetName=GND Pin=U188-12
Added Pin To Net: NetName=NetC29_1 Pin=U188-13
Added Pin To Net: NetName=NetR39_1 Pin=U188-14
Added Pin To Net: NetName=+3.3 Pin=U188-15
Added Pin To Net: NetName=GND Pin=U188-16
Added Pin To Net: NetName=AD_DB7 Pin=U188-17
Added Pin To Net: NetName=AD_DB6 Pin=U188-18
Added Pin To Net: NetName=AD_DB5 Pin=U188-19
Added Pin To Net: NetName=AD_DB4 Pin=U188-20
Added Pin To Net: NetName=AD_DB3 Pin=U188-21
Added Pin To Net: NetName=AD_DB2 Pin=U188-22
Added Pin To Net: NetName=AD_DB1 Pin=U188-23
Added Pin To Net: NetName=AD_DB0 Pin=U188-24
Added Pin To Net: NetName=GND Pin=U188-27
Added Pin To Net: NetName=+3.3 Pin=U188-28
Added Pin To Net: NetName=GND Pin=U188-29
Added Pin To Net: NetName=NetC29_1 Pin=U188-30
Added Pin To Net: NetName=NetC29_1 Pin=U188-31
Added Pin To Net: NetName=GND Pin=U188-32
Added Pin To Net: NetName=+3.3 Pin=U188-33
Added Pin To Net: NetName=GND Pin=U188-34
Added Pin To Net: NetName=AD_DA0 Pin=U188-37
Added Pin To Net: NetName=AD_DA1 Pin=U188-38
Added Pin To Net: NetName=AD_DA2 Pin=U188-39
Added Pin To Net: NetName=AD_DA3 Pin=U188-40
Added Pin To Net: NetName=AD_DA4 Pin=U188-41
Added Pin To Net: NetName=AD_DA5 Pin=U188-42
Added Pin To Net: NetName=AD_DA6 Pin=U188-43
Added Pin To Net: NetName=AD_DA7 Pin=U188-44
Added Pin To Net: NetName=GND Pin=U188-45
Added Pin To Net: NetName=+3.3 Pin=U188-46
Added Pin To Net: NetName=NetR38_1 Pin=U188-47
Added Pin To Net: NetName=NetC29_1 Pin=U188-48
Added Member To Class: ClassName=示波器原理图2 Member=Component U18 AD8055ART
Added Member To Class: ClassName=示波器原理图5 Member=Component U188 
Added Room: Name=示波器原理图2
Added Room: Name=示波器原理图3
Added Room: Name=示波器原理图5
Added Room: Name=示波器原理图
