Removed Pin From Net: NetName=NetC13_2 Pin=C14-2
Removed Pin From Net: NetName=NetC13_1 Pin=P2-1
Removed Pin From Net: NetName=NetQ2_2 Pin=Q2-2
Removed Pin From Net: NetName=NetC14_1 Pin=Q2-3
Removed Pin From Net: NetName=NetC13_2 Pin=R14-2
Removed Pin From Net: NetName=NetQ2_2 Pin=R18-1
Removed Pin From Net: NetName=CH2 ATT Pin=R18-2
Removed Pin From Net: NetName=AD_VPMS Pin=R21-1
Removed Pin From Net: NetName=+5 Pin=R22-2
Removed Pin From Net: NetName=+5 Pin=R25-1
Removed Pin From Net: NetName=CH2 ACDC Pin=R26-1
Removed Pin From Net: NetName=NetR26_2 Pin=R26-2
Removed Pin From Net: NetName=NetR26_2 Pin=RE3-1
Removed Pin From Net: NetName=NetC15_1 Pin=RE4-7
Removed Pin From Net: NetName=NetR19_2 Pin=RE4-8
Removed Pin From Net: NetName=NetC14_1 Pin=RE4-9
Removed Pin From Net: NetName=NetC14_1 Pin=RE4-10
Removed Pin From Net: NetName=+5 Pin=U21-1
Added Component: Designator=P3(HDR1X2)
Added Component: Designator=P4(HDR1X2)
Added Component: Designator=P5(HDR1X2)
Added Component: Designator=P6(HDR1X2)
Added Component: Designator=P7(HDR1X2)
Added Pin To Net: NetName=NetC13_1 Pin=C14-2
Added Pin To Net: NetName=NetC13_2 Pin=P2-1
Added Pin To Net: NetName=CH2 ATT Pin=P3-1
Added Pin To Net: NetName=CH2 ATT Pin=P3-2
Added Pin To Net: NetName=CH2 ACDC Pin=P4-1
Added Pin To Net: NetName=CH2 ACDC Pin=P4-2
Added Pin To Net: NetName=CH2_VPOS Pin=P5-1
Added Pin To Net: NetName=CH2_VPOS Pin=P5-2
Added Pin To Net: NetName=NetR26_2 Pin=P6-1
Added Pin To Net: NetName=NetR26_2 Pin=P6-2
Added Pin To Net: NetName=AD_CH2 Pin=P7-1
Added Pin To Net: NetName=AD_CH2 Pin=P7-2
Added Pin To Net: NetName=CH2 ATT Pin=Q2-2
Added Pin To Net: NetName=AD_VPMS Pin=Q2-3
Added Pin To Net: NetName=NetC13_1 Pin=R14-2
Added Pin To Net: NetName=CH2 ATT Pin=R18-1
Added Pin To Net: NetName=NetR26_2 Pin=R21-1
Added Pin To Net: NetName=NetQ2_2 Pin=R22-2
Added Pin To Net: NetName=NetQ2_2 Pin=R25-1
Added Pin To Net: NetName=CH2 ACDC Pin=R26-2
Added Pin To Net: NetName=CH2 ACDC Pin=RE3-1
Added Pin To Net: NetName=NetC14_1 Pin=RE4-2
Added Pin To Net: NetName=NetR19_2 Pin=RE4-3
Added Pin To Net: NetName=NetC15_1 Pin=RE4-4
Added Pin To Net: NetName=AD_VPMS Pin=RE4-10
Added Pin To Net: NetName=NetQ2_2 Pin=U21-1
Change Net Name : Old Net Name=AD_VPMS New Net Name=NetQ2_3
Change Net Name : Old Net Name=NetQ2_2 New Net Name=NetR22_2
Change Net Name : Old Net Name=NetR26_2 New Net Name=CH2_VPMS
Added Member To Class: ClassName=示波器原理图2 Member=Component P3 Header 2
Added Member To Class: ClassName=示波器原理图2 Member=Component P4 Header 2
Added Member To Class: ClassName=示波器原理图2 Member=Component P5 Header 2
Added Member To Class: ClassName=示波器原理图2 Member=Component P6 Header 2
Added Member To Class: ClassName=示波器原理图2 Member=Component P7 Header 2
Added Room: Name=示波器原理图2
