Removed Pin From Net: NetName=GND Pin=C32-1
Removed Pin From Net: NetName=5V Pin=C32-2
Removed Pin From Net: NetName=GND Pin=C33-1
Removed Pin From Net: NetName=VREF Pin=C33-2
Removed Pin From Net: NetName=GND Pin=C34-1
Removed Pin From Net: NetName=GND Pin=C35-1
Removed Pin From Net: NetName=5V Pin=C35-2
Removed Pin From Net: NetName=GND Pin=C36-1
Removed Pin From Net: NetName=5V Pin=C36-2
Removed Pin From Net: NetName=GND Pin=C37-2
Removed Pin From Net: NetName=GND Pin=C38-2
Removed Pin From Net: NetName=GND Pin=C39-2
Removed Pin From Net: NetName=GND Pin=C40-2
Removed Pin From Net: NetName=5V Pin=C41-1
Removed Pin From Net: NetName=GND Pin=C41-2
Removed Pin From Net: NetName=GND Pin=C42-1
Removed Pin From Net: NetName=5V Pin=C43-1
Removed Pin From Net: NetName=GND Pin=C43-2
Removed Pin From Net: NetName=GND Pin=C44-2
Removed Pin From Net: NetName=GND Pin=C45-2
Removed Pin From Net: NetName=GND Pin=C73-1
Removed Pin From Net: NetName=VREF Pin=C73-2
Removed Pin From Net: NetName=5V Pin=Q1-2
Removed Pin From Net: NetName=GND Pin=Q1-3
Removed Pin From Net: NetName=VREF Pin=R27-1
Removed Pin From Net: NetName=GND Pin=R27-2
Removed Pin From Net: NetName=VREF Pin=R28-1
Removed Pin From Net: NetName=5V Pin=U1-4
Removed Pin From Net: NetName=GND Pin=U13-6
Removed Pin From Net: NetName=5V Pin=U13-7
Removed Pin From Net: NetName=GND Pin=U13-8
Removed Pin From Net: NetName=5V Pin=U13-16
Removed Pin From Net: NetName=GND Pin=U16-3
Removed Pin From Net: NetName=GND Pin=U16-5
Removed Pin From Net: NetName=5V Pin=U16-8
Removed Pin From Net: NetName=CH2 ACDC Pin=U?-5
Removed Pin From Net: NetName=CH2 ATT Pin=U?-6
Removed Pin From Net: NetName=GND Pin=U?-8
Removed Pin From Net: NetName=GND Pin=U?-13
Added Component: Designator=C13(VP32-3.2)
Added Component: Designator=C14*(C1210)
Added Component: Designator=C14(VP32-3.2)
Added Component: Designator=C15*(C1210)
Added Component: Designator=C15(VP32-3.2)
Added Component: Designator=C16(VP32-3.2)
Added Component: Designator=C17(VP32-3.2)
Added Component: Designator=C18(VP32-3.2)
Added Component: Designator=C19(VP32-3.2)
Added Component: Designator=C20(VP32-3.2)
Added Component: Designator=C21(VP32-3.2)
Added Component: Designator=C22(VP32-3.2)
Added Component: Designator=C24(VP32-3.2)
Added Component: Designator=P2(BNC_RA CON)
Added Component: Designator=Q2(TO-92A)
Added Component: Designator=R14(AXIAL-0.3)
Added Component: Designator=R15(AXIAL-0.3)
Added Component: Designator=R16(AXIAL-0.3)
Added Component: Designator=R17(AXIAL-0.3)
Added Component: Designator=R18(AXIAL-0.3)
Added Component: Designator=R19(AXIAL-0.3)
Added Component: Designator=R20(AXIAL-0.3)
Added Component: Designator=R21(AXIAL-0.3)
Added Component: Designator=R22(AXIAL-0.3)
Added Component: Designator=R23(AXIAL-0.3)
Added Component: Designator=R24(AXIAL-0.3)
Added Component: Designator=R25(AXIAL-0.3)
Added Component: Designator=R26(AXIAL-0.3)
Added Component: Designator=RE3(PCBComponent_1)
Added Component: Designator=U9(SOIC127P600X175-8N)
Added Component: Designator=U20(SOT95P245X110-5N)
Added Component: Designator=U21(SOT95P245X110-5N)
Added Pin To Net: NetName=GND Pin=C16-1
Added Pin To Net: NetName=GND Pin=C17-2
Added Pin To Net: NetName=GND Pin=C18-2
Added Pin To Net: NetName=5V Pin=C19-1
Added Pin To Net: NetName=GND Pin=C19-2
Added Pin To Net: NetName=GND Pin=C20-2
Added Pin To Net: NetName=GND Pin=C21-2
Added Pin To Net: NetName=GND Pin=C22-2
Added Pin To Net: NetName=GND Pin=C24-1
Added Pin To Net: NetName=GND Pin=P2-2
Added Pin To Net: NetName=GND Pin=P2-2
Added Pin To Net: NetName=GND Pin=P2-2
Added Pin To Net: NetName=GND Pin=Q2-1
Added Pin To Net: NetName=GND Pin=R17-1
Added Pin To Net: NetName=CH2 ATT Pin=R18-2
Added Pin To Net: NetName=CH2 ACDC Pin=R26-1
Added Pin To Net: NetName=GND Pin=RE3-2
Added Pin To Net: NetName=VREF Pin=U9-2
Added Pin To Net: NetName=GND Pin=U9-4
Added Pin To Net: NetName=5V Pin=U9-8
Added Pin To Net: NetName=+5 Pin=C18-1
Added Pin To Net: NetName=+5 Pin=C22-1
Added Pin To Net: NetName=+5 Pin=R22-2
Added Pin To Net: NetName=+5 Pin=R25-1
Added Pin To Net: NetName=+5 Pin=U20-5
Added Pin To Net: NetName=+5 Pin=U21-1
Added Pin To Net: NetName=+5 Pin=U21-5
Added Net: Name=+5
Added Pin To Net: NetName=-5 Pin=C17-1
Added Pin To Net: NetName=-5 Pin=C20-1
Added Pin To Net: NetName=-5 Pin=C21-1
Added Pin To Net: NetName=-5 Pin=U9-6
Added Pin To Net: NetName=-5 Pin=U20-2
Added Pin To Net: NetName=-5 Pin=U21-2
Added Net: Name=-5
Added Pin To Net: NetName=AD_CH2 Pin=R25-2
Added Net: Name=AD_CH2
Added Pin To Net: NetName=AD_VPMS Pin=R21-1
Added Net: Name=AD_VPMS
Added Pin To Net: NetName=CH2_VPOS Pin=R24-1
Added Net: Name=CH2_VPOS
Added Pin To Net: NetName=NetC13_1 Pin=C13-1
Added Pin To Net: NetName=NetC13_1 Pin=P2-1
Added Pin To Net: NetName=NetC13_1 Pin=RE3-4
Added Net: Name=NetC13_1
Added Pin To Net: NetName=NetC13_2 Pin=C13-2
Added Pin To Net: NetName=NetC13_2 Pin=C14*-2
Added Pin To Net: NetName=NetC13_2 Pin=C14-2
Added Pin To Net: NetName=NetC13_2 Pin=R14-2
Added Pin To Net: NetName=NetC13_2 Pin=RE3-3
Added Net: Name=NetC13_2
Added Pin To Net: NetName=NetC14*_1 Pin=C14*-1
Added Pin To Net: NetName=NetC14*_1 Pin=C14-1
Added Pin To Net: NetName=NetC14*_1 Pin=C15*-2
Added Pin To Net: NetName=NetC14*_1 Pin=C15-2
Added Pin To Net: NetName=NetC14*_1 Pin=Q2-3
Added Pin To Net: NetName=NetC14*_1 Pin=R14-1
Added Pin To Net: NetName=NetC14*_1 Pin=R15-2
Added Net: Name=NetC14*_1
Added Pin To Net: NetName=NetC15*_1 Pin=C15*-1
Added Pin To Net: NetName=NetC15*_1 Pin=C15-1
Added Pin To Net: NetName=NetC15*_1 Pin=C16-2
Added Pin To Net: NetName=NetC15*_1 Pin=R16-1
Added Pin To Net: NetName=NetC15*_1 Pin=R17-2
Added Net: Name=NetC15*_1
Added Pin To Net: NetName=NetC24_2 Pin=C24-2
Added Pin To Net: NetName=NetC24_2 Pin=R23-1
Added Pin To Net: NetName=NetC24_2 Pin=R24-2
Added Net: Name=NetC24_2
Added Pin To Net: NetName=NetQ2_2 Pin=Q2-2
Added Pin To Net: NetName=NetQ2_2 Pin=R18-1
Added Net: Name=NetQ2_2
Added Pin To Net: NetName=NetR15_1 Pin=R15-1
Added Pin To Net: NetName=NetR15_1 Pin=R16-2
Added Net: Name=NetR15_1
Added Pin To Net: NetName=NetR19_1 Pin=R19-1
Added Pin To Net: NetName=NetR19_1 Pin=U20-3
Added Net: Name=NetR19_1
Added Pin To Net: NetName=NetR19_2 Pin=R19-2
Added Net: Name=NetR19_2
Added Pin To Net: NetName=NetR20_1 Pin=R20-1
Added Pin To Net: NetName=NetR20_1 Pin=U9-5
Added Net: Name=NetR20_1
Added Pin To Net: NetName=NetR20_2 Pin=R20-2
Added Pin To Net: NetName=NetR20_2 Pin=U9-7
Added Pin To Net: NetName=NetR20_2 Pin=U21-3
Added Net: Name=NetR20_2
Added Pin To Net: NetName=NetR21_2 Pin=R21-2
Added Pin To Net: NetName=NetR21_2 Pin=U9-1
Added Net: Name=NetR21_2
Added Pin To Net: NetName=NetR22_1 Pin=R22-1
Added Pin To Net: NetName=NetR22_1 Pin=R23-2
Added Pin To Net: NetName=NetR22_1 Pin=U21-4
Added Net: Name=NetR22_1
Added Pin To Net: NetName=NetR26_2 Pin=R26-2
Added Pin To Net: NetName=NetR26_2 Pin=RE3-1
Added Net: Name=NetR26_2
Added Pin To Net: NetName=NetU9_3 Pin=U9-3
Added Pin To Net: NetName=NetU9_3 Pin=U20-1
Added Pin To Net: NetName=NetU9_3 Pin=U20-4
Added Net: Name=NetU9_3
Added Class: Name=示波器原理图2
Added Room: Name=示波器原理图2
