Added Component: Designator=C13(VP32-3.2)
Added Component: Designator=C14*(C1210)
Added Component: Designator=C14(VP32-3.2)
Added Component: Designator=C15*(C1210)
Added Component: Designator=C15(VP32-3.2)
Added Component: Designator=C16(VP32-3.2)
Added Component: Designator=C17(VP32-3.2)
Added Component: Designator=C18(VP32-3.2)
Added Component: Designator=C19(VP32-3.2)
Added Component: Designator=C20(VP32-3.2)
Added Component: Designator=C21(VP32-3.2)
Added Component: Designator=C22(VP32-3.2)
Added Component: Designator=C24(VP32-3.2)
Added Component: Designator=P2(BNC_RA CON)
Added Component: Designator=Q2(TO-92A)
Added Component: Designator=R14(AXIAL-0.3)
Added Component: Designator=R15(AXIAL-0.3)
Added Component: Designator=R16(AXIAL-0.3)
Added Component: Designator=R17(AXIAL-0.3)
Added Component: Designator=R18(AXIAL-0.3)
Added Component: Designator=R19(AXIAL-0.3)
Added Component: Designator=R20(AXIAL-0.3)
Added Component: Designator=R21(AXIAL-0.3)
Added Component: Designator=R22(AXIAL-0.3)
Added Component: Designator=R23(AXIAL-0.3)
Added Component: Designator=R24(AXIAL-0.3)
Added Component: Designator=R25(AXIAL-0.3)
Added Component: Designator=R26(AXIAL-0.3)
Added Component: Designator=RE3(PCBComponent_1)
Added Component: Designator=RE4(SOIC127P1030X265-10N)
Added Pin To Net: NetName=NetC13_1 Pin=C13-1
Added Pin To Net: NetName=NetC13_2 Pin=C13-2
Added Pin To Net: NetName=NetC14*_1 Pin=C14*-1
Added Pin To Net: NetName=NetC13_2 Pin=C14*-2
Added Pin To Net: NetName=NetC14*_1 Pin=C14-1
Added Pin To Net: NetName=NetC13_2 Pin=C14-2
Added Pin To Net: NetName=NetC15*_1 Pin=C15*-1
Added Pin To Net: NetName=NetC14*_1 Pin=C15*-2
Added Pin To Net: NetName=NetC15*_1 Pin=C15-1
Added Pin To Net: NetName=NetC14*_1 Pin=C15-2
Added Pin To Net: NetName=GND Pin=C16-1
Added Pin To Net: NetName=NetC15*_1 Pin=C16-2
Added Pin To Net: NetName=-5 Pin=C17-1
Added Pin To Net: NetName=GND Pin=C17-2
Added Pin To Net: NetName=+5 Pin=C18-1
Added Pin To Net: NetName=GND Pin=C18-2
Added Pin To Net: NetName=5V Pin=C19-1
Added Pin To Net: NetName=GND Pin=C19-2
Added Pin To Net: NetName=-5 Pin=C20-1
Added Pin To Net: NetName=GND Pin=C20-2
Added Pin To Net: NetName=-5 Pin=C21-1
Added Pin To Net: NetName=GND Pin=C21-2
Added Pin To Net: NetName=+5 Pin=C22-1
Added Pin To Net: NetName=GND Pin=C22-2
Added Pin To Net: NetName=GND Pin=C24-1
Added Pin To Net: NetName=NetC24_2 Pin=C24-2
Added Pin To Net: NetName=NetC13_1 Pin=P2-1
Added Pin To Net: NetName=GND Pin=P2-2
Added Pin To Net: NetName=GND Pin=P2-2
Added Pin To Net: NetName=GND Pin=P2-2
Added Pin To Net: NetName=GND Pin=Q2-1
Added Pin To Net: NetName=NetQ2_2 Pin=Q2-2
Added Pin To Net: NetName=NetC14*_1 Pin=Q2-3
Added Pin To Net: NetName=NetC14*_1 Pin=R14-1
Added Pin To Net: NetName=NetC13_2 Pin=R14-2
Added Pin To Net: NetName=NetR15_1 Pin=R15-1
Added Pin To Net: NetName=NetC14*_1 Pin=R15-2
Added Pin To Net: NetName=NetC15*_1 Pin=R16-1
Added Pin To Net: NetName=NetR15_1 Pin=R16-2
Added Pin To Net: NetName=GND Pin=R17-1
Added Pin To Net: NetName=NetC15*_1 Pin=R17-2
Added Pin To Net: NetName=NetQ2_2 Pin=R18-1
Added Pin To Net: NetName=CH2 ATT Pin=R18-2
Added Pin To Net: NetName=NetR19_1 Pin=R19-1
Added Pin To Net: NetName=NetR19_2 Pin=R19-2
Added Pin To Net: NetName=NetR20_1 Pin=R20-1
Added Pin To Net: NetName=NetR20_2 Pin=R20-2
Added Pin To Net: NetName=AD_VPMS Pin=R21-1
Added Pin To Net: NetName=NetR21_2 Pin=R21-2
Added Pin To Net: NetName=NetR22_1 Pin=R22-1
Added Pin To Net: NetName=+5 Pin=R22-2
Added Pin To Net: NetName=NetC24_2 Pin=R23-1
Added Pin To Net: NetName=NetR22_1 Pin=R23-2
Added Pin To Net: NetName=CH2_VPOS Pin=R24-1
Added Pin To Net: NetName=NetC24_2 Pin=R24-2
Added Pin To Net: NetName=+5 Pin=R25-1
Added Pin To Net: NetName=AD_CH2 Pin=R25-2
Added Pin To Net: NetName=CH2 ACDC Pin=R26-1
Added Pin To Net: NetName=NetR26_2 Pin=R26-2
Added Pin To Net: NetName=NetR26_2 Pin=RE3-1
Added Pin To Net: NetName=GND Pin=RE3-2
Added Pin To Net: NetName=NetC13_2 Pin=RE3-3
Added Pin To Net: NetName=NetC13_1 Pin=RE3-4
Added Pin To Net: NetName=5V Pin=RE4-1
Added Pin To Net: NetName=NetC15*_1 Pin=RE4-7
Added Pin To Net: NetName=NetR19_2 Pin=RE4-8
Added Pin To Net: NetName=NetC14*_1 Pin=RE4-9
Added Pin To Net: NetName=NetC14*_1 Pin=RE4-10
Added Member To Class: ClassName=示波器原理图2 Member=Component C13 
Added Member To Class: ClassName=示波器原理图2 Member=Component C14* 
Added Member To Class: ClassName=示波器原理图2 Member=Component C14 
Added Member To Class: ClassName=示波器原理图2 Member=Component C15* 
Added Member To Class: ClassName=示波器原理图2 Member=Component C15 
Added Member To Class: ClassName=示波器原理图2 Member=Component C16 
Added Member To Class: ClassName=示波器原理图2 Member=Component C17 
Added Member To Class: ClassName=示波器原理图2 Member=Component C18 
Added Member To Class: ClassName=示波器原理图2 Member=Component C19 
Added Member To Class: ClassName=示波器原理图2 Member=Component C20 
Added Member To Class: ClassName=示波器原理图2 Member=Component C21 
Added Member To Class: ClassName=示波器原理图2 Member=Component C22 
Added Member To Class: ClassName=示波器原理图2 Member=Component C24 
Added Member To Class: ClassName=示波器原理图2 Member=Component P2 BNC
Added Member To Class: ClassName=示波器原理图2 Member=Component Q2 8050
Added Member To Class: ClassName=示波器原理图2 Member=Component R14 
Added Member To Class: ClassName=示波器原理图2 Member=Component R15 
Added Member To Class: ClassName=示波器原理图2 Member=Component R16 
Added Member To Class: ClassName=示波器原理图2 Member=Component R17 
Added Member To Class: ClassName=示波器原理图2 Member=Component R18 
Added Member To Class: ClassName=示波器原理图2 Member=Component R19 
Added Member To Class: ClassName=示波器原理图2 Member=Component R20 
Added Member To Class: ClassName=示波器原理图2 Member=Component R21 
Added Member To Class: ClassName=示波器原理图2 Member=Component R22 
Added Member To Class: ClassName=示波器原理图2 Member=Component R23 
Added Member To Class: ClassName=示波器原理图2 Member=Component R24 
Added Member To Class: ClassName=示波器原理图2 Member=Component R25 
Added Member To Class: ClassName=示波器原理图2 Member=Component R26 
Added Member To Class: ClassName=示波器原理图2 Member=Component RE3 AQY210E
Added Member To Class: ClassName=示波器原理图2 Member=Component RE4 TQ2-5V
Added Room: Name=示波器原理图2
