Removed Pin From Net: NetName=NetC12_1 Pin=C12-1
Removed Pin From Net: NetName=CH2_VPMS Pin=R8-1
Removed Pin From Net: NetName=NetC23_1 Pin=R8-2
Removed Pin From Net: NetName=NetU16_1 Pin=U16-1
Removed Pin From Net: NetName=NetR19_1 Pin=U16-3
Removed Pin From Net: NetName=NetU16_1 Pin=U16-4
Removed Member From Class: ClassName=示波器原理图 Member=P17
Change Component Designator: OldDesignator= NewDesignator=U01
Added Component: Designator=U02(SOP254P610X218-4N)
Added Pin To Net: NetName=Net_1 Pin=C1-1
Added Pin To Net: NetName=NetC12_1 Pin=C12-1
Added Pin To Net: NetName=NetC12_1 Pin=C12-1
Added Pin To Net: NetName=GND Pin=C12-2
Added Pin To Net: NetName=Net_1 Pin=P1-1
Added Pin To Net: NetName=CH1_VPMS Pin=R8-1
Added Pin To Net: NetName=CH2_VPMS Pin=R8-1
Added Pin To Net: NetName=NetC9_1 Pin=R8-2
Added Pin To Net: NetName=NetC23_1 Pin=R8-2
Added Pin To Net: NetName=Net_4 Pin=R13-2
Added Pin To Net: NetName=Net_4 Pin=U02-1
Added Pin To Net: NetName=GND Pin=U02-2
Added Pin To Net: NetName=Net_3 Pin=U02-3
Added Pin To Net: NetName=Net_1 Pin=U02-4
Added Pin To Net: NetName=NetR36_2 Pin=U16-1
Added Pin To Net: NetName=NetU16_1 Pin=U16-1
Added Pin To Net: NetName=-5 Pin=U16-2
Added Pin To Net: NetName=GND Pin=U16-3
Added Pin To Net: NetName=NetR19_1 Pin=U16-3
Added Pin To Net: NetName=-5V Pin=U16-4
Added Pin To Net: NetName=NetU16_1 Pin=U16-4
Added Pin To Net: NetName=+5 Pin=U16-5
Change Net Name : Old Net Name=Net_1 New Net Name=NetC1_1
Change Net Name : Old Net Name=Net_1 New Net Name=NetR26_2
Change Net Name : Old Net Name=Net_3 New Net Name=NetC1_2
Change Net Name : Old Net Name=Net_3 New Net Name=NetC13_2
Change Net Name : Old Net Name=Net_4 New Net Name=NetC13_1
Change Net Name : Old Net Name=Net_4 New Net Name=NetR13_2
Added Member To Class: ClassName=示波器原理图2 Member=Component U01 CPC1017N
Added Member To Class: ClassName=示波器原理图 Member=Component U02 CPC1017N
Added Room: Name=示波器原理图2
Added Room: Name=示波器原理图3
Added Room: Name=示波器原理图
