Removed Pin From Net: NetName=NetU12_1 Pin=U12-1
Removed Pin From Net: NetName=GND Pin=U12-2
Removed Pin From Net: NetName=NetC34_2 Pin=U12-3
Removed Pin From Net: NetName=SPI DATA Pin=U12-4
Removed Pin From Net: NetName=SPI CLK Pin=U12-5
Removed Pin From Net: NetName=SPI DA LE Pin=U12-6
Removed Member From Class: ClassName=示波器原理图3 Member=U12
Removed Member From Class: ClassName=示波器原理图3 Member=U12
Change Component Comment : Designator=U1 Old Comment= New Comment=TL074D
Change Component Comment : Designator=U12 Old Comment=AD5320 New Comment=
Added Pin To Net: NetName=GND Pin=U12-1
Added Pin To Net: NetName=NetU12_1 Pin=U12-1
Added Pin To Net: NetName=AD_CH1 Pin=U12-2
Added Pin To Net: NetName=GND Pin=U12-2
Added Pin To Net: NetName=NetC27_1 Pin=U12-3
Added Pin To Net: NetName=NetC34_2 Pin=U12-3
Added Pin To Net: NetName=GND Pin=U12-4
Added Pin To Net: NetName=SPI DATA Pin=U12-4
Added Pin To Net: NetName=NetC25_1 Pin=U12-5
Added Pin To Net: NetName=SPI CLK Pin=U12-5
Added Pin To Net: NetName=NetC25_1 Pin=U12-6
Added Pin To Net: NetName=SPI DA LE Pin=U12-6
Added Member To Class: ClassName=示波器原理图3 Member=Component U1 TL074D
Added Member To Class: ClassName=示波器原理图5 Member=Component U12 
Added Room: Name=示波器原理图2
Added Room: Name=示波器原理图3
Added Room: Name=示波器原理图5
Added Room: Name=示波器原理图
