Removed Pin From Net: NetName=GND Pin=C32-1
Removed Pin From Net: NetName=GND Pin=C33-1
Removed Pin From Net: NetName=VREF Pin=C33-2
Removed Pin From Net: NetName=GND Pin=C34-1
Removed Pin From Net: NetName=GND Pin=C35-1
Removed Pin From Net: NetName=GND Pin=C36-1
Removed Pin From Net: NetName=GND Pin=C37-2
Removed Pin From Net: NetName=GND Pin=C38-2
Removed Pin From Net: NetName=GND Pin=C39-2
Removed Pin From Net: NetName=GND Pin=C40-2
Removed Pin From Net: NetName=GND Pin=C41-2
Removed Pin From Net: NetName=GND Pin=C42-1
Removed Pin From Net: NetName=GND Pin=C43-2
Removed Pin From Net: NetName=GND Pin=C44-2
Removed Pin From Net: NetName=GND Pin=C45-2
Removed Pin From Net: NetName=GND Pin=C73-1
Removed Pin From Net: NetName=VREF Pin=C73-2
Removed Pin From Net: NetName=GND Pin=Q1-3
Removed Pin From Net: NetName=VREF Pin=R27-1
Removed Pin From Net: NetName=GND Pin=R27-2
Removed Pin From Net: NetName=VREF Pin=R28-1
Removed Pin From Net: NetName=CH1_VPOS Pin=R34-1
Removed Pin From Net: NetName=CH1 ATT Pin=U?-3
Removed Pin From Net: NetName=CH1 ACDC Pin=U?-4
Change Component Designator: OldDesignator=U? NewDesignator=U
Added Pin To Net: NetName=GND Pin=Q1-1
Added Pin To Net: NetName=NetQ1_2 Pin=Q1-2
Added Pin To Net: NetName=NetQ1_3 Pin=Q1-3
Added Pin To Net: NetName=NetR9_2 Pin=U-1
Added Pin To Net: NetName=-5 Pin=U-2
Added Pin To Net: NetName=NetR7_2 Pin=U-3
Added Pin To Net: NetName=NetR9_1 Pin=U-4
Added Pin To Net: NetName=+5 Pin=U-5
Added Room: Name=Ê¾²¨Æ÷Ô­ÀíÍ¼
