Analysis & Synthesis report for FPGA2AR9331
Tue Mar 17 16:42:16 2015
Quartus II 64-Bit Version 13.0.1 Build 232 06/12/2013 Service Pack 1 SJ Full Version


---------------------
; Table of Contents ;
---------------------
  1. Legal Notice
  2. Analysis & Synthesis Summary
  3. Analysis & Synthesis Settings
  4. Parallel Compilation
  5. Analysis & Synthesis Source Files Read
  6. Analysis & Synthesis Resource Usage Summary
  7. Analysis & Synthesis Resource Utilization by Entity
  8. State Machine - |main|FPGA2AR9331:inst|next_state
  9. State Machine - |main|FPGA2AR9331:inst|current_state
 10. Registers Removed During Synthesis
 11. General Register Statistics
 12. Multiplexer Restructuring Statistics (Restructuring Performed)
 13. Parameter Settings for User Entity Instance: FPGA2AR9331:inst
 14. Elapsed Time Per Partition
 15. Analysis & Synthesis Messages



----------------
; Legal Notice ;
----------------
Copyright (C) 1991-2013 Altera Corporation
Your use of Altera Corporation's design tools, logic functions 
and other software and tools, and its AMPP partner logic 
functions, and any output files from any of the foregoing 
(including device programming or simulation files), and any 
associated documentation or information are expressly subject 
to the terms and conditions of the Altera Program License 
Subscription Agreement, Altera MegaCore Function License 
Agreement, or other applicable license agreement, including, 
without limitation, that your use is for the sole purpose of 
programming logic devices manufactured by Altera and sold by 
Altera or its authorized distributors.  Please refer to the 
applicable agreement for further details.



+---------------------------------------------------------------------------------------+
; Analysis & Synthesis Summary                                                          ;
+------------------------------------+--------------------------------------------------+
; Analysis & Synthesis Status        ; Successful - Tue Mar 17 16:42:16 2015            ;
; Quartus II 64-Bit Version          ; 13.0.1 Build 232 06/12/2013 SP 1 SJ Full Version ;
; Revision Name                      ; FPGA2AR9331                                      ;
; Top-level Entity Name              ; main                                             ;
; Family                             ; Cyclone II                                       ;
; Total logic elements               ; 58                                               ;
;     Total combinational functions  ; 50                                               ;
;     Dedicated logic registers      ; 47                                               ;
; Total registers                    ; 47                                               ;
; Total pins                         ; 11                                               ;
; Total virtual pins                 ; 0                                                ;
; Total memory bits                  ; 0                                                ;
; Embedded Multiplier 9-bit elements ; 0                                                ;
; Total PLLs                         ; 0                                                ;
+------------------------------------+--------------------------------------------------+


+----------------------------------------------------------------------------------------------------------------------+
; Analysis & Synthesis Settings                                                                                        ;
+----------------------------------------------------------------------------+--------------------+--------------------+
; Option                                                                     ; Setting            ; Default Value      ;
+----------------------------------------------------------------------------+--------------------+--------------------+
; Device                                                                     ; EP2C5T144C8        ;                    ;
; Top-level entity name                                                      ; main               ; FPGA2AR9331        ;
; Family name                                                                ; Cyclone II         ; Cyclone IV GX      ;
; Use smart compilation                                                      ; Off                ; Off                ;
; Enable parallel Assembler and TimeQuest Timing Analyzer during compilation ; On                 ; On                 ;
; Enable compact report table                                                ; Off                ; Off                ;
; Restructure Multiplexers                                                   ; Auto               ; Auto               ;
; Create Debugging Nodes for IP Cores                                        ; Off                ; Off                ;
; Preserve fewer node names                                                  ; On                 ; On                 ;
; Disable OpenCore Plus hardware evaluation                                  ; Off                ; Off                ;
; Verilog Version                                                            ; Verilog_2001       ; Verilog_2001       ;
; VHDL Version                                                               ; VHDL_1993          ; VHDL_1993          ;
; State Machine Processing                                                   ; Auto               ; Auto               ;
; Safe State Machine                                                         ; Off                ; Off                ;
; Extract Verilog State Machines                                             ; On                 ; On                 ;
; Extract VHDL State Machines                                                ; On                 ; On                 ;
; Ignore Verilog initial constructs                                          ; Off                ; Off                ;
; Iteration limit for constant Verilog loops                                 ; 5000               ; 5000               ;
; Iteration limit for non-constant Verilog loops                             ; 250                ; 250                ;
; Add Pass-Through Logic to Inferred RAMs                                    ; On                 ; On                 ;
; Infer RAMs from Raw Logic                                                  ; On                 ; On                 ;
; Parallel Synthesis                                                         ; On                 ; On                 ;
; DSP Block Balancing                                                        ; Auto               ; Auto               ;
; NOT Gate Push-Back                                                         ; On                 ; On                 ;
; Power-Up Don't Care                                                        ; On                 ; On                 ;
; Remove Redundant Logic Cells                                               ; Off                ; Off                ;
; Remove Duplicate Registers                                                 ; On                 ; On                 ;
; Ignore CARRY Buffers                                                       ; Off                ; Off                ;
; Ignore CASCADE Buffers                                                     ; Off                ; Off                ;
; Ignore GLOBAL Buffers                                                      ; Off                ; Off                ;
; Ignore ROW GLOBAL Buffers                                                  ; Off                ; Off                ;
; Ignore LCELL Buffers                                                       ; Off                ; Off                ;
; Ignore SOFT Buffers                                                        ; On                 ; On                 ;
; Limit AHDL Integers to 32 Bits                                             ; Off                ; Off                ;
; Optimization Technique                                                     ; Balanced           ; Balanced           ;
; Carry Chain Length                                                         ; 70                 ; 70                 ;
; Auto Carry Chains                                                          ; On                 ; On                 ;
; Auto Open-Drain Pins                                                       ; On                 ; On                 ;
; Perform WYSIWYG Primitive Resynthesis                                      ; Off                ; Off                ;
; Auto ROM Replacement                                                       ; On                 ; On                 ;
; Auto RAM Replacement                                                       ; On                 ; On                 ;
; Auto Shift Register Replacement                                            ; Auto               ; Auto               ;
; Allow Shift Register Merging across Hierarchies                            ; Auto               ; Auto               ;
; Auto Clock Enable Replacement                                              ; On                 ; On                 ;
; Strict RAM Replacement                                                     ; Off                ; Off                ;
; Allow Synchronous Control Signals                                          ; On                 ; On                 ;
; Force Use of Synchronous Clear Signals                                     ; Off                ; Off                ;
; Auto RAM to Logic Cell Conversion                                          ; Off                ; Off                ;
; Auto Resource Sharing                                                      ; Off                ; Off                ;
; Allow Any RAM Size For Recognition                                         ; Off                ; Off                ;
; Allow Any ROM Size For Recognition                                         ; Off                ; Off                ;
; Allow Any Shift Register Size For Recognition                              ; Off                ; Off                ;
; Use LogicLock Constraints during Resource Balancing                        ; On                 ; On                 ;
; Ignore translate_off and synthesis_off directives                          ; Off                ; Off                ;
; Timing-Driven Synthesis                                                    ; Off                ; Off                ;
; Report Parameter Settings                                                  ; On                 ; On                 ;
; Report Source Assignments                                                  ; On                 ; On                 ;
; Report Connectivity Checks                                                 ; On                 ; On                 ;
; Ignore Maximum Fan-Out Assignments                                         ; Off                ; Off                ;
; Synchronization Register Chain Length                                      ; 2                  ; 2                  ;
; PowerPlay Power Optimization                                               ; Normal compilation ; Normal compilation ;
; HDL message level                                                          ; Level2             ; Level2             ;
; Suppress Register Optimization Related Messages                            ; Off                ; Off                ;
; Number of Removed Registers Reported in Synthesis Report                   ; 5000               ; 5000               ;
; Number of Swept Nodes Reported in Synthesis Report                         ; 5000               ; 5000               ;
; Number of Inverted Registers Reported in Synthesis Report                  ; 100                ; 100                ;
; Clock MUX Protection                                                       ; On                 ; On                 ;
; Auto Gated Clock Conversion                                                ; Off                ; Off                ;
; Block Design Naming                                                        ; Auto               ; Auto               ;
; SDC constraint protection                                                  ; Off                ; Off                ;
; Synthesis Effort                                                           ; Auto               ; Auto               ;
; Shift Register Replacement - Allow Asynchronous Clear Signal               ; On                 ; On                 ;
; Pre-Mapping Resynthesis Optimization                                       ; Off                ; Off                ;
; Analysis & Synthesis Message Level                                         ; Medium             ; Medium             ;
; Disable Register Merging Across Hierarchies                                ; Auto               ; Auto               ;
; Resource Aware Inference For Block RAM                                     ; On                 ; On                 ;
; Synthesis Seed                                                             ; 1                  ; 1                  ;
+----------------------------------------------------------------------------+--------------------+--------------------+


+------------------------------------------+
; Parallel Compilation                     ;
+----------------------------+-------------+
; Processors                 ; Number      ;
+----------------------------+-------------+
; Number detected on machine ; 4           ;
; Maximum allowed            ; 2           ;
;                            ;             ;
; Average used               ; 1.00        ;
; Maximum used               ; 1           ;
;                            ;             ;
; Usage by Processor         ; % Time Used ;
;     Processor 1            ; 100.0%      ;
;     Processors 2-4         ;   0.0%      ;
+----------------------------+-------------+


+-------------------------------------------------------------------------------------------------------------------------------------------------+
; Analysis & Synthesis Source Files Read                                                                                                          ;
+----------------------------------+-----------------+------------------------------------+---------------------------------------------+---------+
; File Name with User-Entered Path ; Used in Netlist ; File Type                          ; File Name with Absolute Path                ; Library ;
+----------------------------------+-----------------+------------------------------------+---------------------------------------------+---------+
; FPGA2AR9331.v                    ; yes             ; User Verilog HDL File              ; E:/WORKSPACE/FPGA/FPGA2AR9331/FPGA2AR9331.v ;         ;
; main.bdf                         ; yes             ; User Block Diagram/Schematic File  ; E:/WORKSPACE/FPGA/FPGA2AR9331/main.bdf      ;         ;
+----------------------------------+-----------------+------------------------------------+---------------------------------------------+---------+


+-----------------------------------------------------+
; Analysis & Synthesis Resource Usage Summary         ;
+---------------------------------------------+-------+
; Resource                                    ; Usage ;
+---------------------------------------------+-------+
; Estimated Total logic elements              ; 58    ;
;                                             ;       ;
; Total combinational functions               ; 50    ;
; Logic element usage by number of LUT inputs ;       ;
;     -- 4 input functions                    ; 11    ;
;     -- 3 input functions                    ; 9     ;
;     -- <=2 input functions                  ; 30    ;
;                                             ;       ;
; Logic elements by mode                      ;       ;
;     -- normal mode                          ; 37    ;
;     -- arithmetic mode                      ; 13    ;
;                                             ;       ;
; Total registers                             ; 47    ;
;     -- Dedicated logic registers            ; 47    ;
;     -- I/O registers                        ; 0     ;
;                                             ;       ;
; I/O pins                                    ; 11    ;
; Embedded Multiplier 9-bit elements          ; 0     ;
; Maximum fan-out node                        ; clk   ;
; Maximum fan-out                             ; 47    ;
; Total fan-out                               ; 263   ;
; Average fan-out                             ; 2.44  ;
+---------------------------------------------+-------+


+--------------------------------------------------------------------------------------------------------------------------------------------------------------------------------+
; Analysis & Synthesis Resource Utilization by Entity                                                                                                                            ;
+----------------------------+-------------------+--------------+-------------+--------------+---------+-----------+------+--------------+------------------------+--------------+
; Compilation Hierarchy Node ; LC Combinationals ; LC Registers ; Memory Bits ; DSP Elements ; DSP 9x9 ; DSP 18x18 ; Pins ; Virtual Pins ; Full Hierarchy Name    ; Library Name ;
+----------------------------+-------------------+--------------+-------------+--------------+---------+-----------+------+--------------+------------------------+--------------+
; |main                      ; 50 (0)            ; 47 (0)       ; 0           ; 0            ; 0       ; 0         ; 11   ; 0            ; |main                  ; work         ;
;    |FPGA2AR9331:inst|      ; 50 (50)           ; 47 (47)      ; 0           ; 0            ; 0       ; 0         ; 0    ; 0            ; |main|FPGA2AR9331:inst ; work         ;
+----------------------------+-------------------+--------------+-------------+--------------+---------+-----------+------+--------------+------------------------+--------------+
Note: For table entries with two numbers listed, the numbers in parentheses indicate the number of resources of the given type used by the specific entity alone. The numbers listed outside of parentheses indicate the total resources of the given type used by the specific entity and all of its sub-entities in the hierarchy.


Encoding Type:  One-Hot
+---------------------------------------------------------------------------------------------------------------------------------------------------------------------------------+
; State Machine - |main|FPGA2AR9331:inst|next_state                                                                                                                               ;
+-----------------------+--------------------+--------------------+---------------------+-----------------------+-----------------------+-----------------------+-----------------+
; Name                  ; next_state.DELAY_2 ; next_state.DELAY_1 ; next_state.SEND_END ; next_state.SEND_ING_2 ; next_state.SEND_ING_1 ; next_state.SEND_START ; next_state.IDLE ;
+-----------------------+--------------------+--------------------+---------------------+-----------------------+-----------------------+-----------------------+-----------------+
; next_state.IDLE       ; 0                  ; 0                  ; 0                   ; 0                     ; 0                     ; 0                     ; 0               ;
; next_state.SEND_START ; 0                  ; 0                  ; 0                   ; 0                     ; 0                     ; 1                     ; 1               ;
; next_state.SEND_ING_1 ; 0                  ; 0                  ; 0                   ; 0                     ; 1                     ; 0                     ; 1               ;
; next_state.SEND_ING_2 ; 0                  ; 0                  ; 0                   ; 1                     ; 0                     ; 0                     ; 1               ;
; next_state.SEND_END   ; 0                  ; 0                  ; 1                   ; 0                     ; 0                     ; 0                     ; 1               ;
; next_state.DELAY_1    ; 0                  ; 1                  ; 0                   ; 0                     ; 0                     ; 0                     ; 1               ;
; next_state.DELAY_2    ; 1                  ; 0                  ; 0                   ; 0                     ; 0                     ; 0                     ; 1               ;
+-----------------------+--------------------+--------------------+---------------------+-----------------------+-----------------------+-----------------------+-----------------+


Encoding Type:  One-Hot
+---------------------------------------------------------------------------------------------------------------------------------------------------------------------------------------------------------+
; State Machine - |main|FPGA2AR9331:inst|current_state                                                                                                                                                    ;
+--------------------------+-----------------------+-----------------------+------------------------+--------------------------+--------------------------+--------------------------+--------------------+
; Name                     ; current_state.DELAY_2 ; current_state.DELAY_1 ; current_state.SEND_END ; current_state.SEND_ING_2 ; current_state.SEND_ING_1 ; current_state.SEND_START ; current_state.IDLE ;
+--------------------------+-----------------------+-----------------------+------------------------+--------------------------+--------------------------+--------------------------+--------------------+
; current_state.IDLE       ; 0                     ; 0                     ; 0                      ; 0                        ; 0                        ; 0                        ; 0                  ;
; current_state.SEND_START ; 0                     ; 0                     ; 0                      ; 0                        ; 0                        ; 1                        ; 1                  ;
; current_state.SEND_ING_1 ; 0                     ; 0                     ; 0                      ; 0                        ; 1                        ; 0                        ; 1                  ;
; current_state.SEND_ING_2 ; 0                     ; 0                     ; 0                      ; 1                        ; 0                        ; 0                        ; 1                  ;
; current_state.SEND_END   ; 0                     ; 0                     ; 1                      ; 0                        ; 0                        ; 0                        ; 1                  ;
; current_state.DELAY_1    ; 0                     ; 1                     ; 0                      ; 0                        ; 0                        ; 0                        ; 1                  ;
; current_state.DELAY_2    ; 1                     ; 0                     ; 0                      ; 0                        ; 0                        ; 0                        ; 1                  ;
+--------------------------+-----------------------+-----------------------+------------------------+--------------------------+--------------------------+--------------------------+--------------------+


+----------------------------------------------------------------------------------------+
; Registers Removed During Synthesis                                                     ;
+----------------------------------------+-----------------------------------------------+
; Register name                          ; Reason for Removal                            ;
+----------------------------------------+-----------------------------------------------+
; FPGA2AR9331:inst|next_state~9          ; Lost fanout                                   ;
; FPGA2AR9331:inst|next_state~10         ; Lost fanout                                   ;
; FPGA2AR9331:inst|next_state~11         ; Lost fanout                                   ;
; FPGA2AR9331:inst|next_state~12         ; Lost fanout                                   ;
; FPGA2AR9331:inst|next_state~13         ; Lost fanout                                   ;
; FPGA2AR9331:inst|current_state~4       ; Lost fanout                                   ;
; FPGA2AR9331:inst|current_state~5       ; Lost fanout                                   ;
; FPGA2AR9331:inst|current_state~6       ; Lost fanout                                   ;
; FPGA2AR9331:inst|current_state~7       ; Lost fanout                                   ;
; FPGA2AR9331:inst|current_state~8       ; Lost fanout                                   ;
; FPGA2AR9331:inst|len[0]                ; Merged with FPGA2AR9331:inst|data_out[0]      ;
; FPGA2AR9331:inst|len_temp[0]           ; Merged with FPGA2AR9331:inst|data_out_temp[0] ;
; Total Number of Removed Registers = 12 ;                                               ;
+----------------------------------------+-----------------------------------------------+


+------------------------------------------------------+
; General Register Statistics                          ;
+----------------------------------------------+-------+
; Statistic                                    ; Value ;
+----------------------------------------------+-------+
; Total registers                              ; 47    ;
; Number of registers using Synchronous Clear  ; 0     ;
; Number of registers using Synchronous Load   ; 0     ;
; Number of registers using Asynchronous Clear ; 0     ;
; Number of registers using Asynchronous Load  ; 0     ;
; Number of registers using Clock Enable       ; 31    ;
; Number of registers using Preset             ; 0     ;
+----------------------------------------------+-------+


+---------------------------------------------------------------------------------------------------------------------------------------------+
; Multiplexer Restructuring Statistics (Restructuring Performed)                                                                              ;
+--------------------+-----------+---------------+----------------------+------------------------+------------+-------------------------------+
; Multiplexer Inputs ; Bus Width ; Baseline Area ; Area if Restructured ; Saving if Restructured ; Registered ; Example Multiplexer Output    ;
+--------------------+-----------+---------------+----------------------+------------------------+------------+-------------------------------+
; 3:1                ; 2 bits    ; 4 LEs         ; 2 LEs                ; 2 LEs                  ; Yes        ; |main|FPGA2AR9331:inst|len[2] ;
+--------------------+-----------+---------------+----------------------+------------------------+------------+-------------------------------+


+---------------------------------------------------------------+
; Parameter Settings for User Entity Instance: FPGA2AR9331:inst ;
+----------------+-------+--------------------------------------+
; Parameter Name ; Value ; Type                                 ;
+----------------+-------+--------------------------------------+
; IDLE           ; 00000 ; Unsigned Binary                      ;
; SEND_START     ; 00001 ; Unsigned Binary                      ;
; SEND_ING_1     ; 00010 ; Unsigned Binary                      ;
; SEND_ING_2     ; 00011 ; Unsigned Binary                      ;
; SEND_END       ; 00100 ; Unsigned Binary                      ;
; DELAY_1        ; 00101 ; Unsigned Binary                      ;
; DELAY_2        ; 00110 ; Unsigned Binary                      ;
+----------------+-------+--------------------------------------+
Note: In order to hide this table in the UI and the text report file, please set the "Show Parameter Settings in Synthesis Report" option in "Analysis and Synthesis Settings -> More Settings" to "Off".


+-------------------------------+
; Elapsed Time Per Partition    ;
+----------------+--------------+
; Partition Name ; Elapsed Time ;
+----------------+--------------+
; Top            ; 00:00:00     ;
+----------------+--------------+


+-------------------------------+
; Analysis & Synthesis Messages ;
+-------------------------------+
Info: *******************************************************************
Info: Running Quartus II 64-Bit Analysis & Synthesis
    Info: Version 13.0.1 Build 232 06/12/2013 Service Pack 1 SJ Full Version
    Info: Processing started: Tue Mar 17 16:42:14 2015
Info: Command: quartus_map --read_settings_files=on --write_settings_files=off FPGA2AR9331 -c FPGA2AR9331
Info (11104): Parallel Compilation has detected 4 hyper-threaded processors. However, the extra hyper-threaded processors will not be used by default. Parallel Compilation will use 2 of the 2 physical processors detected instead.
Info (12021): Found 1 design units, including 1 entities, in source file fpga2ar9331.v
    Info (12023): Found entity 1: FPGA2AR9331
Info (12021): Found 1 design units, including 1 entities, in source file main.bdf
    Info (12023): Found entity 1: main
Warning (10236): Verilog HDL Implicit Net warning at FPGA2AR9331.v(20): created implicit net for "clk_n"
Info (12127): Elaborating entity "main" for the top level hierarchy
Info (12128): Elaborating entity "FPGA2AR9331" for hierarchy "FPGA2AR9331:inst"
Warning (10036): Verilog HDL or VHDL warning at FPGA2AR9331.v(20): object "clk_n" assigned a value but never read
Info (17049): 10 registers lost all their fanouts during netlist optimizations.
Info (16010): Generating hard_block partition "hard_block:auto_generated_inst"
    Info (16011): Adding 0 node(s), including 0 DDIO, 0 PLL, 0 transceiver and 0 LCELL
Info (21057): Implemented 70 device resources after synthesis - the final resource count might be different
    Info (21058): Implemented 2 input pins
    Info (21059): Implemented 9 output pins
    Info (21061): Implemented 59 logic cells
Info: Quartus II 64-Bit Analysis & Synthesis was successful. 0 errors, 2 warnings
    Info: Peak virtual memory: 461 megabytes
    Info: Processing ended: Tue Mar 17 16:42:16 2015
    Info: Elapsed time: 00:00:02
    Info: Total CPU time (on all processors): 00:00:02


