Removed Member From Class: ClassName=NEW_POWER Member=J2
Added Pin To Net: NetName=1.5V_SET Pin=*1-1
Added Pin To Net: NetName=GND Pin=*1-2
Added Pin To Net: NetName=1.5V Pin=*1-3
Added Pin To Net: NetName=SIGNAL_IN Pin=*1-4
Added Pin To Net: NetName=16.6V_SET Pin=*2-1
Added Pin To Net: NetName=GND Pin=*2-2
Added Pin To Net: NetName=1.5_OR_16.6V Pin=*2-3
Added Pin To Net: NetName=16.6V Pin=*2-4
Added Pin To Net: NetName=1250V Pin=*3-1
Added Pin To Net: NetName=625V Pin=*3-2
Added Pin To Net: NetName=TO_ZOOM Pin=*3-3
Added Pin To Net: NetName=187.5V Pin=*3-4
Added Pin To Net: NetName=1.5_OR_16.6V Pin=*3-5
Added Pin To Net: NetName=-5V Pin=*3-7
Added Pin To Net: NetName=GND Pin=*3-8
Added Pin To Net: NetName=4052_B Pin=*3-9
Added Pin To Net: NetName=4052_A Pin=*3-10
Added Pin To Net: NetName=5V Pin=*3-16
Added Pin To Net: NetName=GND Pin=1-1
Added Pin To Net: NetName=DAC_2 Pin=1-2
Added Pin To Net: NetName=COMP2_INP Pin=1-3
Added Pin To Net: NetName=GND Pin=C1-1
Added Pin To Net: NetName=VCC33 Pin=C1-2
Added Pin To Net: NetName=GND Pin=C2-1
Added Pin To Net: NetName=VCC33 Pin=C2-2
Added Pin To Net: NetName=GND Pin=C3-1
Added Pin To Net: NetName=VCC33 Pin=C3-2
Added Pin To Net: NetName=GND Pin=C4-1
Added Pin To Net: NetName=VCC33 Pin=C4-2
Added Pin To Net: NetName=GND Pin=C5-1
Added Pin To Net: NetName=VCC33 Pin=C5-2
Added Pin To Net: NetName=GND Pin=C6-1
Added Pin To Net: NetName=VCC33 Pin=C6-2
Added Pin To Net: NetName=GND Pin=C7-1
Added Pin To Net: NetName=NRST Pin=C7-2
Added Pin To Net: NetName=5V Pin=D1-1
Added Pin To Net: NetName=1.5_OR_16.6V Pin=D1-2
Added Pin To Net: NetName=-5V Pin=D2-1
Added Pin To Net: NetName=1.5_OR_16.6V Pin=D2-2
Added Pin To Net: NetName=GND Pin=mircoUsb1-1
Added Pin To Net: NetName=5V_IN Pin=mircoUsb1-5
Added Pin To Net: NetName=VCC33 Pin=R1-1
Added Pin To Net: NetName=NRST Pin=R1-2
Added Pin To Net: NetName=GND Pin=R2-1
Added Pin To Net: NetName=NetR2_2 Pin=R2-2
Added Pin To Net: NetName=16.6V Pin=R3-1
Added Pin To Net: NetName=SIGNAL_IN Pin=R3-2
Added Pin To Net: NetName=1.5_OR_16.6V Pin=R4-1
Added Pin To Net: NetName=1.5V Pin=R4-2
Added Pin To Net: NetName=187.5V Pin=R5-1
Added Pin To Net: NetName=16.6V Pin=R5-2
Added Pin To Net: NetName=625V Pin=R6-1
Added Pin To Net: NetName=187.5V Pin=R6-2
Added Pin To Net: NetName=1250V Pin=R7-1
Added Pin To Net: NetName=625V Pin=R7-2
Added Pin To Net: NetName=GND Pin=R8-1
Added Pin To Net: NetName=1250V Pin=R8-2
Added Pin To Net: NetName=VCC33 Pin=ST-LINK1-1
Added Pin To Net: NetName=GND Pin=ST-LINK1-2
Added Pin To Net: NetName=SWDIO Pin=ST-LINK1-3
Added Pin To Net: NetName=SWCLK Pin=ST-LINK1-4
Added Pin To Net: NetName=1.5V_SET Pin=U1-2
Added Pin To Net: NetName=16.6V_SET Pin=U1-3
Added Pin To Net: NetName=NRST Pin=U1-7
Added Pin To Net: NetName=GND Pin=U1-8
Added Pin To Net: NetName=VCC33 Pin=U1-9
Added Pin To Net: NetName=PA1 Pin=U1-11
Added Pin To Net: NetName=PA2 Pin=U1-12
Added Pin To Net: NetName=PA3 Pin=U1-13
Added Pin To Net: NetName=DAC_1 Pin=U1-14
Added Pin To Net: NetName=DAC_2 Pin=U1-15
Added Pin To Net: NetName=ADC_6 Pin=U1-16
Added Pin To Net: NetName=ADC_7 Pin=U1-17
Added Pin To Net: NetName=ADC_8 Pin=U1-18
Added Pin To Net: NetName=ADC_9 Pin=U1-19
Added Pin To Net: NetName=4052_A Pin=U1-20
Added Pin To Net: NetName=4052_B Pin=U1-21
Added Pin To Net: NetName=GND Pin=U1-23
Added Pin To Net: NetName=VCC33 Pin=U1-24
Added Pin To Net: NetName=ADC_20 Pin=U1-27
Added Pin To Net: NetName=ADC_21 Pin=U1-28
Added Pin To Net: NetName=UTX Pin=U1-30
Added Pin To Net: NetName=URX Pin=U1-31
Added Pin To Net: NetName=SWDIO Pin=U1-34
Added Pin To Net: NetName=GND Pin=U1-35
Added Pin To Net: NetName=VCC33 Pin=U1-36
Added Pin To Net: NetName=SWCLK Pin=U1-37
Added Pin To Net: NetName=COMP2_INM Pin=U1-39
Added Pin To Net: NetName=COMP2_INP Pin=U1-40
Added Pin To Net: NetName=NetR2_2 Pin=U1-44
Added Pin To Net: NetName=GND Pin=U1-47
Added Pin To Net: NetName=VCC33 Pin=U1-48
Added Pin To Net: NetName=GND Pin=UART1-1
Added Pin To Net: NetName=UTX Pin=UART1-2
Added Pin To Net: NetName=URX Pin=UART1-3
Added Member To Class: ClassName=SIGNAL Member=Component *1 AQY210_№всо
Added Member To Class: ClassName=SIGNAL Member=Component *2 AQY210_№всо
Added Member To Class: ClassName=SIGNAL Member=Component *3 74HC4052
Added Member To Class: ClassName=mcu Member=Component 1 Header 4
Added Member To Class: ClassName=mcu Member=Component C1 Cap
Added Member To Class: ClassName=mcu Member=Component C2 Cap
Added Member To Class: ClassName=mcu Member=Component C3 Cap
Added Member To Class: ClassName=mcu Member=Component C4 Cap
Added Member To Class: ClassName=mcu Member=Component C5 Cap
Added Member To Class: ClassName=mcu Member=Component C6 Cap
Added Member To Class: ClassName=mcu Member=Component C7 Cap
Added Member To Class: ClassName=SIGNAL Member=Component D1 Diode 1N4148
Added Member To Class: ClassName=SIGNAL Member=Component D2 Diode 1N4148
Added Member To Class: ClassName=POWER Member=Component mircoUsb1 
Added Member To Class: ClassName=mcu Member=Component R1 Res2
Added Member To Class: ClassName=mcu Member=Component R2 Res2
Added Member To Class: ClassName=SIGNAL Member=Component R3 Res3
Added Member To Class: ClassName=SIGNAL Member=Component R4 Res3
Added Member To Class: ClassName=SIGNAL Member=Component R5 Res3
Added Member To Class: ClassName=SIGNAL Member=Component R6 Res3
Added Member To Class: ClassName=SIGNAL Member=Component R7 Res3
Added Member To Class: ClassName=SIGNAL Member=Component R8 Res3
Added Member To Class: ClassName=mcu Member=Component ST-LINK1 Header 4
Added Member To Class: ClassName=NEW_POWER Member=Component 
Added Member To Class: ClassName=mcu Member=Component U1 STM32L151C8T6
Added Member To Class: ClassName=mcu Member=Component UART1 Header 3
Added Room: Name=mcu
Added Room: Name=NEW_POWER
Added Room: Name=POWER
Added Room: Name=SIGNAL
