Added Component: Designator=C8(C1206)
Added Component: Designator=C9(C1206)
Added Component: Designator=C10(0805)
Added Component: Designator=C11(0805)
Added Component: Designator=U5(SOT223)
Added Pin To Net: NetName=VCC33 Pin=C8-1
Added Pin To Net: NetName=GND Pin=C8-2
Added Pin To Net: NetName=5V Pin=C9-1
Added Pin To Net: NetName=GND Pin=C9-2
Added Pin To Net: NetName=GND Pin=C10-1
Added Pin To Net: NetName=5V Pin=C10-2
Added Pin To Net: NetName=GND Pin=C11-1
Added Pin To Net: NetName=VCC33 Pin=C11-2
Added Pin To Net: NetName=GND Pin=U5-1
Added Pin To Net: NetName=VCC33 Pin=U5-2
Added Pin To Net: NetName=5V Pin=U5-3
Added Pin To Net: NetName=VCC33 Pin=U5-4
Added Member To Class: ClassName=mcu Member=Component C8 Cap Pol2
Added Member To Class: ClassName=mcu Member=Component C9 Cap Pol2
Added Member To Class: ClassName=mcu Member=Component C10 Cap
Added Member To Class: ClassName=mcu Member=Component C11 Cap
Added Member To Class: ClassName=mcu Member=Component U5 LM1117-3.3
