Removed Member From Class: ClassName=NEW_POWER Member=U5
Added Component: Designator=-5v(HDR1X2)
Added Component: Designator=5v(HDR1X2)
Added Component: Designator=J1(HDR1X2)
Added Component: Designator=J2(HDR1X2)
Added Component: Designator=J3(HDR1X2)
Added Component: Designator=J4(HDR1X2)
Added Pin To Net: NetName=-5V Pin=-5v-1
Added Pin To Net: NetName=GND Pin=-5v-2
Added Pin To Net: NetName=GND Pin=5v-1
Added Pin To Net: NetName=5V Pin=5v-2
Added Pin To Net: NetName=5V Pin=J1-1
Added Pin To Net: NetName=GND Pin=J1-2
Added Pin To Net: NetName=VCC33 Pin=J2-1
Added Pin To Net: NetName=GND Pin=J2-2
Added Pin To Net: NetName=IOUT Pin=J3-1
Added Pin To Net: NetName=GND Pin=J3-2
Added Pin To Net: NetName=GND Pin=J4-1
Added Pin To Net: NetName=5V Pin=J4-2
Added Member To Class: ClassName=POWER Member=Component -5v Header 2
Added Member To Class: ClassName=POWER Member=Component 5v Header 2
Added Member To Class: ClassName=POWER Member=Component J1 
Added Member To Class: ClassName=POWER Member=Component J2 
Added Member To Class: ClassName=NEW_POWER Member=Component J3 
Added Member To Class: ClassName=NEW_POWER Member=Component J4 
Added Member To Class: ClassName=NEW_POWER Member=Component 
