Change Component Designator: OldDesignator=P? NewDesignator=P1
Change Component Designator: OldDesignator=R7 NewDesignator=R18
Added Component: Designator=R7(0805)
Added Component: Designator=R17(0805)
Added Component: Designator=R19(0805)
Added Component: Designator=R20(0805)
Added Pin To Net: NetName=GND Pin=R7-1
Added Pin To Net: NetName=TO_ZOOM Pin=U2-3
Added Pin To Net: NetName=-2.5V_4 Pin=U2-10
Added Pin To Net: NetName=NetR7_2 Pin=R7-2
Added Pin To Net: NetName=NetR7_2 Pin=R17-1
Added Pin To Net: NetName=NetR7_2 Pin=U2-12
Added Net: Name=NetR7_2
Added Pin To Net: NetName=NetR17_2 Pin=R17-2
Added Pin To Net: NetName=NetR17_2 Pin=U2-1
Added Pin To Net: NetName=NetR17_2 Pin=U2-2
Added Net: Name=NetR17_2
Added Pin To Net: NetName=NetR19_1 Pin=R19-1
Added Pin To Net: NetName=NetR19_1 Pin=R20-2
Added Pin To Net: NetName=NetR19_1 Pin=U2-13
Added Net: Name=NetR19_1
Added Pin To Net: NetName=NetR19_2 Pin=R19-2
Added Pin To Net: NetName=NetR19_2 Pin=U2-8
Added Pin To Net: NetName=NetR19_2 Pin=U2-9
Added Net: Name=NetR19_2
Added Pin To Net: NetName=NetR20_1 Pin=R20-1
Added Pin To Net: NetName=NetR20_1 Pin=U2-14
Added Net: Name=NetR20_1
Added Member To Class: ClassName=SIGNAL Member=Component R7 Res3
Added Member To Class: ClassName=SIGNAL Member=Component R17 Res3
Added Member To Class: ClassName=SIGNAL Member=Component R18 Res3
Added Member To Class: ClassName=SIGNAL Member=Component R19 Res3
Added Member To Class: ClassName=SIGNAL Member=Component R20 Res3
