Removed Pin From Net: NetName=GND Pin=-1
Removed Pin From Net: NetName=GND Pin=-5v-2
Removed Pin From Net: NetName=GND Pin=1.2K-1
Removed Pin From Net: NetName=GND Pin=4.7K-2
Removed Pin From Net: NetName=GND Pin=5v-1
Removed Pin From Net: NetName=GND Pin=100K-2
Removed Pin From Net: NetName=GND Pin=120K-2
Removed Pin From Net: NetName=GND Pin=BT1-2
Removed Pin From Net: NetName=GND Pin=BT2-2
Removed Pin From Net: NetName=GND Pin=C12-2
Removed Pin From Net: NetName=GND Pin=C14-1
Removed Pin From Net: NetName=GND Pin=C15-1
Removed Pin From Net: NetName=GND Pin=C16-1
Removed Pin From Net: NetName=GND Pin=C17-2
Removed Pin From Net: NetName=GND Pin=C18-1
Removed Pin From Net: NetName=GND Pin=C19-1
Removed Pin From Net: NetName=GND Pin=C20-1
Removed Pin From Net: NetName=GND Pin=C21-1
Removed Pin From Net: NetName=GND Pin=C22-2
Removed Pin From Net: NetName=GND Pin=C23-1
Removed Pin From Net: NetName=GND Pin=C24-1
Removed Pin From Net: NetName=GND Pin=C102-1
Removed Pin From Net: NetName=GND Pin=C103-1
Removed Pin From Net: NetName=GND Pin=ETA9635-6
Removed Pin From Net: NetName=GND Pin=J1-2
Removed Pin From Net: NetName=GND Pin=J2-2
Removed Pin From Net: NetName=GND Pin=J3-2
Removed Pin From Net: NetName=GND Pin=J4-1
Removed Pin From Net: NetName=GND Pin=Power-1
Removed Pin From Net: NetName=GND Pin=R12-1
Removed Pin From Net: NetName=GND Pin=R15-2
Removed Pin From Net: NetName=GND Pin=TP5400-7
Removed Pin From Net: NetName=GND Pin=U3-3
Removed Pin From Net: NetName=GND Pin=U3-9
Removed Pin From Net: NetName=GND Pin=U4-4
Removed Pin From Net: NetName=GND Pin=U6-3
Removed Pin From Net: NetName=GND Pin=U6-9
Removed Member From Class: ClassName=POWER Member=C27
Removed Member From Class: ClassName=POWER Member=C28
Removed Member From Class: ClassName=POWER Member=C29
Removed Member From Class: ClassName=POWER Member=C30
Removed Member From Class: ClassName=POWER Member=mircoUsb1
Removed Member From Class: ClassName=POWER Member=P1
Added Pin To Net: NetName=GND_60403 Pin=5v-1
Added Net: Name=GND_60403
Added Pin To Net: NetName=GND_63000 Pin=-5v-2
Added Pin To Net: NetName=GND_63000 Pin=C12-2
Added Pin To Net: NetName=GND_63000 Pin=C14-1
Added Pin To Net: NetName=GND_63000 Pin=C15-1
Added Pin To Net: NetName=GND_63000 Pin=C16-1
Added Pin To Net: NetName=GND_63000 Pin=C22-2
Added Pin To Net: NetName=GND_63000 Pin=J1-2
Added Pin To Net: NetName=GND_63000 Pin=R12-1
Added Pin To Net: NetName=GND_63000 Pin=U4-4
Added Pin To Net: NetName=GND_63000 Pin=U6-3
Added Pin To Net: NetName=GND_63000 Pin=U6-9
Added Net: Name=GND_63000
Added Pin To Net: NetName=GND_63001 Pin=C23-1
Added Pin To Net: NetName=GND_63001 Pin=C24-1
Added Pin To Net: NetName=GND_63001 Pin=J2-2
Added Pin To Net: NetName=GND_63001 Pin=Power-1
Added Pin To Net: NetName=GND_63001 Pin=U3-3
Added Pin To Net: NetName=GND_63001 Pin=U3-9
Added Net: Name=GND_63001
Added Pin To Net: NetName=GND_ETA9635 Pin=-1
Added Pin To Net: NetName=GND_ETA9635 Pin=1.2K-1
Added Pin To Net: NetName=GND_ETA9635 Pin=4.7K-2
Added Pin To Net: NetName=GND_ETA9635 Pin=100K-2
Added Pin To Net: NetName=GND_ETA9635 Pin=120K-2
Added Pin To Net: NetName=GND_ETA9635 Pin=BT1-2
Added Pin To Net: NetName=GND_ETA9635 Pin=BT2-2
Added Pin To Net: NetName=GND_ETA9635 Pin=C17-2
Added Pin To Net: NetName=GND_ETA9635 Pin=C18-1
Added Pin To Net: NetName=GND_ETA9635 Pin=C19-1
Added Pin To Net: NetName=GND_ETA9635 Pin=C20-1
Added Pin To Net: NetName=GND_ETA9635 Pin=C21-1
Added Pin To Net: NetName=GND_ETA9635 Pin=C102-1
Added Pin To Net: NetName=GND_ETA9635 Pin=C103-1
Added Pin To Net: NetName=GND_ETA9635 Pin=ETA9635-6
Added Pin To Net: NetName=GND_ETA9635 Pin=J3-2
Added Pin To Net: NetName=GND_ETA9635 Pin=J4-1
Added Pin To Net: NetName=GND_ETA9635 Pin=R15-2
Added Pin To Net: NetName=GND_ETA9635 Pin=TP5400-7
Added Net: Name=GND_ETA9635
Added Member To Class: ClassName=SIGNAL Member=Component C27 Cap Pol2
Added Member To Class: ClassName=SIGNAL Member=Component C28 Cap
Added Member To Class: ClassName=SIGNAL Member=Component C29 Cap Pol2
Added Member To Class: ClassName=SIGNAL Member=Component C30 Cap
Added Member To Class: ClassName=mcu Member=Component mircoUsb1 
Added Member To Class: ClassName=SIGNAL Member=Component P1 Header 3
