Removed Pin From Net: NetName=GND_ETA9635 Pin=-1
Removed Pin From Net: NetName=GND_ETA9635 Pin=1.2K-1
Removed Pin From Net: NetName=GND_ETA9635 Pin=4.7K-2
Removed Pin From Net: NetName=GND_ETA9635 Pin=100K-2
Removed Pin From Net: NetName=GND_ETA9635 Pin=120K-2
Removed Pin From Net: NetName=GND_ETA9635 Pin=BT2-2
Removed Pin From Net: NetName=GND_ETA9635 Pin=C102-1
Removed Pin From Net: NetName=GND_ETA9635 Pin=C103-1
Removed Pin From Net: NetName=GND_ETA9635 Pin=ETA9635-6
Change Net Name : Old Net Name=GND_ETA9635 New Net Name=GND_TP5400
Added Pin To Net: NetName=GND_ETA9635 Pin=-1
Added Pin To Net: NetName=GND_ETA9635 Pin=1.2K-1
Added Pin To Net: NetName=GND_ETA9635 Pin=4.7K-2
Added Pin To Net: NetName=GND_ETA9635 Pin=100K-2
Added Pin To Net: NetName=GND_ETA9635 Pin=120K-2
Added Pin To Net: NetName=GND_ETA9635 Pin=BT2-2
Added Pin To Net: NetName=GND_ETA9635 Pin=C102-1
Added Pin To Net: NetName=GND_ETA9635 Pin=C103-1
Added Pin To Net: NetName=GND_ETA9635 Pin=ETA9635-6
Added Net: Name=GND_ETA9635
