Removed Member From Class: ClassName=SIGNAL Member=C4
Removed Member From Class: ClassName=SIGNAL Member=C5
Change Component Designator: OldDesignator=C4 NewDesignator=C25
Change Component Designator: OldDesignator=C5 NewDesignator=C26
Added Component: Designator=C27(C1206)
Added Component: Designator=C28(0805)
Added Component: Designator=C29(C1206)
Added Component: Designator=C30(0805)
Added Pin To Net: NetName=-5V_4 Pin=C27-1
Added Pin To Net: NetName=GND Pin=C27-2
Added Pin To Net: NetName=GND Pin=C28-1
Added Pin To Net: NetName=-5V_4 Pin=C28-2
Added Pin To Net: NetName=GND Pin=C29-1
Added Pin To Net: NetName=5V_4 Pin=C29-2
Added Pin To Net: NetName=5V_4 Pin=C30-1
Added Pin To Net: NetName=GND Pin=C30-2
Added Member To Class: ClassName=SIGNAL Member=Component C25 Cap
Added Member To Class: ClassName=SIGNAL Member=Component C26 Cap
Added Member To Class: ClassName=POWER Member=Component C27 Cap Pol2
Added Member To Class: ClassName=POWER Member=Component C28 Cap
Added Member To Class: ClassName=POWER Member=Component C29 Cap Pol2
Added Member To Class: ClassName=POWER Member=Component C30 Cap
