Removed Pin From Net: NetName=GND Pin=UART-1
Removed Pin From Net: NetName=UTX Pin=UART-2
Removed Pin From Net: NetName=URX Pin=UART-3
Removed Member From Class: ClassName=mcu Member=*
Removed Member From Class: ClassName=mcu Member=UART
Change Component Designator: OldDesignator=3.5MM NewDesignator=1
Change Component Designator: OldDesignator=C7 NewDesignator=C5
Change Component Designator: OldDesignator=C8 NewDesignator=C6
Change Component Designator: OldDesignator=C9 NewDesignator=C7
Change Component Designator: OldDesignator=R1 NewDesignator=R2
Change Component Designator: OldDesignator=R2 NewDesignator=R1
Change Component Designator: OldDesignator=ST-LINK NewDesignator=ST-LINK1
Added Component: Designator=*1(SOT254P605X218-4N)
Added Component: Designator=*2(SOT254P605X218-4N)
Added Component: Designator=D1(DO-41)
Added Component: Designator=D2(DO-41)
Added Component: Designator=R3(0805)
Added Component: Designator=R4(0805)
Added Component: Designator=R5(0805)
Added Component: Designator=R6(0805)
Added Component: Designator=R7(0805)
Added Component: Designator=UART1(HDR1X3)
Added Pin To Net: NetName=GND Pin=*1-2
Added Pin To Net: NetName=GND Pin=*2-2
Added Pin To Net: NetName=GND Pin=R7-1
Added Pin To Net: NetName=GND Pin=UART1-1
Added Pin To Net: NetName=UTX Pin=UART1-2
Added Pin To Net: NetName=URX Pin=UART1-3
Change Net Name : Old Net Name=GND New Net Name=1250V
Change Net Name : Old Net Name=NetR1_2 New Net Name=NetR2_2
Added Pin To Net: NetName=-5V Pin=D2-1
Added Net: Name=-5V
Added Pin To Net: NetName=1.5V_SET Pin=*1-1
Added Net: Name=1.5V_SET
Added Pin To Net: NetName=1.5V Pin=*1-3
Added Pin To Net: NetName=1.5V Pin=R4-2
Added Net: Name=1.5V
Added Pin To Net: NetName=5V Pin=D1-1
Added Net: Name=5V
Added Pin To Net: NetName=16.6V_SET Pin=*2-1
Added Net: Name=16.6V_SET
Added Pin To Net: NetName=16.6V Pin=*2-4
Added Pin To Net: NetName=16.6V Pin=R4-1
Added Pin To Net: NetName=16.6V Pin=R5-2
Added Net: Name=16.6V
Added Pin To Net: NetName=187.5V Pin=R5-1
Added Pin To Net: NetName=187.5V Pin=R6-2
Added Net: Name=187.5V
Added Pin To Net: NetName=625V Pin=R6-1
Added Pin To Net: NetName=625V Pin=R7-2
Added Net: Name=625V
Added Pin To Net: NetName=Net*1_4 Pin=*1-4
Added Pin To Net: NetName=Net*1_4 Pin=R3-2
Added Net: Name=Net*1_4
Added Pin To Net: NetName=Net*2_3 Pin=*2-3
Added Pin To Net: NetName=Net*2_3 Pin=D1-2
Added Pin To Net: NetName=Net*2_3 Pin=D2-2
Added Pin To Net: NetName=Net*2_3 Pin=R3-1
Added Net: Name=Net*2_3
Added Class: Name=SIGNAL
Added Member To Class: ClassName=mcu Member=Component UART1 Header 3
