Removed Pin From Net: NetName=NetmircoUsb_3 Pin=mircoUsb-3
Removed Pin From Net: NetName=NetmircoUsb_4 Pin=mircoUsb-4
Removed Pin From Net: NetName=5V Pin=U18-4
Removed Pin From Net: NetName=-5V Pin=U18-11
Removed Member From Class: ClassName=SIGNAL Member=U18
Change Component Designator: OldDesignator=* NewDesignator=*3
Change Component Designator: OldDesignator=mircoUsb NewDesignator=mircoUsb1
Change Component Designator: OldDesignator=R3 NewDesignator=R4
Change Component Designator: OldDesignator=R4 NewDesignator=R3
Added Component: Designator=C8(1608[0603])
Added Component: Designator=C9(1608[0603])
Added Component: Designator=C10(1608[0603])
Added Component: Designator=C11(1608[0603])
Added Component: Designator=C12(1608[0603])
Added Component: Designator=C13(1608[0603])
Added Component: Designator=C14(1608[0603])
Added Component: Designator=C15(1608[0603])
Added Component: Designator=C16(1608[0603])
Added Component: Designator=C17(1608[0603])
Added Component: Designator=C18(1608[0603])
Added Component: Designator=L1(2029)
Added Component: Designator=L2(2029)
Added Component: Designator=L3(2029)
Added Component: Designator=R9(2012[0805])
Added Component: Designator=R10(2012[0805])
Added Component: Designator=R11(2012[0805])
Added Component: Designator=R12(2012[0805])
Added Component: Designator=R13(2012[0805])
Added Component: Designator=U3(QFN50P300X300X100-10M)
Added Component: Designator=U5(QFN50P300X300X100-10M)
Added Pin To Net: NetName=GND Pin=C8-1
Added Pin To Net: NetName=GND Pin=C8-2
Added Pin To Net: NetName=GND Pin=C9-1
Added Pin To Net: NetName=NetmircoUsb_3 Pin=C10-1
Added Pin To Net: NetName=GND Pin=C10-2
Added Pin To Net: NetName=-5V Pin=C11-1
Added Pin To Net: NetName=GND Pin=C11-2
Added Pin To Net: NetName=NetmircoUsb_4 Pin=C12-1
Added Pin To Net: NetName=USB_D_N Pin=C12-2
Added Pin To Net: NetName=GND Pin=C13-1
Added Pin To Net: NetName=GND Pin=C13-2
Added Pin To Net: NetName=GND Pin=C14-1
Added Pin To Net: NetName=5V Pin=C14-2
Added Pin To Net: NetName=USB_D_P Pin=C15-1
Added Pin To Net: NetName=GND Pin=C15-2
Added Pin To Net: NetName=GND Pin=C16-2
Added Pin To Net: NetName=GND Pin=C17-1
Added Pin To Net: NetName=-5V Pin=L2-2
Added Pin To Net: NetName=NetmircoUsb_3 Pin=R9-2
Added Pin To Net: NetName=USB_D_P Pin=R10-2
Added Pin To Net: NetName=GND Pin=R11-2
Added Pin To Net: NetName=5V Pin=R12-2
Added Pin To Net: NetName=GND Pin=R13-1
Added Pin To Net: NetName=GND Pin=U3-3
Added Pin To Net: NetName=GND Pin=U3-5
Added Pin To Net: NetName=GND Pin=U3-6
Added Pin To Net: NetName=GND Pin=U3-7
Added Pin To Net: NetName=GND Pin=U3-8
Added Pin To Net: NetName=GND Pin=U3-9
Added Pin To Net: NetName=5V Pin=U5-1
Added Pin To Net: NetName=GND Pin=U5-3
Added Pin To Net: NetName=GND Pin=U5-5
Added Pin To Net: NetName=GND Pin=U5-9
Change Net Name : Old Net Name=NetmircoUsb_3 New Net Name=NetC10_1
Change Net Name : Old Net Name=NetmircoUsb_4 New Net Name=NetC12_1
Change Net Name : Old Net Name=USB_D_N New Net Name=NetC12_2
Change Net Name : Old Net Name=USB_D_P New Net Name=NetC15_1
Added Pin To Net: NetName=3.3V Pin=C9-2
Added Pin To Net: NetName=3.3V Pin=U3-1
Added Pin To Net: NetName=3.3V Pin=U3-10
Added Net: Name=3.3V
Added Pin To Net: NetName=NetC16_1 Pin=C16-1
Added Pin To Net: NetName=NetC16_1 Pin=L2-1
Added Pin To Net: NetName=NetC16_1 Pin=R9-1
Added Pin To Net: NetName=NetC16_1 Pin=R10-1
Added Net: Name=NetC16_1
Added Pin To Net: NetName=NetC17_2 Pin=C17-2
Added Pin To Net: NetName=NetC17_2 Pin=R11-1
Added Pin To Net: NetName=NetC17_2 Pin=U5-6
Added Pin To Net: NetName=NetC17_2 Pin=U5-7
Added Pin To Net: NetName=NetC17_2 Pin=U5-8
Added Net: Name=NetC17_2
Added Pin To Net: NetName=NetC18_1 Pin=C18-1
Added Net: Name=NetC18_1
Added Pin To Net: NetName=NetC18_2 Pin=C18-2
Added Net: Name=NetC18_2
Added Pin To Net: NetName=NetL1_1 Pin=L1-1
Added Pin To Net: NetName=NetL1_1 Pin=U3-4
Added Net: Name=NetL1_1
Added Pin To Net: NetName=NetL1_2 Pin=L1-2
Added Pin To Net: NetName=NetL1_2 Pin=U3-2
Added Net: Name=NetL1_2
Added Pin To Net: NetName=NetL3_1 Pin=L3-1
Added Pin To Net: NetName=NetL3_1 Pin=U5-4
Added Net: Name=NetL3_1
Added Pin To Net: NetName=NetL3_2 Pin=L3-2
Added Pin To Net: NetName=NetL3_2 Pin=U5-2
Added Net: Name=NetL3_2
Added Pin To Net: NetName=NetR12_1 Pin=R12-1
Added Pin To Net: NetName=NetR12_1 Pin=R13-2
Added Pin To Net: NetName=NetR12_1 Pin=U5-10
Added Net: Name=NetR12_1
Added Member To Class: ClassName=POWER Member=Component C8 
Added Member To Class: ClassName=POWER Member=Component C9 
Added Member To Class: ClassName=POWER Member=Component C10 
Added Member To Class: ClassName=POWER Member=Component C11 
Added Member To Class: ClassName=POWER Member=Component C12 
Added Member To Class: ClassName=POWER Member=Component C13 
Added Member To Class: ClassName=POWER Member=Component C14 
Added Member To Class: ClassName=POWER Member=Component C15 
Added Member To Class: ClassName=POWER Member=Component C16 
Added Member To Class: ClassName=POWER Member=Component C17 
Added Member To Class: ClassName=POWER Member=Component C18 
Added Member To Class: ClassName=POWER Member=Component L1 
Added Member To Class: ClassName=POWER Member=Component L2 
Added Member To Class: ClassName=POWER Member=Component L3 
Added Member To Class: ClassName=SIGNAL Member=Component R8 Res3
Added Member To Class: ClassName=POWER Member=Component R9 
Added Member To Class: ClassName=POWER Member=Component R10 
Added Member To Class: ClassName=POWER Member=Component R11 
Added Member To Class: ClassName=POWER Member=Component R12 
Added Member To Class: ClassName=POWER Member=Component R13 
Added Member To Class: ClassName=POWER Member=Component U3 TPS63000
Added Member To Class: ClassName=POWER Member=Component U5 TPS63000
Added Room: Name=mcu
Added Room: Name=POWER
Added Room: Name=SIGNAL
