Removed Pin From Net: NetName=-5V Pin=*3-7
Removed Pin From Net: NetName=5V Pin=5v-2
Removed Pin From Net: NetName=5V Pin=C11-1
Removed Pin From Net: NetName=5V Pin=C15-2
Removed Pin From Net: NetName=-5V Pin=D2-1
Removed Pin From Net: NetName=5V Pin=J1-1
Removed Pin From Net: NetName=5V Pin=R11-2
Removed Pin From Net: NetName=5V Pin=U4-2
Removed Pin From Net: NetName=5V Pin=U5-1
Change Component Designator: OldDesignator=BT? NewDesignator=BT2
Added Component: Designator=P?(HDR1X3)
Added Pin To Net: NetName=-5V Pin=P?-1
Added Pin To Net: NetName=GND Pin=P?-2
Change Net Name : Old Net Name=-5V New Net Name=-5V_1
Change Net Name : Old Net Name=NetC8_2 New Net Name=3.7V_2
Change Net Name : Old Net Name=VIN New Net Name=3.7V_1
Added Net: Name=-2.5V
Added Pin To Net: NetName=-5V Pin=*3-7
Added Pin To Net: NetName=-5V Pin=D2-1
Added Net: Name=-5V
Added Pin To Net: NetName=5V_1 Pin=C15-2
Added Pin To Net: NetName=5V_1 Pin=J1-1
Added Pin To Net: NetName=5V_1 Pin=R11-2
Added Pin To Net: NetName=5V_1 Pin=U5-1
Added Net: Name=5V_1
Added Pin To Net: NetName=5V_3 Pin=5v-2
Added Pin To Net: NetName=5V_3 Pin=C11-1
Added Pin To Net: NetName=5V_3 Pin=U4-2
Added Net: Name=5V_3
Added Pin To Net: NetName=5V_4 Pin=P?-3
Added Net: Name=5V_4
Added Member To Class: ClassName=POWER Member=Component P? Header 3
