Added Component: Designator=*(TQ2-5V)
Added Pin To Net: NetName=ADC_6 Pin=U1-16
Added Net: Name=ADC_6
Added Pin To Net: NetName=ADC_7 Pin=U1-17
Added Net: Name=ADC_7
Added Pin To Net: NetName=ADC_8 Pin=U1-18
Added Net: Name=ADC_8
Added Pin To Net: NetName=ADC_9 Pin=U1-19
Added Net: Name=ADC_9
Added Pin To Net: NetName=COMP2_INM Pin=U1-39
Added Net: Name=COMP2_INM
Added Pin To Net: NetName=COMP2_INP Pin=U1-40
Added Net: Name=COMP2_INP
Added Pin To Net: NetName=DAC_1 Pin=U1-14
Added Net: Name=DAC_1
Added Pin To Net: NetName=DAC_2 Pin=U1-15
Added Net: Name=DAC_2
Added Pin To Net: NetName=OPAMP1_INM Pin=U1-12
Added Net: Name=OPAMP1_INM
Added Pin To Net: NetName=OPAMP1_INP Pin=U1-11
Added Net: Name=OPAMP1_INP
Added Pin To Net: NetName=OPAMP1_OUT Pin=U1-13
Added Net: Name=OPAMP1_OUT
Added Member To Class: ClassName=mcu Member=Component * TQ2-5V
