Removed Member From Class: ClassName=NEW_POWER Member=L3
Change Component Comment : Designator=U3 Old Comment=TPS63000 New Comment=TPS63001
Added Component: Designator=C8(PCBComponent_1)
Added Component: Designator=C9(PCBComponent_1)
Added Component: Designator=C14(PCBComponent_1)
Added Component: Designator=C15(PCBComponent_1)
Added Component: Designator=C16(PCBComponent_1)
Added Pin To Net: NetName=GND Pin=C8-1
Added Pin To Net: NetName=GND Pin=C8-2
Added Pin To Net: NetName=GND Pin=C9-1
Added Pin To Net: NetName=VCC33 Pin=C9-2
Added Pin To Net: NetName=GND Pin=C14-1
Added Pin To Net: NetName=GND Pin=C14-2
Added Pin To Net: NetName=GND Pin=C15-1
Added Pin To Net: NetName=5V Pin=C15-2
Added Pin To Net: NetName=GND Pin=C16-1
Added Pin To Net: NetName=NetC16_2 Pin=C16-2
Added Member To Class: ClassName=POWER Member=Component C8 
Added Member To Class: ClassName=POWER Member=Component C9 
Added Member To Class: ClassName=POWER Member=Component C14 
Added Member To Class: ClassName=POWER Member=Component C15 
Added Member To Class: ClassName=POWER Member=Component C16 
Added Member To Class: ClassName=NEW_POWER Member=Component 
