Removed Pin From Net: NetName=NetmircoUsb_3 Pin=mircoUsb-3
Removed Pin From Net: NetName=NetmircoUsb_4 Pin=mircoUsb-4
Removed Pin From Net: NetName=5V Pin=U18-4
Removed Pin From Net: NetName=-5V Pin=U18-11
Removed Member From Class: ClassName=SIGNAL Member=U18
Change Component Designator: OldDesignator=* NewDesignator=*3
Change Component Designator: OldDesignator=mircoUsb NewDesignator=mircoUsb1
Change Component Designator: OldDesignator=R3 NewDesignator=R4
Change Component Designator: OldDesignator=R4 NewDesignator=R3
Added Component: Designator=BT1(BAT-2)
Added Component: Designator=C8(1608[0603])
Added Component: Designator=C9(1608[0603])
Added Component: Designator=C10(1608[0603])
Added Component: Designator=C11(1608[0603])
Added Component: Designator=C12(1608[0603])
Added Component: Designator=C13(1608[0603])
Added Component: Designator=C14(1608[0603])
Added Component: Designator=C15(1608[0603])
Added Component: Designator=C16(1608[0603])
Added Component: Designator=C17(C0805)
Added Component: Designator=C18(1608[0603])
Added Component: Designator=C19(1608[0603])
Added Component: Designator=C20(1608[0603])
Added Component: Designator=C21(1608[0603])
Added Component: Designator=D3(DO-204AL)
Added Component: Designator=D4(DO-41)
Added Component: Designator=D5(DO-41)
Added Component: Designator=L1(2029)
Added Component: Designator=L2(2029)
Added Component: Designator=L3(2029)
Added Component: Designator=L4(0402-A)
Added Component: Designator=R9(2012[0805])
Added Component: Designator=R10(2012[0805])
Added Component: Designator=R11(2012[0805])
Added Component: Designator=R12(2012[0805])
Added Component: Designator=R13(6-0805)
Added Component: Designator=R14(6-0805)
Added Component: Designator=R15(6-0805)
Added Component: Designator=TP5400(SOP127P600X175-8N)
Added Component: Designator=U3(QFN50P300X300X95-10M)
Added Component: Designator=U4(SOT95P280X110-5N)
Added Component: Designator=U5(QFN50P300X300X95-10M)
Added Pin To Net: NetName=GND Pin=BT1-2
Added Pin To Net: NetName=GND Pin=C8-1
Added Pin To Net: NetName=GND Pin=C8-2
Added Pin To Net: NetName=GND Pin=C9-1
Added Pin To Net: NetName=VCC33 Pin=C9-2
Added Pin To Net: NetName=NetmircoUsb_3 Pin=C10-1
Added Pin To Net: NetName=GND Pin=C10-2
Added Pin To Net: NetName=NetmircoUsb_4 Pin=C11-1
Added Pin To Net: NetName=GND Pin=C11-2
Added Pin To Net: NetName=-5V Pin=C12-1
Added Pin To Net: NetName=GND Pin=C12-2
Added Pin To Net: NetName=USB_D_N Pin=C13-1
Added Pin To Net: NetName=USB_D_P Pin=C13-2
Added Pin To Net: NetName=GND Pin=C14-1
Added Pin To Net: NetName=GND Pin=C14-2
Added Pin To Net: NetName=GND Pin=C15-1
Added Pin To Net: NetName=5V Pin=C15-2
Added Pin To Net: NetName=GND Pin=C16-1
Added Pin To Net: NetName=GND Pin=C17-2
Added Pin To Net: NetName=GND Pin=C18-1
Added Pin To Net: NetName=GND Pin=C19-1
Added Pin To Net: NetName=GND Pin=C20-1
Added Pin To Net: NetName=GND Pin=C21-1
Added Pin To Net: NetName=NetmircoUsb_4 Pin=L2-1
Added Pin To Net: NetName=-5V Pin=L2-2
Added Pin To Net: NetName=NetmircoUsb_4 Pin=R9-1
Added Pin To Net: NetName=NetmircoUsb_3 Pin=R9-2
Added Pin To Net: NetName=GND Pin=R10-2
Added Pin To Net: NetName=5V Pin=R11-2
Added Pin To Net: NetName=GND Pin=R12-1
Added Pin To Net: NetName=5V Pin=R13-1
Added Pin To Net: NetName=GND Pin=R15-2
Added Pin To Net: NetName=GND Pin=TP5400-7
Added Pin To Net: NetName=VCC33 Pin=U3-1
Added Pin To Net: NetName=GND Pin=U3-3
Added Pin To Net: NetName=GND Pin=U3-5
Added Pin To Net: NetName=GND Pin=U3-6
Added Pin To Net: NetName=GND Pin=U3-7
Added Pin To Net: NetName=GND Pin=U3-8
Added Pin To Net: NetName=GND Pin=U3-9
Added Pin To Net: NetName=VCC33 Pin=U3-10
Added Pin To Net: NetName=NetmircoUsb_3 Pin=U4-1
Added Pin To Net: NetName=5V Pin=U4-2
Added Pin To Net: NetName=USB_D_P Pin=U4-3
Added Pin To Net: NetName=GND Pin=U4-4
Added Pin To Net: NetName=USB_D_N Pin=U4-5
Added Pin To Net: NetName=5V Pin=U5-1
Added Pin To Net: NetName=GND Pin=U5-3
Added Pin To Net: NetName=GND Pin=U5-5
Added Pin To Net: NetName=GND Pin=U5-9
Change Net Name : Old Net Name=NetmircoUsb_3 New Net Name=NetC10_1
Change Net Name : Old Net Name=NetmircoUsb_4 New Net Name=NetC11_1
Change Net Name : Old Net Name=USB_D_N New Net Name=NetC13_1
Change Net Name : Old Net Name=USB_D_P New Net Name=NetC13_2
Added Pin To Net: NetName=IOUT Pin=C17-1
Added Pin To Net: NetName=IOUT Pin=C19-2
Added Pin To Net: NetName=IOUT Pin=D3-2
Added Pin To Net: NetName=IOUT Pin=TP5400-1
Added Net: Name=IOUT
Added Pin To Net: NetName=NetBT1_1 Pin=BT1-1
Added Pin To Net: NetName=NetBT1_1 Pin=C20-2
Added Pin To Net: NetName=NetBT1_1 Pin=C21-2
Added Pin To Net: NetName=NetBT1_1 Pin=L4-1
Added Pin To Net: NetName=NetBT1_1 Pin=TP5400-6
Added Net: Name=NetBT1_1
Added Pin To Net: NetName=NetC16_2 Pin=C16-2
Added Pin To Net: NetName=NetC16_2 Pin=R10-1
Added Pin To Net: NetName=NetC16_2 Pin=U5-6
Added Pin To Net: NetName=NetC16_2 Pin=U5-7
Added Pin To Net: NetName=NetC16_2 Pin=U5-8
Added Net: Name=NetC16_2
Added Pin To Net: NetName=NetC18_2 Pin=C18-2
Added Pin To Net: NetName=NetC18_2 Pin=R13-2
Added Pin To Net: NetName=NetC18_2 Pin=R14-1
Added Pin To Net: NetName=NetC18_2 Pin=TP5400-5
Added Net: Name=NetC18_2
Added Pin To Net: NetName=NetD3_1 Pin=D3-1
Added Pin To Net: NetName=NetD3_1 Pin=L4-2
Added Pin To Net: NetName=NetD3_1 Pin=TP5400-8
Added Net: Name=NetD3_1
Added Pin To Net: NetName=NetD4_1 Pin=D4-1
Added Pin To Net: NetName=NetD4_1 Pin=D5-1
Added Pin To Net: NetName=NetD4_1 Pin=R14-2
Added Net: Name=NetD4_1
Added Pin To Net: NetName=NetD4_2 Pin=D4-2
Added Pin To Net: NetName=NetD4_2 Pin=TP5400-4
Added Net: Name=NetD4_2
Added Pin To Net: NetName=NetD5_2 Pin=D5-2
Added Pin To Net: NetName=NetD5_2 Pin=TP5400-2
Added Net: Name=NetD5_2
Added Pin To Net: NetName=NetL1_1 Pin=L1-1
Added Pin To Net: NetName=NetL1_1 Pin=U3-4
Added Net: Name=NetL1_1
Added Pin To Net: NetName=NetL1_2 Pin=L1-2
Added Pin To Net: NetName=NetL1_2 Pin=U3-2
Added Net: Name=NetL1_2
Added Pin To Net: NetName=NetL3_1 Pin=L3-1
Added Pin To Net: NetName=NetL3_1 Pin=U5-4
Added Net: Name=NetL3_1
Added Pin To Net: NetName=NetL3_2 Pin=L3-2
Added Pin To Net: NetName=NetL3_2 Pin=U5-2
Added Net: Name=NetL3_2
Added Pin To Net: NetName=NetR11_1 Pin=R11-1
Added Pin To Net: NetName=NetR11_1 Pin=R12-2
Added Pin To Net: NetName=NetR11_1 Pin=U5-10
Added Net: Name=NetR11_1
Added Pin To Net: NetName=NetR15_1 Pin=R15-1
Added Pin To Net: NetName=NetR15_1 Pin=TP5400-3
Added Net: Name=NetR15_1
Added Class: Name=NEW_POWER
Added Member To Class: ClassName=POWER Member=Component C8 
Added Member To Class: ClassName=POWER Member=Component C9 
Added Member To Class: ClassName=POWER Member=Component C10 
Added Member To Class: ClassName=POWER Member=Component C11 
Added Member To Class: ClassName=POWER Member=Component C12 
Added Member To Class: ClassName=POWER Member=Component C13 
Added Member To Class: ClassName=POWER Member=Component C14 
Added Member To Class: ClassName=POWER Member=Component C15 
Added Member To Class: ClassName=POWER Member=Component C16 
Added Member To Class: ClassName=POWER Member=Component L1 
Added Member To Class: ClassName=POWER Member=Component L2 
Added Member To Class: ClassName=POWER Member=Component L3 
Added Member To Class: ClassName=SIGNAL Member=Component R8 Res3
Added Member To Class: ClassName=POWER Member=Component R9 
Added Member To Class: ClassName=POWER Member=Component R10 
Added Member To Class: ClassName=POWER Member=Component R11 
Added Member To Class: ClassName=POWER Member=Component R12 
Added Member To Class: ClassName=POWER Member=Component U3 TPS63000
Added Member To Class: ClassName=POWER Member=Component U4 TPS60403
Added Member To Class: ClassName=POWER Member=Component U5 TPS63000
Added Room: Name=mcu
Added Room: Name=NEW_POWER
Added Room: Name=POWER
Added Room: Name=SIGNAL
