Removed Member From Class: ClassName=NEW_POWER Member=Power1
Added Component: Designator=U3(QFN50P300X300X95-10M)
Added Component: Designator=U5(QFN50P300X300X95-10M)
Added Pin To Net: NetName=VCC33 Pin=U3-1
Added Pin To Net: NetName=NetL1_2 Pin=U3-2
Added Pin To Net: NetName=GND Pin=U3-3
Added Pin To Net: NetName=NetL1_1 Pin=U3-4
Added Pin To Net: NetName=NetC8_2 Pin=U3-5
Added Pin To Net: NetName=NetC8_2 Pin=U3-6
Added Pin To Net: NetName=NetC8_2 Pin=U3-7
Added Pin To Net: NetName=NetC8_2 Pin=U3-8
Added Pin To Net: NetName=GND Pin=U3-9
Added Pin To Net: NetName=VCC33 Pin=U3-10
Added Pin To Net: NetName=5V Pin=U5-1
Added Pin To Net: NetName=NetL3_2 Pin=U5-2
Added Pin To Net: NetName=GND Pin=U5-3
Added Pin To Net: NetName=NetL3_1 Pin=U5-4
Added Pin To Net: NetName=VIN Pin=U5-5
Added Pin To Net: NetName=NetC16_2 Pin=U5-6
Added Pin To Net: NetName=NetC16_2 Pin=U5-7
Added Pin To Net: NetName=NetC16_2 Pin=U5-8
Added Pin To Net: NetName=GND Pin=U5-9
Added Pin To Net: NetName=NetR11_1 Pin=U5-10
Added Member To Class: ClassName=NEW_POWER Member=Component 
Added Member To Class: ClassName=POWER Member=Component U3 TPS63001
Added Member To Class: ClassName=POWER Member=Component U5 TPS63000
