Removed Pin From Net: NetName=5V Pin=J4-2
Removed Pin From Net: NetName=5V_IN Pin=mircoUsb1-5
Removed Pin From Net: NetName=5V Pin=R13-1
Removed Member From Class: ClassName=POWER Member=C8
Removed Member From Class: ClassName=POWER Member=C9
Removed Member From Class: ClassName=POWER Member=C10
Removed Member From Class: ClassName=POWER Member=C11
Removed Member From Class: ClassName=mcu Member=C12
Removed Member From Class: ClassName=mcu Member=C22
Removed Member From Class: ClassName=mcu Member=C23
Removed Member From Class: ClassName=mcu Member=C24
Removed Member From Class: ClassName=POWER Member=U5
Removed Member From Class: ClassName=mcu Member=U6
Added Pin To Net: NetName=5V_IN Pin=J4-2
Added Pin To Net: NetName=5V Pin=mircoUsb1-5
Added Pin To Net: NetName=5V_IN Pin=R13-1
Change Net Name : Old Net Name=5V New Net Name=5V_IN
Change Net Name : Old Net Name=5V_IN New Net Name=5V
Added Member To Class: ClassName=mcu Member=Component C8 Cap Pol2
Added Member To Class: ClassName=mcu Member=Component C9 Cap Pol2
Added Member To Class: ClassName=mcu Member=Component C10 Cap
Added Member To Class: ClassName=mcu Member=Component C11 Cap
Added Member To Class: ClassName=mcu Member=Component U5 LM1117-3.3
Added Room: Name=mcu
Added Room: Name=NEW_POWER
Added Room: Name=POWER
Added Room: Name=SIGNAL
